[22:40:50] ██████████████████████████████████████████████████████████████████████████████
[22:40:50] DERİN İZLEME — Real bot vs Bot 131 (kontrol)
[22:40:50] ██████████████████████████████████████████████████████████████████████████████
[22:40:50] Bot config'leri yükleniyor...
[22:40:51]   Bot 131 (Konservatif): order=$3 lw=$50 max=10 imb=1000 avgcap=1.05
[22:40:52]   Bot 132 (Agresif): order=$10 lw=$200 max=30 imb=1000 avgcap=1.05
[22:40:53]   Bot 134 (LOW_IMB): order=$5 lw=$100 max=20 imb=300 avgcap=1.05
[22:40:53] 
[22:40:53] Bug kriterleri (9): LW MISS, WRONG DIR, AVG_SUM>1.25, MEGA SHOT>$5k,
[22:40:53]                     LATE FIRST(60s+), SCOOP MISS, VOLUME LOW(<%10),
[22:40:53]                     COOLDOWN VIOLATION, ARB_MULT MISMATCH(>%50)
[22:40:53] 
[22:40:53] 
──────────────────────────────────────────────────────────────────────────────
┃ İterasyon #1 @ 22:40:53
[22:40:55]   6 yeni market: btc-updown-5m-1778614500, btc-updown-5m-1778614200, btc-updown-5m-1778613900, btc-updown-5m-1778613600, btc-updown-5m-1778613300, btc-updown-5m-1778613000
[22:40:58] 
══════════════════════════════════════════════════════════════════════════════
[22:40:58]    MARKET: btc-updown-5m-1778614500  (1778614500 → 1778614800)
[22:40:58] ══════════════════════════════════════════════════════════════════════════════
[22:40:58] 
 REAL BOT: 128 fill → 56 distinct emir (TAKER 35 + MAKER 21)
[22:40:58]   Total: $2451, 5575 sh, fiyat $0.03-$0.97
[22:40:58]   Window: T-295 → T-20, dir=UP
[22:40:58]   LW emir: 18, $2025
[22:40:58]   Scoop emir: 22, $156
[22:40:58] 
[22:40:58]  Bot 131 (Konservatif):
[22:40:58]    PARAMS: order=$3 lw_usdc=$50 lw_max=10 imb_thr=1000 first_spread=0.02
[22:40:58]    Sizes: ls=$8 mid=$12 hi=$20 scoop=$5@0.30 cd=3000ms
[22:40:58]    DISTINCT SHOTS: 55, $1007, UP 1959sh@$0.122=2.20x DN 890sh@$0.863
[22:40:58]    avg_sum=0.985, max_shot=$80, max_p=0.94, LW#14 Scoop#23
[22:40:58]    Window: T-295 → T-12
[22:40:58]    ━━ UYUM (Real vs Bot 131) ━━
[22:40:58]      Distinct emir: 56 vs 55 (98%)
[22:40:58]      Total USDC: $2451 vs $1007 (41%)
[22:40:58]      LW shot: 18 vs 14 (78%)
[22:40:58]      Scoop shot: 22 vs 23 (105%)
[22:40:58]  Bot 132 (Agresif):
[22:40:58]    PARAMS: order=$10 lw_usdc=$200 lw_max=30 imb_thr=1000 first_spread=0.02
[22:40:58]    Sizes: ls=$25 mid=$40 hi=$60 scoop=$20@0.30 cd=2000ms
[22:40:58]    DISTINCT SHOTS: 77, $9686, UP 10594sh@$0.108=1.14x DN 9282sh@$0.921
[22:40:58]    avg_sum=1.028, max_shot=$401, max_p=0.95, LW#30 Scoop#27
[22:40:58]    Window: T-292 → T-88
[22:40:58]  Bot 134 (LOW_IMB):
[22:40:58]    PARAMS: order=$5 lw_usdc=$100 lw_max=20 imb_thr=300 first_spread=0.02
[22:40:58]    Sizes: ls=$15 mid=$23 hi=$37 scoop=$10@0.30 cd=2000ms
[22:40:58]    DISTINCT SHOTS: 8, $329, UP 494sh@$0.469=2.98x DN 166sh@$0.585
[22:40:58]    avg_sum=1.053, max_shot=$132, max_p=0.66, LW#0 Scoop#0
[22:40:58]    Window: T-288 → T-256
[22:40:58] 
  TIMELINE (Real distinct emir vs Bot 131 distinct shot, ilk 12):
[22:40:58]   idx R T-X REAL                         | O T-X OUR                      
[22:40:58]     1 T-295 $0.50 $7 14sh [TAKER]        | T-295 DOWN $0.47 $12           
[22:40:58]     2 T-295 $0.50 $13 26sh [MAKER(5fill)] | T-289 DOWN $0.42 $11           
[22:40:58]     3 T-290 $0.55 $23 40sh [TAKER]       | T-282 UP $0.55 $24             
[22:40:58]     4 T-290 $0.55 $23 40sh [TAKER]       | T-279 UP $0.54 $12             
[22:40:58]     5 T-286 $0.55 $23 41sh [TAKER]       | T-276 UP $0.53 $12             
[22:40:58]     6 T-286 $0.59 $21 35sh [TAKER]       | T-275 UP $0.48 $24             
[22:40:58]     7 T-286 $0.59 $3 6sh [MAKER(1fill)]  | T-262 DOWN $0.64 $40           
[22:40:58]     8 T-285 $0.59 $25 42sh [TAKER]       | T-261 UP $0.38 $5              
[22:40:58]     9 T-285 $0.59 $25 42sh [TAKER]       | T-258 UP $0.32 $5              
[22:40:58]    10 T-285 $0.58 $26 43sh [TAKER]       | T-254 UP $0.25 $5              
[22:40:58]    11 T-285 $0.58 $25 42sh [TAKER]       | T-246 UP $0.20 $5              
[22:40:58]    12 T-279 $0.42 $17 41sh [MAKER(3fill)] | T-233 DOWN $0.88 $20           
[22:41:02] 
══════════════════════════════════════════════════════════════════════════════
[22:41:02]    MARKET: btc-updown-5m-1778614200  (1778614200 → 1778614500)
[22:41:02] ══════════════════════════════════════════════════════════════════════════════
[22:41:02] 
 REAL BOT: 12 fill → 10 distinct emir (TAKER 0 + MAKER 10)
[22:41:02]   Total: $61, 62 sh, fiyat $0.99-$0.99
[22:41:02]   Window: T-21 → T--43, dir=UP
[22:41:02]   LW emir: 10, $61
[22:41:02]   Scoop emir: 0, $0
[22:41:02] 
[22:41:02]  Bot 131 (Konservatif):
[22:41:02]    PARAMS: order=$3 lw_usdc=$50 lw_max=10 imb_thr=1000 first_spread=0.02
[22:41:02]    Sizes: ls=$8 mid=$12 hi=$20 scoop=$5@0.30 cd=3000ms
[22:41:02]    DISTINCT SHOTS: 35, $1231, UP 1275sh@$0.888=1.49x DN 856sh@$0.115
[22:41:02]    avg_sum=1.003, max_shot=$101, max_p=0.95, LW#11 Scoop#10
[22:41:02]    Window: T-298 → T-89
[22:41:02]    ━━ UYUM (Real vs Bot 131) ━━
[22:41:02]      Distinct emir: 10 vs 35 (350%)
[22:41:02]      Total USDC: $61 vs $1231 (2008%)
[22:41:02]      LW shot: 10 vs 11 (110%)
[22:41:02]      Scoop shot: 0 vs 10 (0%)
[22:41:02]  Bot 132 (Agresif):
[22:41:02]    PARAMS: order=$10 lw_usdc=$200 lw_max=30 imb_thr=1000 first_spread=0.02
[22:41:02]    Sizes: ls=$25 mid=$40 hi=$60 scoop=$20@0.30 cd=2000ms
[22:41:02]    DISTINCT SHOTS: 72, $13516, UP 13920sh@$0.918=2.32x DN 6012sh@$0.124
[22:41:02]    avg_sum=1.041, max_shot=$401, max_p=0.95, LW#31 Scoop#19
[22:41:02]    Window: T-297 → T-88
[22:41:02]  Bot 134 (LOW_IMB):
[22:41:02]    PARAMS: order=$5 lw_usdc=$100 lw_max=20 imb_thr=300 first_spread=0.02
[22:41:02]    Sizes: ls=$15 mid=$23 hi=$37 scoop=$10@0.30 cd=2000ms
[22:41:02]    DISTINCT SHOTS: 68, $4906, UP 4926sh@$0.903=1.25x DN 3927sh@$0.117
[22:41:02]    avg_sum=1.020, max_shot=$259, max_p=0.95, LW#21 Scoop#24
[22:41:02]    Window: T-297 → T-89
[22:41:02] 
  TIMELINE (Real distinct emir vs Bot 131 distinct shot, ilk 12):
[22:41:02]   idx R T-X REAL                         | O T-X OUR                      
[22:41:02]     1  T-21 $0.99 $9 9sh [MAKER(2fill)]  | T-298 DOWN $0.51 $12           
[22:41:02]     2  T-13 $0.99 $0 0sh [MAKER(1fill)]  | T-295 DOWN $0.37 $5            
[22:41:02]     3   T-6 $0.99 $13 13sh [MAKER(1fill)] | T-278 UP $0.57 $36             
[22:41:02]     4   T-0 $0.99 $2 2sh [MAKER(1fill)]  | T-267 DOWN $0.32 $5            
[22:41:02]     5  T--8 $0.99 $10 10sh [MAKER(1fill)] | T-264 DOWN $0.31 $5            
[22:41:02]     6 T--12 $0.99 $6 6sh [MAKER(2fill)]  | T-242 UP $0.80 $80             
[22:41:02]     7 T--17 $0.99 $9 9sh [MAKER(1fill)]  | T-238 DOWN $0.21 $5            
[22:41:02]     8 T--21 $0.99 $2 2sh [MAKER(1fill)]  | T-233 DOWN $0.19 $5            
[22:41:02]     9 T--26 $0.99 $9 9sh [MAKER(1fill)]  | T-229 UP $0.75 $59             
[22:41:02]    10 T--43 $0.99 $1 1sh [MAKER(1fill)]  | T-227 UP $0.69 $20             
[22:41:02]    11     - -                            | T-222 UP $0.68 $20             
[22:41:02]    12     - -                            | T-196 UP $0.78 $20             
[22:41:06] 
══════════════════════════════════════════════════════════════════════════════
[22:41:06]    MARKET: btc-updown-5m-1778613900  (1778613900 → 1778614200)
[22:41:06] ══════════════════════════════════════════════════════════════════════════════
[22:41:06] 
 REAL BOT: trade verisi yok
[22:41:06] 
[22:41:06]  Bot 131 (Konservatif):
[22:41:06]    PARAMS: order=$3 lw_usdc=$50 lw_max=10 imb_thr=1000 first_spread=0.02
[22:41:06]    Sizes: ls=$8 mid=$12 hi=$20 scoop=$5@0.30 cd=3000ms
[22:41:06]    DISTINCT SHOTS: 31, $834, UP 571sh@$0.402=0.60x DN 946sh@$0.639
[22:41:06]    avg_sum=1.041, max_shot=$135, max_p=0.93, LW#4 Scoop#3
[22:41:06]    Window: T-290 → T-34
[22:41:06]  Bot 132 (Agresif):
[22:41:06]    PARAMS: order=$10 lw_usdc=$200 lw_max=30 imb_thr=1000 first_spread=0.02
[22:41:06]    Sizes: ls=$25 mid=$40 hi=$60 scoop=$20@0.30 cd=2000ms
[22:41:06]    DISTINCT SHOTS: 70, $14301, UP 3831sh@$0.318=0.25x DN 15225sh@$0.859
[22:41:06]    avg_sum=1.177, max_shot=$801, max_p=0.95, LW#32 Scoop#7
[22:41:06]    Window: T-296 → T-33
[22:41:06]  Bot 134 (LOW_IMB):
[22:41:06]    PARAMS: order=$5 lw_usdc=$100 lw_max=20 imb_thr=300 first_spread=0.02
[22:41:06]    Sizes: ls=$15 mid=$23 hi=$37 scoop=$10@0.30 cd=2000ms
[22:41:06]    DISTINCT SHOTS: 68, $4677, UP 3016sh@$0.222=0.61x DN 4928sh@$0.813
[22:41:06]    avg_sum=1.035, max_shot=$401, max_p=0.95, LW#21 Scoop#19
[22:41:06]    Window: T-296 → T-31
[22:41:10] 
══════════════════════════════════════════════════════════════════════════════
[22:41:10]    MARKET: btc-updown-5m-1778613600  (1778613600 → 1778613900)
[22:41:10] ══════════════════════════════════════════════════════════════════════════════
[22:41:10] 
 REAL BOT: trade verisi yok
[22:41:10] 
[22:41:10]  Bot 131 (Konservatif):
[22:41:10]    PARAMS: order=$3 lw_usdc=$50 lw_max=10 imb_thr=1000 first_spread=0.02
[22:41:10]    Sizes: ls=$8 mid=$12 hi=$20 scoop=$5@0.30 cd=3000ms
[22:41:10]    DISTINCT SHOTS: 47, $1530, UP 1453sh@$0.387=1.25x DN 1161sh@$0.834
[22:41:10]    avg_sum=1.220, max_shot=$200, max_p=0.95, LW#11 Scoop#8
[22:41:10]    Window: T-299 → T-7
[22:41:10]  Bot 132 (Agresif):
[22:41:10]    PARAMS: order=$10 lw_usdc=$200 lw_max=30 imb_thr=1000 first_spread=0.02
[22:41:10]    Sizes: ls=$25 mid=$40 hi=$60 scoop=$20@0.30 cd=2000ms
[22:41:10]    DISTINCT SHOTS: 40, $3809, UP 4205sh@$0.438=1.33x DN 3155sh@$0.623
[22:41:10]    avg_sum=1.061, max_shot=$426, max_p=0.95, LW#3 Scoop#4
[22:41:10]    Window: T-298 → T-30
[22:41:10]  Bot 134 (LOW_IMB):
[22:41:10]    PARAMS: order=$5 lw_usdc=$100 lw_max=20 imb_thr=300 first_spread=0.02
[22:41:10]    Sizes: ls=$15 mid=$23 hi=$37 scoop=$10@0.30 cd=2000ms
[22:41:10]    DISTINCT SHOTS: 44, $2604, UP 2683sh@$0.404=1.07x DN 2509sh@$0.606
[22:41:10]    avg_sum=1.010, max_shot=$323, max_p=0.95, LW#3 Scoop#8
[22:41:10]    Window: T-292 → T-6
[22:41:13] 
══════════════════════════════════════════════════════════════════════════════
[22:41:13]    MARKET: btc-updown-5m-1778613300  (1778613300 → 1778613600)
[22:41:13] ══════════════════════════════════════════════════════════════════════════════
[22:41:13] 
 REAL BOT: trade verisi yok
[22:41:13] 
[22:41:13]  Bot 131 (Konservatif):
[22:41:13]    PARAMS: order=$3 lw_usdc=$50 lw_max=10 imb_thr=1000 first_spread=0.02
[22:41:13]    Sizes: ls=$8 mid=$12 hi=$20 scoop=$5@0.30 cd=3000ms
[22:41:13]    DISTINCT SHOTS: 45, $957, UP 1023sh@$0.325=1.42x DN 722sh@$0.865
[22:41:13]    avg_sum=1.190, max_shot=$59, max_p=0.93, LW#13 Scoop#5
[22:41:13]    Window: T-297 → T-62
[22:41:13]  Bot 132 (Agresif):
[22:41:13]    PARAMS: order=$10 lw_usdc=$200 lw_max=30 imb_thr=1000 first_spread=0.02
[22:41:13]    Sizes: ls=$25 mid=$40 hi=$60 scoop=$20@0.30 cd=2000ms
[22:41:13]    DISTINCT SHOTS: 63, $7647, UP 4190sh@$0.216=0.55x DN 7612sh@$0.886
[22:41:13]    avg_sum=1.102, max_shot=$272, max_p=0.94, LW#34 Scoop#7
[22:41:13]    Window: T-297 → T-8
[22:41:13]  Bot 134 (LOW_IMB):
[22:41:13]    PARAMS: order=$5 lw_usdc=$100 lw_max=20 imb_thr=300 first_spread=0.02
[22:41:13]    Sizes: ls=$15 mid=$23 hi=$37 scoop=$10@0.30 cd=2000ms
[22:41:13]    DISTINCT SHOTS: 10, $488, UP 689sh@$0.529=2.70x DN 255sh@$0.486
[22:41:13]    avg_sum=1.015, max_shot=$134, max_p=0.62, LW#0 Scoop#0
[22:41:13]    Window: T-295 → T-198
[22:41:17] 
══════════════════════════════════════════════════════════════════════════════
[22:41:17]    MARKET: btc-updown-5m-1778613000  (1778613000 → 1778613300)
[22:41:17] ══════════════════════════════════════════════════════════════════════════════
[22:41:17] 
 REAL BOT: trade verisi yok
[22:41:17] 
[22:41:17]  Bot 131 (Konservatif):
[22:41:17]    PARAMS: order=$3 lw_usdc=$50 lw_max=10 imb_thr=1000 first_spread=0.02
[22:41:17]    Sizes: ls=$8 mid=$12 hi=$20 scoop=$5@0.30 cd=3000ms
[22:41:17]    DISTINCT SHOTS: 41, $834, UP 765sh@$0.884=0.82x DN 935sh@$0.168
[22:41:17]    avg_sum=1.053, max_shot=$101, max_p=0.94, LW#10 Scoop#8
[22:41:17]    Window: T-295 → T-73
[22:41:17]  Bot 132 (Agresif):
[22:41:17]    PARAMS: order=$10 lw_usdc=$200 lw_max=30 imb_thr=1000 first_spread=0.02
[22:41:17]    Sizes: ls=$25 mid=$40 hi=$60 scoop=$20@0.30 cd=2000ms
[22:41:17]    DISTINCT SHOTS: 63, $7566, UP 7503sh@$0.915=1.66x DN 4532sh@$0.154
[22:41:17]    avg_sum=1.069, max_shot=$401, max_p=0.95, LW#31 Scoop#9
[22:41:17]    Window: T-295 → T-74
[22:41:17]  Bot 134 (LOW_IMB):
[22:41:17]    PARAMS: order=$5 lw_usdc=$100 lw_max=20 imb_thr=300 first_spread=0.02
[22:41:17]    Sizes: ls=$15 mid=$23 hi=$37 scoop=$10@0.30 cd=2000ms
[22:41:17]    DISTINCT SHOTS: 39, $2352, UP 2261sh@$0.933=1.14x DN 1984sh@$0.123
[22:41:17]    avg_sum=1.055, max_shot=$200, max_p=0.95, LW#20 Scoop#12
[22:41:17]    Window: T-295 → T-74
[22:42:02] 
──────────────────────────────────────────────────────────────────────────────
┃ İterasyon #2 @ 22:42:02
[22:42:04]   Yeni biten yok (6 izlenmiş)
[22:42:49] 
──────────────────────────────────────────────────────────────────────────────
┃ İterasyon #3 @ 22:42:49
[22:42:50]   Yeni biten yok (6 izlenmiş)
[22:43:35] 
──────────────────────────────────────────────────────────────────────────────
┃ İterasyon #4 @ 22:43:35
[22:43:36]   Yeni biten yok (6 izlenmiş)
[22:44:21] 
──────────────────────────────────────────────────────────────────────────────
┃ İterasyon #5 @ 22:44:21
[22:44:24]   Yeni biten yok (6 izlenmiş)
[22:45:09] 
──────────────────────────────────────────────────────────────────────────────
┃ İterasyon #6 @ 22:45:09
[22:45:10]   1 yeni market: btc-updown-5m-1778614800
[22:45:14] 
══════════════════════════════════════════════════════════════════════════════
[22:45:14]    MARKET: btc-updown-5m-1778614800  (1778614800 → 1778615100)
[22:45:14] ══════════════════════════════════════════════════════════════════════════════
[22:45:14] 
 REAL BOT: 61 fill → 30 distinct emir (TAKER 21 + MAKER 9)
[22:45:14]   Total: $563, 1493 sh, fiyat $0.12-$0.84
[22:45:14]   Window: T-296 → T-88, dir=?
[22:45:14]   LW emir: 0, $0
[22:45:14]   Scoop emir: 2, $21
[22:45:14] 
[22:45:14]  Bot 131 (Konservatif):
[22:45:14]    PARAMS: order=$3 lw_usdc=$50 lw_max=10 imb_thr=1000 first_spread=0.02
[22:45:14]    Sizes: ls=$8 mid=$12 hi=$20 scoop=$5@0.30 cd=3000ms
[22:45:14]    DISTINCT SHOTS: 15, $445, UP 179sh@$0.445=0.28x DN 631sh@$0.580
[22:45:14]    avg_sum=1.025, max_shot=$71, max_p=0.83, LW#0 Scoop#0
[22:45:14]    Window: T-295 → T-115
[22:45:14]    ━━ UYUM (Real vs Bot 131) ━━
[22:45:14]      Distinct emir: 30 vs 15 (50%)
[22:45:14]      Total USDC: $563 vs $445 (79%)
[22:45:14]      LW shot: 0 vs 0 (0%)
[22:45:14]      Scoop shot: 2 vs 0 (0%)
[22:45:14]  Bot 132 (Agresif):
[22:45:14]    PARAMS: order=$10 lw_usdc=$200 lw_max=30 imb_thr=1000 first_spread=0.02
[22:45:14]    Sizes: ls=$25 mid=$40 hi=$60 scoop=$20@0.30 cd=2000ms
[22:45:14]    DISTINCT SHOTS: 54, $11120, UP 1860sh@$0.379=0.16x DN 11834sh@$0.880
[22:45:14]    avg_sum=1.259, max_shot=$401, max_p=0.95, LW#30 Scoop#1
[22:45:14]    Window: T-295 → T-86
[22:45:14]  Bot 134 (LOW_IMB):
[22:45:14]    PARAMS: order=$5 lw_usdc=$100 lw_max=20 imb_thr=300 first_spread=0.02
[22:45:14]    Sizes: ls=$15 mid=$23 hi=$37 scoop=$10@0.30 cd=2000ms
[22:45:14]    DISTINCT SHOTS: 21, $1116, UP 1216sh@$0.359=1.09x DN 1116sh@$0.609
[22:45:14]    avg_sum=0.968, max_shot=$161, max_p=0.83, LW#0 Scoop#2
[22:45:14]    Window: T-280 → T-85
[22:45:14] 
  TIMELINE (Real distinct emir vs Bot 131 distinct shot, ilk 12):
[22:45:14]   idx R T-X REAL                         | O T-X OUR                      
[22:45:14]     1 T-296 $0.52 $21 40sh [TAKER]       | T-295 DOWN $0.51 $12           
[22:45:14]     2 T-273 $0.54 $22 40sh [MAKER(2fill)] | T-279 DOWN $0.49 $71           
[22:45:14]     3 T-270 $0.57 $24 41sh [TAKER]       | T-265 UP $0.51 $23             
[22:45:14]     4 T-243 $0.46 $3 6sh [MAKER(2fill)]  | T-259 DOWN $0.45 $12           
[22:45:14]     5 T-233 $0.53 $21 40sh [MAKER(1fill)] | T-257 DOWN $0.40 $48           
[22:45:14]     6 T-231 $0.45 $11 25sh [MAKER(4fill)] | T-250 UP $0.60 $24             
[22:45:14]     7 T-226 $0.42 $17 41sh [MAKER(9fill)] | T-243 UP $0.47 $22             
[22:45:14]     8 T-226 $0.43 $18 41sh [MAKER(7fill)] | T-235 DOWN $0.59 $12           
[22:45:14]     9 T-212 $0.40 $17 41sh [TAKER]       | T-234 DOWN $0.55 $12           
[22:45:14]    10 T-210 $0.42 $18 41sh [TAKER]       | T-211 DOWN $0.59 $59           
[22:45:14]    11 T-201 $0.57 $25 42sh [TAKER]       | T-152 DOWN $0.80 $40           
[22:45:14]    12 T-201 $0.58 $25 42sh [TAKER]       | T-147 UP $0.23 $5              
[22:45:59] 
──────────────────────────────────────────────────────────────────────────────
┃ İterasyon #7 @ 22:45:59
[22:46:02]   Yeni biten yok (7 izlenmiş)
[22:46:47] 
──────────────────────────────────────────────────────────────────────────────
┃ İterasyon #8 @ 22:46:47
[22:46:48]   Yeni biten yok (7 izlenmiş)
[22:47:33] 
──────────────────────────────────────────────────────────────────────────────
┃ İterasyon #9 @ 22:47:33
[22:47:35]   Yeni biten yok (7 izlenmiş)
[22:48:20] 
──────────────────────────────────────────────────────────────────────────────
┃ İterasyon #10 @ 22:48:20
[22:48:21]   Yeni biten yok (7 izlenmiş)
[22:49:06] 
──────────────────────────────────────────────────────────────────────────────
┃ İterasyon #11 @ 22:49:06
[22:49:08]   Yeni biten yok (7 izlenmiş)
[22:49:53] 
──────────────────────────────────────────────────────────────────────────────
┃ İterasyon #12 @ 22:49:53
[22:49:54]   Yeni biten yok (7 izlenmiş)
[22:50:39] 
──────────────────────────────────────────────────────────────────────────────
┃ İterasyon #13 @ 22:50:39
[22:50:41]   1 yeni market: btc-updown-5m-1778615100
[22:50:45] 
══════════════════════════════════════════════════════════════════════════════
[22:50:45]    MARKET: btc-updown-5m-1778615100  (1778615100 → 1778615400)
[22:50:45] ══════════════════════════════════════════════════════════════════════════════
[22:50:45] 
 REAL BOT: 85 fill → 41 distinct emir (TAKER 25 + MAKER 16)
[22:50:45]   Total: $5668, 6376 sh, fiyat $0.18-$0.99
[22:50:45]   Window: T-295 → T-1, dir=UP
[22:50:45]   LW emir: 6, $5003
[22:50:45]   Scoop emir: 0, $0
[22:50:45] 
[22:50:45]  Bot 131 (Konservatif):
[22:50:45]    PARAMS: order=$3 lw_usdc=$50 lw_max=10 imb_thr=1000 first_spread=0.02
[22:50:45]    Sizes: ls=$8 mid=$12 hi=$20 scoop=$5@0.30 cd=3000ms
[22:50:45]    DISTINCT SHOTS: 29, $1078, UP 1296sh@$0.729=2.48x DN 522sh@$0.255
[22:50:45]    avg_sum=0.984, max_shot=$141, max_p=0.93, LW#10 Scoop#3
[22:50:45]    Window: T-268 → T-90
[22:50:45]    ━━ UYUM (Real vs Bot 131) ━━
[22:50:45]      Distinct emir: 41 vs 29 (71%)
[22:50:45]      Total USDC: $5668 vs $1078 (19%)
[22:50:45]      LW shot: 6 vs 10 (167%)
[22:50:45]      Scoop shot: 0 vs 3 (0%)
[22:50:45]  Bot 132 (Agresif):
[22:50:45]    PARAMS: order=$10 lw_usdc=$200 lw_max=30 imb_thr=1000 first_spread=0.02
[22:50:45]    Sizes: ls=$25 mid=$40 hi=$60 scoop=$20@0.30 cd=2000ms
[22:50:45]    DISTINCT SHOTS: 54, $9460, UP 10055sh@$0.836=2.35x DN 4282sh@$0.247
[22:50:45]    avg_sum=1.082, max_shot=$692, max_p=0.95, LW#30 Scoop#6
[22:50:45]    Window: T-269 → T-91
[22:50:45]  Bot 134 (LOW_IMB):
[22:50:45]    PARAMS: order=$5 lw_usdc=$100 lw_max=20 imb_thr=300 first_spread=0.02
[22:50:45]    Sizes: ls=$15 mid=$23 hi=$37 scoop=$10@0.30 cd=2000ms
[22:50:45]    DISTINCT SHOTS: 47, $3785, UP 4071sh@$0.790=1.73x DN 2356sh@$0.242
[22:50:45]    avg_sum=1.032, max_shot=$386, max_p=0.95, LW#20 Scoop#6
[22:50:45]    Window: T-233 → T-90
[22:50:45] 
  TIMELINE (Real distinct emir vs Bot 131 distinct shot, ilk 12):
[22:50:45]   idx R T-X REAL                         | O T-X OUR                      
[22:50:45]     1 T-295 $0.52 $21 40sh [TAKER]       | T-268 DOWN $0.37 $11           
[22:50:45]     2 T-295 $0.52 $21 40sh [TAKER]       | T-233 UP $0.68 $41             
[22:50:45]     3 T-291 $0.55 $22 40sh [MAKER(4fill)] | T-226 UP $0.56 $141            
[22:50:45]     4 T-274 $0.56 $24 41sh [TAKER]       | T-224 UP $0.55 $97             
[22:50:45]     5 T-274 $0.56 $24 41sh [TAKER]       | T-221 UP $0.53 $24             
[22:50:45]     6 T-274 $0.56 $24 41sh [TAKER]       | T-220 UP $0.51 $12             
[22:50:45]     7 T-265 $0.61 $26 42sh [MAKER(1fill)] | T-218 UP $0.50 $12             
[22:50:45]     8 T-239 $0.67 $31 45sh [TAKER]       | T-212 DOWN $0.52 $12           
[22:50:45]     9 T-239 $0.67 $4 6sh [TAKER]         | T-197 DOWN $0.43 $62           
[22:50:45]    10 T-239 $0.68 $27 40sh [MAKER(2fill)] | T-190 UP $0.56 $24             
[22:50:45]    11 T-230 $0.33 $15 45sh [TAKER]       | T-189 UP $0.48 $11             
[22:50:45]    12 T-230 $0.34 $16 45sh [TAKER]       | T-183 DOWN $0.46 $22           
[22:51:30] 
──────────────────────────────────────────────────────────────────────────────
┃ İterasyon #14 @ 22:51:30
[22:51:31]   Yeni biten yok (8 izlenmiş)
[22:52:16] 
──────────────────────────────────────────────────────────────────────────────
┃ İterasyon #15 @ 22:52:16
[22:52:18]   Yeni biten yok (8 izlenmiş)
[22:53:03] 
──────────────────────────────────────────────────────────────────────────────
┃ İterasyon #16 @ 22:53:03
[22:53:04]   Yeni biten yok (8 izlenmiş)
[22:53:49] 
──────────────────────────────────────────────────────────────────────────────
┃ İterasyon #17 @ 22:53:49
[22:53:51]   Yeni biten yok (8 izlenmiş)
[22:54:36] 
──────────────────────────────────────────────────────────────────────────────
┃ İterasyon #18 @ 22:54:36
[22:54:37]   Yeni biten yok (8 izlenmiş)
[22:55:22] 
──────────────────────────────────────────────────────────────────────────────
┃ İterasyon #19 @ 22:55:22
[22:55:24]   1 yeni market: btc-updown-5m-1778615400
[22:55:28] 
══════════════════════════════════════════════════════════════════════════════
[22:55:28]    MARKET: btc-updown-5m-1778615400  (1778615400 → 1778615700)
[22:55:28] ══════════════════════════════════════════════════════════════════════════════
[22:55:28] 
 REAL BOT: 59 fill → 29 distinct emir (TAKER 21 + MAKER 8)
[22:55:28]   Total: $1291, 1919 sh, fiyat $0.01-$0.91
[22:55:28]   Window: T-296 → T-5, dir=UP
[22:55:28]   LW emir: 9, $888
[22:55:28]   Scoop emir: 1, $2
[22:55:28] 
[22:55:28]  Bot 131 (Konservatif):
[22:55:28]    PARAMS: order=$3 lw_usdc=$50 lw_max=10 imb_thr=1000 first_spread=0.02
[22:55:28]    Sizes: ls=$8 mid=$12 hi=$20 scoop=$5@0.30 cd=3000ms
[22:55:28]    DISTINCT SHOTS: 22, $1160, UP 1227sh@$0.913=2.76x DN 445sh@$0.090
[22:55:28]    avg_sum=1.003, max_shot=$156, max_p=0.95, LW#12 Scoop#6
[22:55:28]    Window: T-283 → T-33
[22:55:28]    ━━ UYUM (Real vs Bot 131) ━━
[22:55:28]      Distinct emir: 29 vs 22 (76%)
[22:55:28]      Total USDC: $1291 vs $1160 (90%)
[22:55:28]      LW shot: 9 vs 12 (133%)
[22:55:28]      Scoop shot: 1 vs 6 (600%)
[22:55:28]  Bot 132 (Agresif):
[22:55:28]    PARAMS: order=$10 lw_usdc=$200 lw_max=30 imb_thr=1000 first_spread=0.02
[22:55:28]    Sizes: ls=$25 mid=$40 hi=$60 scoop=$20@0.30 cd=2000ms
[22:55:28]    DISTINCT SHOTS: 44, $10053, UP 10375sh@$0.930=2.26x DN 4586sh@$0.087
[22:55:28]    avg_sum=1.018, max_shot=$755, max_p=0.95, LW#24 Scoop#14
[22:55:28]    Window: T-283 → T-31
[22:55:28]  Bot 134 (LOW_IMB):
[22:55:28]    PARAMS: order=$5 lw_usdc=$100 lw_max=20 imb_thr=300 first_spread=0.02
[22:55:28]    Sizes: ls=$15 mid=$23 hi=$37 scoop=$10@0.30 cd=2000ms
[22:55:28]    DISTINCT SHOTS: 46, $4716, UP 4782sh@$0.933=1.60x DN 2995sh@$0.085
[22:55:28]    avg_sum=1.018, max_shot=$431, max_p=0.95, LW#22 Scoop#19
[22:55:28]    Window: T-291 → T-30
[22:55:28] 
  TIMELINE (Real distinct emir vs Bot 131 distinct shot, ilk 12):
[22:55:28]   idx R T-X REAL                         | O T-X OUR                      
[22:55:28]     1 T-296 $0.52 $22 41sh [TAKER]       | T-283 UP $0.55 $12             
[22:55:28]     2 T-296 $0.52 $24 45sh [TAKER]       | T-282 UP $0.53 $24             
[22:55:28]     3 T-294 $0.52 $23 43sh [TAKER]       | T-232 DOWN $0.25 $5            
[22:55:28]     4 T-290 $0.52 $22 41sh [TAKER]       | T-211 DOWN $0.12 $5            
[22:55:28]     5 T-282 $0.46 $19 40sh [TAKER]       | T-180 UP $0.94 $51             
[22:55:28]     6 T-282 $0.53 $11 20sh [MAKER(2fill)] | T-179 UP $0.94 $51             
[22:55:28]     7 T-280 $0.46 $19 40sh [TAKER]       | T-179 UP $0.95 $101            
[22:55:28]     8 T-276 $0.53 $22 40sh [TAKER]       | T-179 UP $0.95 $101            
[22:55:28]     9 T-259 $0.46 $19 40sh [TAKER]       | T-178 UP $0.95 $101            
[22:55:28]    10 T-252 $0.55 $23 40sh [TAKER]       | T-177 UP $0.95 $101            
[22:55:28]    11 T-252 $0.55 $23 41sh [TAKER]       | T-176 UP $0.95 $101            
[22:55:28]    12 T-250 $0.57 $14 23sh [TAKER]       | T-175 UP $0.95 $101            
[22:56:13] 
──────────────────────────────────────────────────────────────────────────────
┃ İterasyon #20 @ 22:56:13
[22:56:14]   Yeni biten yok (9 izlenmiş)
[22:56:59] 
──────────────────────────────────────────────────────────────────────────────
┃ İterasyon #21 @ 22:56:59
[22:57:00]   Yeni biten yok (9 izlenmiş)
[22:57:45] 
──────────────────────────────────────────────────────────────────────────────
┃ İterasyon #22 @ 22:57:45
[22:57:47]   Yeni biten yok (9 izlenmiş)
[22:58:32] 
──────────────────────────────────────────────────────────────────────────────
┃ İterasyon #23 @ 22:58:32
[22:58:33]   Yeni biten yok (9 izlenmiş)
[22:59:19] 
──────────────────────────────────────────────────────────────────────────────
┃ İterasyon #24 @ 22:59:19
[22:59:20]   Yeni biten yok (9 izlenmiş)
