[23:02:14] ██████████████████████████████████████████████████████████████████████████████████
[23:02:14] KAPSAMLI CANLI İZLEME — Real bot vs Bot 131/132/134
[23:02:14] ██████████████████████████████████████████████████████████████████████████████████
[23:02:14] 
[23:02:14] Bot config'leri:
[23:02:17]   Bot 131 (131-Kons): order=$3 lw=$100 max=10 imb=1000 avgcap=1.05
[23:02:18]   Bot 132 (132-Agr): order=$10 lw=$200 max=30 imb=1000 avgcap=1.05
[23:02:19]   Bot 134 (134-LowImb): order=$5 lw=$100 max=20 imb=300 avgcap=1.05
[23:02:19] 
[23:02:19] arb_mult formülü: $0.99+×T>120 = [1m20x[0m (güncel), $0.97-0.99×T-60..30 = 6.1x
[23:02:19] 
[23:02:19] [94m
──────────────────────────────────────────────────────────────────────────────────
┃ İterasyon #1 @ 23:02:19[0m
[23:02:21] [92m  6 yeni market[0m
[23:02:26] 
[23:02:26] [1m[96m══════════════════════════════════════════════════════════════════════════════════[0m
[23:02:26] [1m[96m  MARKET: btc-updown-5m-1778615700  (T+0..T+300)[0m
[23:02:26] [1m[96m══════════════════════════════════════════════════════════════════════════════════[0m
[23:02:26] 
  [1m┌─ ÖZET TABLO ─[0m
[23:02:26]   │ Kim             #emir    Total$   Shares  avg_sum  maxShot  maxP  UP/DN  dir
[23:02:26]   │ ────────────── ────── ───────── ──────── ──────── ──────── ───── ────── ────
[23:02:26]   │ [95mREAL[0m              65 $   1114    2300sh        -        -     -      -   UP
[23:02:26]   │ [94mBot 131[0m-Kons      41 $   2081    2967sh   1.042 $   137  0.93  8.79x  UP[92m✓[0m
[23:02:26]   │ [94mBot 132[0m-Agr        5 $    736    1287sh   0.572 $   336  0.63 99.00x  UP[92m✓[0m
[23:02:26]   │ [94mBot 134[0m-LowImb      4 $    450     791sh   0.569 $   221  0.62 99.00x  UP[92m✓[0m
[23:02:26]   └─
[23:02:26] 
  [1m┌─ UYUM SKORU (Real vs Bot 131) ─[0m
[23:02:26]   │ Distinct emir          Real        65 | Bot        41 | [93m%63[0m
[23:02:26]   │ Total USDC             Real      1114 | Bot      2081 | [93m%187[0m
[23:02:26]   │ LW emir #              Real         0 | Bot        10 | (div0)[0m
[23:02:26]   │ LW USDC                Real         0 | Bot      1002 | (div0)[0m
[23:02:26]   │ Scoop emir #           Real         1 | Bot         1 | [92m%100[0m
[23:02:26]   │ Yön: Real=UP, Bot=UP, [92mEŞLEŞTİ ✓[0m
[23:02:26]   └─
[23:02:26] 
  [1m┌─ PHASE DAĞILIMI (T-X bantları) ─[0m
[23:02:26]   │ Phase           Real#    Real$  | Bot131#   Bot131$
[23:02:26]   │ T-300..240          8 $   137  |       4 $    170
[23:02:26]   │ T-240..180         11 $   157  |       1 $     49
[23:02:26]   │ T-180..120         14 $   217  |       7 $    236
[23:02:26]   │ T-120..60          14 $   256  |       7 $    489
[23:02:26]   │ T-60..30           11 $   211  |       9 $    109
[23:02:26]   │ T-30..10            7 $   135  |      13 $   1028
[23:02:26]   └─
[23:02:26] 
  [1m┌─ FİYAT BAND DAĞILIMI ─[0m
[23:02:26]   │ Band                    Real#    Real$  | Bot131#   Bot131$
[23:02:26]   │ Scoop $0-0.20               1 $     3  |       2 $     10
[23:02:26]   │ Long $0.20-0.40            20 $   259  |       6 $     43
[23:02:26]   │ Mid $0.40-0.65             31 $   520  |      11 $    531
[23:02:26]   │ High $0.65-0.85            13 $   333  |      12 $    495
[23:02:26]   │ LW $0.85-0.95               0 $     0  |      10 $   1002
[23:02:26]   └─
[23:02:26] 
  [1m┌─ TIMELINE (ilk 10 distinct emir) ─[0m
[23:02:26]   │   # R T-X REAL                             | O T-X OUR (Bot 131)            
[23:02:26]   │   1 T-296 $0.50 $21 40sh [TAKER]           | T-270 UP $0.61 $61             
[23:02:26]   │   2 T-296 $0.53 $21 40sh [MAKER(3)]        | T-256 UP $0.61 $12             
[23:02:26]   │   3 T-295 $0.51 $10 19sh [MAKER(1)]        | T-255 UP $0.51 $85             
[23:02:26]   │   4 T-284 $0.42 $17 41sh [MAKER(6)]        | T-254 UP $0.47 $12             
[23:02:26]   │   5 T-284 $0.56 $4 7sh [MAKER(1)]          | T-204 UP $0.58 $49             
[23:02:26]   │   6 T-284 $0.57 $23 41sh [MAKER(1)]        | T-167 UP $0.77 $20             
[23:02:26]   │   7 T-254 $0.56 $19 34sh [MAKER(1)]        | T-161 UP $0.75 $61             
[23:02:26]   │   8 T-253 $0.55 $22 40sh [MAKER(1)]        | T-160 UP $0.68 $39             
[23:02:26]   │   9 T-230 $0.49 $20 40sh [TAKER]           | T-156 UP $0.65 $39             
[23:02:26]   │  10 T-230 $0.50 $21 40sh [TAKER]           | T-138 UP $0.73 $18             
[23:02:26]   └─
[23:02:30] 
[23:02:30] [1m[96m══════════════════════════════════════════════════════════════════════════════════[0m
[23:02:30] [1m[96m  MARKET: btc-updown-5m-1778615400  (T+0..T+300)[0m
[23:02:30] [1m[96m══════════════════════════════════════════════════════════════════════════════════[0m
[23:02:30] 
  [1m┌─ ÖZET TABLO ─[0m
[23:02:30]   │ Kim             #emir    Total$   Shares  avg_sum  maxShot  maxP  UP/DN  dir
[23:02:30]   │ ────────────── ────── ───────── ──────── ──────── ──────── ───── ────── ────
[23:02:30]   │ [95mREAL[0m               1 $      0      31sh        -        -     -      - DOWN
[23:02:30]   │ [94mBot 131[0m-Kons      22 $   1160    1672sh   1.003 $   156  0.95  2.76x  UP[91m✗[0m
[23:02:30]   │ [94mBot 132[0m-Agr       44 $  10053   14961sh   1.018 $   755  0.95  2.26x  UP[91m✗[0m
[23:02:30]   │ [94mBot 134[0m-LowImb     46 $   4716    7777sh   1.018 $   431  0.95  1.60x  UP[91m✗[0m
[23:02:30]   └─
[23:02:30] 
  [1m┌─ UYUM SKORU (Real vs Bot 131) ─[0m
[23:02:30]   │ Distinct emir          Real         1 | Bot        22 | [91m%2200[0m
[23:02:30]   │ Total USDC             Real         0 | Bot      1160 | [91m%370825[0m
[23:02:30]   │ LW emir #              Real         0 | Bot        12 | (div0)[0m
[23:02:30]   │ LW USDC                Real         0 | Bot      1083 | (div0)[0m
[23:02:30]   │ Scoop emir #           Real         1 | Bot         6 | [91m%600[0m
[23:02:30]   │ Yön: Real=DOWN, Bot=UP, [91mTERS ✗[0m
[23:02:30]   └─
[23:02:30] 
  [1m┌─ PHASE DAĞILIMI (T-X bantları) ─[0m
[23:02:30]   │ Phase           Real#    Real$  | Bot131#   Bot131$
[23:02:30]   │ T-300..240          0 $     0  |       2 $     36
[23:02:30]   │ T-240..180          0 $     0  |       2 $     10
[23:02:30]   │ T-180..120          0 $     0  |      13 $    922
[23:02:30]   │ T-60..30            0 $     0  |       5 $    191
[23:02:30]   │ T-10..0             1 $     0  |       0 $      0
[23:02:30]   └─
[23:02:30] 
  [1m┌─ FİYAT BAND DAĞILIMI ─[0m
[23:02:30]   │ Band                    Real#    Real$  | Bot131#   Bot131$
[23:02:30]   │ Scoop $0-0.20               1 $     0  |       6 $     30
[23:02:30]   │ Long $0.20-0.40             0 $     0  |       2 $     10
[23:02:30]   │ Mid $0.40-0.65              0 $     0  |       2 $     36
[23:02:30]   │ LW $0.85-0.95               0 $     0  |       4 $    278
[23:02:30]   │ Arb $0.95-0.97              0 $     0  |       8 $    806
[23:02:30]   └─
[23:02:30] 
  [1m┌─ ARB_MULT DOĞRULAMA (Bot 131 TAKER LW shotları, lw_usdc=$100) ─[0m
[23:02:30]   │   T-X  Out  Price   Size  ExpMult  ExpSize   Sapma%
[23:02:30]   │ T-179   UP $0.950   106    2.00x     211 [93m    50%[0m
[23:02:30]   │ T-179   UP $0.950   106    2.00x     211 [93m    50%[0m
[23:02:30]   │ T-178   UP $0.950   106    2.00x     211 [93m    50%[0m
[23:02:30]   │ T-177   UP $0.950   106    2.00x     211 [93m    50%[0m
[23:02:30]   │ T-176   UP $0.950   106    2.00x     211 [93m    50%[0m
[23:02:30]   │ T-175   UP $0.950   106    2.00x     211 [93m    50%[0m
[23:02:30]   │ T-174   UP $0.950   106    2.00x     211 [93m    50%[0m
[23:02:30]   │ T-173   UP $0.950   106    2.00x     211 [93m    50%[0m
[23:02:30]   └─
[23:02:30] 
  [1m┌─ TIMELINE (ilk 10 distinct emir) ─[0m
[23:02:30]   │   # R T-X REAL                             | O T-X OUR (Bot 131)            
[23:02:30]   │   1   T-5 $0.01 $0 31sh [MAKER(3)]         | T-283 UP $0.55 $12             
[23:02:30]   │   2     - -                                | T-282 UP $0.53 $24             
[23:02:30]   │   3     - -                                | T-232 DOWN $0.25 $5            
[23:02:30]   │   4     - -                                | T-211 DOWN $0.12 $5            
[23:02:30]   │   5     - -                                | T-180 UP $0.94 $51             
[23:02:30]   │   6     - -                                | T-179 UP $0.94 $51             
[23:02:30]   │   7     - -                                | T-179 UP $0.95 $101            
[23:02:30]   │   8     - -                                | T-179 UP $0.95 $101            
[23:02:30]   │   9     - -                                | T-178 UP $0.95 $101            
[23:02:30]   │  10     - -                                | T-177 UP $0.95 $101            
[23:02:30]   └─
[23:02:34] 
[23:02:34] [1m[96m══════════════════════════════════════════════════════════════════════════════════[0m
[23:02:34] [1m[96m  MARKET: btc-updown-5m-1778615100  (T+0..T+300)[0m
[23:02:34] [1m[96m══════════════════════════════════════════════════════════════════════════════════[0m
[23:02:34] 
  [1m┌─ ÖZET TABLO ─[0m
[23:02:34]   │ Kim             #emir    Total$   Shares  avg_sum  maxShot  maxP  UP/DN  dir
[23:02:34]   │ ────────────── ────── ───────── ──────── ──────── ──────── ───── ────── ────
[23:02:34]   │ [95mREAL[0m               0 $      0       0sh        -        -     -      -    ?
[23:02:34]   │ [94mBot 131[0m-Kons      29 $   1078    1818sh   0.984 $   141  0.93  2.48x  UP[92m✓[0m
[23:02:34]   │ [94mBot 132[0m-Agr       54 $   9460   14337sh   1.082 $   692  0.95  2.35x  UP[92m✓[0m
[23:02:34]   │ [94mBot 134[0m-LowImb     47 $   3785    6427sh   1.032 $   386  0.95  1.73x  UP[92m✓[0m
[23:02:34]   └─
[23:02:38] 
[23:02:38] [1m[96m══════════════════════════════════════════════════════════════════════════════════[0m
[23:02:38] [1m[96m  MARKET: btc-updown-5m-1778614800  (T+0..T+300)[0m
[23:02:38] [1m[96m══════════════════════════════════════════════════════════════════════════════════[0m
[23:02:38] 
  [1m┌─ ÖZET TABLO ─[0m
[23:02:38]   │ Kim             #emir    Total$   Shares  avg_sum  maxShot  maxP  UP/DN  dir
[23:02:38]   │ ────────────── ────── ───────── ──────── ──────── ──────── ───── ────── ────
[23:02:38]   │ [95mREAL[0m               0 $      0       0sh        -        -     -      -    ?
[23:02:38]   │ [94mBot 131[0m-Kons      15 $    445     810sh   1.025 $    71  0.83  0.28x  UP[92m✓[0m
[23:02:38]   │ [94mBot 132[0m-Agr       54 $  11120   13694sh   1.259 $   401  0.95  0.16x  UP[92m✓[0m
[23:02:38]   │ [94mBot 134[0m-LowImb     21 $   1116    2332sh   0.968 $   161  0.83  1.09x  UP[92m✓[0m
[23:02:38]   └─
[23:02:42] 
[23:02:42] [1m[96m══════════════════════════════════════════════════════════════════════════════════[0m
[23:02:42] [1m[96m  MARKET: btc-updown-5m-1778614500  (T+0..T+300)[0m
[23:02:42] [1m[96m══════════════════════════════════════════════════════════════════════════════════[0m
[23:02:42] 
  [1m┌─ ÖZET TABLO ─[0m
[23:02:42]   │ Kim             #emir    Total$   Shares  avg_sum  maxShot  maxP  UP/DN  dir
[23:02:42]   │ ────────────── ────── ───────── ──────── ──────── ──────── ───── ────── ────
[23:02:42]   │ [95mREAL[0m               0 $      0       0sh        -        -     -      -    ?
[23:02:42]   │ [94mBot 131[0m-Kons      55 $   1007    2849sh   0.985 $    80  0.94  2.20x  UP[92m✓[0m
[23:02:42]   │ [94mBot 132[0m-Agr       77 $   9686   19876sh   1.028 $   401  0.95  1.14x  UP[92m✓[0m
[23:02:42]   │ [94mBot 134[0m-LowImb      8 $    329     660sh   1.053 $   132  0.66  2.98x  UP[92m✓[0m
[23:02:42]   └─
[23:02:47] 
[23:02:47] [1m[96m══════════════════════════════════════════════════════════════════════════════════[0m
[23:02:47] [1m[96m  MARKET: btc-updown-5m-1778614200  (T+0..T+300)[0m
[23:02:47] [1m[96m══════════════════════════════════════════════════════════════════════════════════[0m
[23:02:47] 
  [1m┌─ ÖZET TABLO ─[0m
[23:02:47]   │ Kim             #emir    Total$   Shares  avg_sum  maxShot  maxP  UP/DN  dir
[23:02:47]   │ ────────────── ────── ───────── ──────── ──────── ──────── ───── ────── ────
[23:02:47]   │ [95mREAL[0m               0 $      0       0sh        -        -     -      -    ?
[23:02:47]   │ [94mBot 131[0m-Kons      35 $   1231    2131sh   1.003 $   101  0.95  1.49x  UP[92m✓[0m
[23:02:47]   │ [94mBot 132[0m-Agr       72 $  13516   19932sh   1.041 $   401  0.95  2.32x  UP[92m✓[0m
[23:02:47]   │ [94mBot 134[0m-LowImb     68 $   4906    8853sh   1.020 $   259  0.95  1.25x  UP[92m✓[0m
[23:02:47]   └─
[23:02:47] 
  [1m┌─ ARB_MULT DOĞRULAMA (Bot 131 TAKER LW shotları, lw_usdc=$100) ─[0m
[23:02:47]   │   T-X  Out  Price   Size  ExpMult  ExpSize   Sapma%
[23:02:47]   │ T-180   UP $0.950   106    2.00x     211 [93m    50%[0m
[23:02:47]   │ T-180   UP $0.950   106    2.00x     211 [93m    50%[0m
[23:02:47]   │ T-180   UP $0.950   106    2.00x     211 [93m    50%[0m
[23:02:47]   │ T-180   UP $0.950   106    2.00x     211 [93m    50%[0m
[23:02:47]   │ T-179   UP $0.950   106    2.00x     211 [93m    50%[0m
[23:02:47]   │ T-179   UP $0.950   106    2.00x     211 [93m    50%[0m
[23:02:47]   │ T-178   UP $0.950   106    2.00x     211 [93m    50%[0m
[23:02:47]   └─
[23:02:47] 
[23:02:47] [1m[95m══════════════════════════════════════════════════════════════════════════════════[0m
[23:02:47] [1m[95m  CUMULATIVE ÖZET (6 market)[0m
[23:02:47] [1m[95m══════════════════════════════════════════════════════════════════════════════════[0m
[23:02:47]   Real bot total: $1115, 66 emir, 0 LW
[23:02:47] 
[23:02:47]   Bot               Total$  Vol_Uyum   Emir  Emir_Uyum   LW#   LW_Uyum   YönDoğr
[23:02:47]   Bot 131-Kons       $   7002 [91m%   628[0m    197 [91m%    298[0m    57 [91m%     0[0m [93m%    50[0m
[23:02:47]   Bot 132-Agr        $  54571 [91m%  4896[0m    306 [91m%    464[0m   145 [91m%     0[0m [93m%    50[0m
[23:02:47]   Bot 134-LowImb     $  15302 [91m%  1373[0m    194 [91m%    294[0m    63 [91m%     0[0m [93m%    50[0m
[23:03:32] [94m
──────────────────────────────────────────────────────────────────────────────────
┃ İterasyon #2 @ 23:03:32[0m
[23:03:33]   Yeni biten yok (6 izlenmiş, 6 analiz edildi)
[23:04:18] [94m
──────────────────────────────────────────────────────────────────────────────────
┃ İterasyon #3 @ 23:04:18[0m
[23:04:20]   Yeni biten yok (6 izlenmiş, 6 analiz edildi)
[23:05:05] [94m
──────────────────────────────────────────────────────────────────────────────────
┃ İterasyon #4 @ 23:05:05[0m
[23:05:06] [92m  1 yeni market[0m
[23:05:10] 
[23:05:10] [1m[96m══════════════════════════════════════════════════════════════════════════════════[0m
[23:05:10] [1m[96m  MARKET: btc-updown-5m-1778616000  (T+0..T+300)[0m
[23:05:10] [1m[96m══════════════════════════════════════════════════════════════════════════════════[0m
[23:05:10] 
  [1m┌─ ÖZET TABLO ─[0m
[23:05:10]   │ Kim             #emir    Total$   Shares  avg_sum  maxShot  maxP  UP/DN  dir
[23:05:10]   │ ────────────── ────── ───────── ──────── ──────── ──────── ───── ────── ────
[23:05:10]   │ [95mREAL[0m              33 $    561    1078sh        -        -     -      -   UP
[23:05:10]   │ [94mBot 131[0m-Kons      38 $    801    1602sh   0.997 $    94  0.74  0.87x  UP[92m✓[0m
[23:05:10]   │ Bot 132        (no trades)                                                 
[23:05:10]   │ Bot 134        (no trades)                                                 
[23:05:10]   └─
[23:05:10] 
  [1m┌─ UYUM SKORU (Real vs Bot 131) ─[0m
[23:05:10]   │ Distinct emir          Real        33 | Bot        38 | [92m%115[0m
[23:05:10]   │ Total USDC             Real       561 | Bot       801 | [93m%143[0m
[23:05:10]   │ LW emir #              Real         0 | Bot         0 | (div0)[0m
[23:05:10]   │ LW USDC                Real         0 | Bot         0 | (div0)[0m
[23:05:10]   │ Scoop emir #           Real         0 | Bot         1 | (div0)[0m
[23:05:10]   │ Yön: Real=UP, Bot=UP, [92mEŞLEŞTİ ✓[0m
[23:05:10]   └─
[23:05:10] 
  [1m┌─ PHASE DAĞILIMI (T-X bantları) ─[0m
[23:05:10]   │ Phase           Real#    Real$  | Bot131#   Bot131$
[23:05:10]   │ T-300..240         13 $   247  |       9 $    220
[23:05:10]   │ T-240..180          6 $   134  |       5 $    130
[23:05:10]   │ T-180..120          4 $    28  |      12 $    234
[23:05:10]   │ T-120..60          10 $   152  |       9 $    188
[23:05:10]   │ T-60..30            0 $     0  |       3 $     29
[23:05:10]   └─
[23:05:10] 
  [1m┌─ FİYAT BAND DAĞILIMI ─[0m
[23:05:10]   │ Band                    Real#    Real$  | Bot131#   Bot131$
[23:05:10]   │ Scoop $0-0.20               1 $    12  |       3 $     15
[23:05:10]   │ Long $0.20-0.40             6 $    37  |      11 $     63
[23:05:10]   │ Mid $0.40-0.65             19 $   330  |      20 $    554
[23:05:10]   │ High $0.65-0.85             7 $   183  |       4 $    168
[23:05:10]   └─
[23:05:10] 
  [1m┌─ TIMELINE (ilk 10 distinct emir) ─[0m
[23:05:10]   │   # R T-X REAL                             | O T-X OUR (Bot 131)            
[23:05:10]   │   1 T-297 $0.52 $22 41sh [TAKER]           | T-295 DOWN $0.47 $12           
[23:05:10]   │   2 T-297 $0.49 $20 40sh [TAKER]           | T-283 UP $0.55 $12             
[23:05:10]   │   3 T-287 $0.43 $10 23sh [MAKER(4)]        | T-279 UP $0.46 $44             
[23:05:10]   │   4 T-285 $0.44 $19 41sh [TAKER]           | T-277 DOWN $0.55 $12           
[23:05:10]   │   5 T-285 $0.54 $22 40sh [MAKER(1)]        | T-257 DOWN $0.56 $59           
[23:05:10]   │   6 T-276 $0.53 $10 18sh [MAKER(1)]        | T-255 DOWN $0.47 $11           
[23:05:10]   │   7 T-274 $0.55 $23 40sh [TAKER]           | T-251 UP $0.50 $23             
[23:05:10]   │   8 T-271 $0.41 $18 41sh [TAKER]           | T-245 DOWN $0.47 $23           
[23:05:10]   │   9 T-269 $0.41 $18 41sh [TAKER]           | T-242 DOWN $0.41 $25           
[23:05:10]   │  10 T-264 $0.59 $25 42sh [TAKER]           | T-228 UP $0.61 $24             
[23:05:10]   └─
[23:05:10] 
[23:05:10] [1m[95m══════════════════════════════════════════════════════════════════════════════════[0m
[23:05:10] [1m[95m  CUMULATIVE ÖZET (7 market)[0m
[23:05:10] [1m[95m══════════════════════════════════════════════════════════════════════════════════[0m
[23:05:10]   Real bot total: $1676, 99 emir, 0 LW
[23:05:10] 
[23:05:10]   Bot               Total$  Vol_Uyum   Emir  Emir_Uyum   LW#   LW_Uyum   YönDoğr
[23:05:10]   Bot 131-Kons       $   7803 [91m%   466[0m    235 [91m%    237[0m    57 [91m%     0[0m [93m%    67[0m
[23:05:10]   Bot 132-Agr        $  54571 [91m%  3256[0m    306 [91m%    309[0m   145 [91m%     0[0m [93m%    50[0m
[23:05:10]   Bot 134-LowImb     $  15302 [91m%   913[0m    194 [93m%    196[0m    63 [91m%     0[0m [93m%    50[0m
[23:05:55] [94m
──────────────────────────────────────────────────────────────────────────────────
┃ İterasyon #5 @ 23:05:55[0m
[23:05:56]   Yeni biten yok (7 izlenmiş, 7 analiz edildi)
[23:06:41] [94m
──────────────────────────────────────────────────────────────────────────────────
┃ İterasyon #6 @ 23:06:41[0m
[23:06:43]   Yeni biten yok (7 izlenmiş, 7 analiz edildi)
[23:07:28] [94m
──────────────────────────────────────────────────────────────────────────────────
┃ İterasyon #7 @ 23:07:28[0m
[23:07:29]   Yeni biten yok (7 izlenmiş, 7 analiz edildi)
[23:08:14] [94m
──────────────────────────────────────────────────────────────────────────────────
┃ İterasyon #8 @ 23:08:14[0m
[23:08:16]   Yeni biten yok (7 izlenmiş, 7 analiz edildi)
[23:09:01] [94m
──────────────────────────────────────────────────────────────────────────────────
┃ İterasyon #9 @ 23:09:01[0m
[23:09:03]   Yeni biten yok (7 izlenmiş, 7 analiz edildi)
[23:09:48] [94m
──────────────────────────────────────────────────────────────────────────────────
┃ İterasyon #10 @ 23:09:48[0m
[23:09:49]   Yeni biten yok (7 izlenmiş, 7 analiz edildi)
[23:10:34] [94m
──────────────────────────────────────────────────────────────────────────────────
┃ İterasyon #11 @ 23:10:34[0m
[23:10:36] [92m  1 yeni market[0m
[23:10:39] 
[23:10:39] [1m[96m══════════════════════════════════════════════════════════════════════════════════[0m
[23:10:39] [1m[96m  MARKET: btc-updown-5m-1778616300  (T+0..T+300)[0m
[23:10:39] [1m[96m══════════════════════════════════════════════════════════════════════════════════[0m
[23:10:39] 
  [1m┌─ ÖZET TABLO ─[0m
[23:10:39]   │ Kim             #emir    Total$   Shares  avg_sum  maxShot  maxP  UP/DN  dir
[23:10:39]   │ ────────────── ────── ───────── ──────── ──────── ──────── ───── ────── ────
[23:10:39]   │ [95mREAL[0m              37 $   1149    2510sh        -        -     -      -   UP
[23:10:39]   │ [94mBot 131[0m-Kons      33 $   1685    2656sh   0.965 $   200  0.95  0.45x  UP[92m✓[0m
[23:10:39]   │ Bot 132        (no trades)                                                 
[23:10:39]   │ Bot 134        (no trades)                                                 
[23:10:39]   └─
[23:10:39] 
  [1m┌─ UYUM SKORU (Real vs Bot 131) ─[0m
[23:10:39]   │ Distinct emir          Real        37 | Bot        33 | [92m%89[0m
[23:10:39]   │ Total USDC             Real      1149 | Bot      1685 | [93m%147[0m
[23:10:39]   │ LW emir #              Real         4 | Bot        10 | [91m%250[0m
[23:10:39]   │ LW USDC                Real       365 | Bot      1103 | [91m%303[0m
[23:10:39]   │ Scoop emir #           Real         6 | Bot         9 | [93m%150[0m
[23:10:39]   │ Yön: Real=UP, Bot=UP, [92mEŞLEŞTİ ✓[0m
[23:10:39]   └─
[23:10:39] 
  [1m┌─ PHASE DAĞILIMI (T-X bantları) ─[0m
[23:10:39]   │ Phase           Real#    Real$  | Bot131#   Bot131$
[23:10:39]   │ T-300..240         12 $   288  |       4 $     58
[23:10:39]   │ T-240..180         10 $   379  |       4 $    169
[23:10:39]   │ T-180..120          9 $   170  |       6 $    309
[23:10:39]   │ T-120..60           6 $   312  |      19 $   1149
[23:10:39]   └─
[23:10:39] 
  [1m┌─ FİYAT BAND DAĞILIMI ─[0m
[23:10:39]   │ Band                    Real#    Real$  | Bot131#   Bot131$
[23:10:39]   │ Scoop $0-0.20               7 $    65  |      10 $     50
[23:10:39]   │ Long $0.20-0.40             8 $    83  |       4 $     20
[23:10:39]   │ Mid $0.40-0.65              6 $   104  |       1 $     12
[23:10:39]   │ High $0.65-0.85            12 $   532  |       8 $    499
[23:10:39]   │ LW $0.85-0.95               4 $   365  |       9 $    903
[23:10:39]   │ Arb $0.95-0.97              0 $     0  |       1 $    200
[23:10:39]   └─
[23:10:39] 
  [1m┌─ ARB_MULT DOĞRULAMA (Bot 131 TAKER LW shotları, lw_usdc=$100) ─[0m
[23:10:39]   │   T-X  Out  Price   Size  ExpMult  ExpSize   Sapma%
[23:10:39]   │ T-115 DOWN $0.950   211    2.00x     211 [92m     0%[0m
[23:10:39]   └─
[23:10:39] 
  [1m┌─ TIMELINE (ilk 10 distinct emir) ─[0m
[23:10:39]   │   # R T-X REAL                             | O T-X OUR (Bot 131)            
[23:10:39]   │   1 T-289 $0.56 $24 41sh [TAKER]           | T-280 DOWN $0.61 $12           
[23:10:39]   │   2 T-289 $0.57 $25 42sh [TAKER]           | T-263 UP $0.29 $5              
[23:10:39]   │   3 T-289 $0.56 $24 41sh [TAKER]           | T-256 DOWN $0.71 $21           
[23:10:39]   │   4 T-280 $0.39 $17 41sh [TAKER]           | T-251 DOWN $0.70 $20           
[23:10:39]   │   5 T-280 $0.61 $27 43sh [TAKER]           | T-230 UP $0.16 $5              
[23:10:39]   │   6 T-265 $0.62 $1 2sh [MAKER(1)]          | T-221 DOWN $0.81 $119          
[23:10:39]   │   7 T-254 $0.68 $31 46sh [MAKER(3)]        | T-216 DOWN $0.78 $40           
[23:10:39]   │   8 T-249 $0.64 $4 6sh [MAKER(1)]          | T-208 UP $0.22 $5              
[23:10:39]   │   9 T-249 $0.65 $29 44sh [MAKER(1)]        | T-177 DOWN $0.82 $179          
[23:10:39]   │  10 T-249 $0.66 $30 45sh [MAKER(1)]        | T-176 DOWN $0.79 $20           
[23:10:39]   └─
[23:10:39] 
[23:10:39] [1m[95m══════════════════════════════════════════════════════════════════════════════════[0m
[23:10:39] [1m[95m  CUMULATIVE ÖZET (8 market)[0m
[23:10:39] [1m[95m══════════════════════════════════════════════════════════════════════════════════[0m
[23:10:39]   Real bot total: $2824, 136 emir, 4 LW
[23:10:39] 
[23:10:39]   Bot               Total$  Vol_Uyum   Emir  Emir_Uyum   LW#   LW_Uyum   YönDoğr
[23:10:39]   Bot 131-Kons       $   9488 [91m%   336[0m    268 [93m%    197[0m    67 [91m%  1675[0m [92m%    75[0m
[23:10:39]   Bot 132-Agr        $  54571 [91m%  1932[0m    306 [91m%    225[0m   145 [91m%  3625[0m [93m%    50[0m
[23:10:39]   Bot 134-LowImb     $  15302 [91m%   542[0m    194 [93m%    143[0m    63 [91m%  1575[0m [93m%    50[0m
[23:11:24] [94m
──────────────────────────────────────────────────────────────────────────────────
┃ İterasyon #12 @ 23:11:24[0m
[23:11:26]   Yeni biten yok (8 izlenmiş, 8 analiz edildi)
[23:12:11] [94m
──────────────────────────────────────────────────────────────────────────────────
┃ İterasyon #13 @ 23:12:11[0m
[23:12:12]   Yeni biten yok (8 izlenmiş, 8 analiz edildi)
[23:12:57] [94m
──────────────────────────────────────────────────────────────────────────────────
┃ İterasyon #14 @ 23:12:57[0m
[23:12:59]   Yeni biten yok (8 izlenmiş, 8 analiz edildi)
[23:13:44] [94m
──────────────────────────────────────────────────────────────────────────────────
┃ İterasyon #15 @ 23:13:44[0m
[23:13:45]   Yeni biten yok (8 izlenmiş, 8 analiz edildi)
[23:14:30] [94m
──────────────────────────────────────────────────────────────────────────────────
┃ İterasyon #16 @ 23:14:30[0m
[23:14:32]   Yeni biten yok (8 izlenmiş, 8 analiz edildi)
[23:15:17] [94m
──────────────────────────────────────────────────────────────────────────────────
┃ İterasyon #17 @ 23:15:17[0m
[23:15:18] [92m  1 yeni market[0m
[23:15:22] 
[23:15:22] [1m[96m══════════════════════════════════════════════════════════════════════════════════[0m
[23:15:22] [1m[96m  MARKET: btc-updown-5m-1778616600  (T+0..T+300)[0m
[23:15:22] [1m[96m══════════════════════════════════════════════════════════════════════════════════[0m
[23:15:22] 
  [1m┌─ ÖZET TABLO ─[0m
[23:15:22]   │ Kim             #emir    Total$   Shares  avg_sum  maxShot  maxP  UP/DN  dir
[23:15:22]   │ ────────────── ────── ───────── ──────── ──────── ──────── ───── ────── ────
[23:15:22]   │ [95mREAL[0m              36 $   1091    2683sh        -        -     -      -   UP
[23:15:22]   │ [94mBot 131[0m-Kons      44 $   1558    2809sh   1.010 $   138  0.93  0.76x  UP[92m✓[0m
[23:15:22]   │ Bot 132        (no trades)                                                 
[23:15:22]   │ Bot 134        (no trades)                                                 
[23:15:22]   └─
[23:15:22] 
  [1m┌─ UYUM SKORU (Real vs Bot 131) ─[0m
[23:15:22]   │ Distinct emir          Real        36 | Bot        44 | [92m%122[0m
[23:15:22]   │ Total USDC             Real      1091 | Bot      1558 | [93m%143[0m
[23:15:22]   │ LW emir #              Real         6 | Bot        13 | [91m%217[0m
[23:15:22]   │ LW USDC                Real       669 | Bot      1181 | [93m%177[0m
[23:15:22]   │ Scoop emir #           Real        15 | Bot        22 | [93m%147[0m
[23:15:22]   │ Yön: Real=UP, Bot=UP, [92mEŞLEŞTİ ✓[0m
[23:15:22]   └─
[23:15:22] 
  [1m┌─ PHASE DAĞILIMI (T-X bantları) ─[0m
[23:15:22]   │ Phase           Real#    Real$  | Bot131#   Bot131$
[23:15:22]   │ T-300..240          8 $   142  |       5 $    150
[23:15:22]   │ T-240..180         11 $   296  |       5 $    188
[23:15:22]   │ T-180..120         11 $   173  |      22 $   1160
[23:15:22]   │ T-120..60           6 $   479  |      11 $     56
[23:15:22]   │ T-60..30            0 $     0  |       1 $      5
[23:15:22]   └─
[23:15:22] 
  [1m┌─ FİYAT BAND DAĞILIMI ─[0m
[23:15:22]   │ Band                    Real#    Real$  | Bot131#   Bot131$
[23:15:22]   │ Scoop $0-0.20              20 $   217  |      25 $    126
[23:15:22]   │ Long $0.20-0.40             2 $    31  |       0 $      0
[23:15:22]   │ Mid $0.40-0.65              6 $   111  |       5 $    150
[23:15:22]   │ High $0.65-0.85             2 $    63  |       1 $    101
[23:15:22]   │ LW $0.85-0.95               6 $   669  |      13 $   1181
[23:15:22]   └─
[23:15:22] 
  [1m┌─ TIMELINE (ilk 10 distinct emir) ─[0m
[23:15:22]   │   # R T-X REAL                             | O T-X OUR (Bot 131)            
[23:15:22]   │   1 T-278 $0.42 $17 40sh [TAKER]           | T-288 UP $0.48 $12             
[23:15:22]   │   2 T-271 $0.33 $15 44sh [TAKER]           | T-272 DOWN $0.57 $13           
[23:15:22]   │   3 T-269 $0.56 $23 41sh [MAKER(3)]        | T-265 DOWN $0.55 $24           
[23:15:22]   │   4 T-269 $0.57 $23 41sh [MAKER(1)]        | T-264 DOWN $0.50 $60           
[23:15:22]   │   5 T-267 $0.37 $16 43sh [MAKER(1)]        | T-251 UP $0.43 $41             
[23:15:22]   │   6 T-262 $0.47 $20 40sh [TAKER]           | T-229 UP $0.13 $5              
[23:15:22]   │   7 T-262 $0.45 $18 40sh [MAKER(3)]        | T-222 DOWN $0.90 $20           
[23:15:22]   │   8 T-257 $0.48 $10 20sh [MAKER(4)]        | T-221 DOWN $0.86 $20           
[23:15:22]   │   9 T-239 $0.76 $27 35sh [TAKER]           | T-198 DOWN $0.86 $138          
[23:15:22]   │  10 T-239 $0.76 $36 47sh [MAKER(3)]        | T-192 UP $0.15 $5              
[23:15:22]   └─
[23:15:22] 
[23:15:22] [1m[95m══════════════════════════════════════════════════════════════════════════════════[0m
[23:15:22] [1m[95m  CUMULATIVE ÖZET (9 market)[0m
[23:15:22] [1m[95m══════════════════════════════════════════════════════════════════════════════════[0m
[23:15:22]   Real bot total: $3915, 172 emir, 10 LW
[23:15:22] 
[23:15:22]   Bot               Total$  Vol_Uyum   Emir  Emir_Uyum   LW#   LW_Uyum   YönDoğr
[23:15:22]   Bot 131-Kons       $  11047 [91m%   282[0m    312 [93m%    181[0m    80 [91m%   800[0m [92m%    80[0m
[23:15:22]   Bot 132-Agr        $  54571 [91m%  1394[0m    306 [93m%    178[0m   145 [91m%  1450[0m [93m%    50[0m
[23:15:22]   Bot 134-LowImb     $  15302 [91m%   391[0m    194 [92m%    113[0m    63 [91m%   630[0m [93m%    50[0m
[23:16:07] [94m
──────────────────────────────────────────────────────────────────────────────────
┃ İterasyon #18 @ 23:16:07[0m
[23:16:09]   Yeni biten yok (9 izlenmiş, 9 analiz edildi)
[23:16:54] [94m
──────────────────────────────────────────────────────────────────────────────────
┃ İterasyon #19 @ 23:16:54[0m
[23:16:55]   Yeni biten yok (9 izlenmiş, 9 analiz edildi)
[23:17:40] [94m
──────────────────────────────────────────────────────────────────────────────────
┃ İterasyon #20 @ 23:17:40[0m
[23:17:42]   Yeni biten yok (9 izlenmiş, 9 analiz edildi)
[23:18:27] [94m
──────────────────────────────────────────────────────────────────────────────────
┃ İterasyon #21 @ 23:18:27[0m
[23:18:28]   Yeni biten yok (9 izlenmiş, 9 analiz edildi)
[23:19:13] [94m
──────────────────────────────────────────────────────────────────────────────────
┃ İterasyon #22 @ 23:19:13[0m
[23:19:15]   Yeni biten yok (9 izlenmiş, 9 analiz edildi)
[23:20:00] [94m
──────────────────────────────────────────────────────────────────────────────────
┃ İterasyon #23 @ 23:20:00[0m
[23:20:01]   Yeni biten yok (9 izlenmiş, 9 analiz edildi)
[23:20:46] [94m
──────────────────────────────────────────────────────────────────────────────────
┃ İterasyon #24 @ 23:20:46[0m
[23:20:48] [92m  1 yeni market[0m
[23:20:52] 
[23:20:52] [1m[96m══════════════════════════════════════════════════════════════════════════════════[0m
[23:20:52] [1m[96m  MARKET: btc-updown-5m-1778616900  (T+0..T+300)[0m
[23:20:52] [1m[96m══════════════════════════════════════════════════════════════════════════════════[0m
[23:20:52] 
  [1m┌─ ÖZET TABLO ─[0m
[23:20:52]   │ Kim             #emir    Total$   Shares  avg_sum  maxShot  maxP  UP/DN  dir
[23:20:52]   │ ────────────── ────── ───────── ──────── ──────── ──────── ───── ────── ────
[23:20:52]   │ [95mREAL[0m              18 $   5434    5719sh        -        -     -      -   UP
[23:20:52]   │ [94mBot 131[0m-Kons      14 $    558    1121sh   0.980 $   152  0.62  1.75x  UP[92m✓[0m
[23:20:52]   │ Bot 132        (no trades)                                                 
[23:20:52]   │ Bot 134        (no trades)                                                 
[23:20:52]   └─
[23:20:52] 
  [1m┌─ UYUM SKORU (Real vs Bot 131) ─[0m
[23:20:52]   │ Distinct emir          Real        18 | Bot        14 | [93m%78[0m
[23:20:52]   │ Total USDC             Real      5434 | Bot       558 | [91m%10[0m
[23:20:52]   │ LW emir #              Real         3 | Bot         0 | [91m%0[0m
[23:20:52]   │ LW USDC                Real      5115 | Bot         0 | [91m%0[0m
[23:20:52]   │ Scoop emir #           Real         0 | Bot         0 | (div0)[0m
[23:20:52]   │ Yön: Real=UP, Bot=UP, [92mEŞLEŞTİ ✓[0m
[23:20:52]   └─
[23:20:52] 
  [1m┌─ PHASE DAĞILIMI (T-X bantları) ─[0m
[23:20:52]   │ Phase           Real#    Real$  | Bot131#   Bot131$
[23:20:52]   │ T-300..240          0 $     0  |       1 $     73
[23:20:52]   │ T-240..180         11 $   240  |       8 $    298
[23:20:52]   │ T-180..120          2 $    17  |       4 $    182
[23:20:52]   │ T-120..60           3 $   173  |       1 $      5
[23:20:52]   │ T-60..30            2 $  5004  |       0 $      0
[23:20:52]   └─
[23:20:52] 
  [1m┌─ FİYAT BAND DAĞILIMI ─[0m
[23:20:52]   │ Band                    Real#    Real$  | Bot131#   Bot131$
[23:20:52]   │ Scoop $0-0.20               0 $     0  |       1 $      5
[23:20:52]   │ Long $0.20-0.40             3 $    50  |       3 $     28
[23:20:52]   │ Mid $0.40-0.65              7 $    96  |      10 $    525
[23:20:52]   │ High $0.65-0.85             5 $   173  |       0 $      0
[23:20:52]   │ LW $0.85-0.95               1 $   111  |       0 $      0
[23:20:52]   │ Arb $0.99+                  2 $  5004  |       0 $      0
[23:20:52]   └─
[23:20:52] 
  [1m┌─ TIMELINE (ilk 10 distinct emir) ─[0m
[23:20:52]   │   # R T-X REAL                             | O T-X OUR (Bot 131)            
[23:20:52]   │   1 T-240 $0.72 $37 50sh [TAKER]           | T-241 UP $0.62 $73             
[23:20:52]   │   2 T-240 $0.73 $38 51sh [TAKER]           | T-223 UP $0.61 $71             
[23:20:52]   │   3 T-240 $0.72 $36 50sh [MAKER(4)]        | T-216 UP $0.56 $22             
[23:20:52]   │   4 T-221 $0.40 $17 42sh [TAKER]           | T-214 UP $0.49 $152            
[23:20:52]   │   5 T-200 $0.39 $17 41sh [TAKER]           | T-211 UP $0.41 $12             
[23:20:52]   │   6 T-191 $0.49 $5 10sh [MAKER(2)]         | T-206 UP $0.37 $11             
[23:20:52]   │   7 T-189 $0.51 $20 40sh [MAKER(3)]        | T-204 UP $0.38 $5              
[23:20:52]   │   8 T-186 $0.49 $12 24sh [MAKER(3)]        | T-192 DOWN $0.49 $12           
[23:20:52]   │   9 T-184 $0.51 $21 40sh [TAKER]           | T-190 UP $0.51 $12             
[23:20:52]   │  10 T-184 $0.46 $18 40sh [MAKER(2)]        | T-180 UP $0.36 $11             
[23:20:52]   └─
[23:20:52] 
[23:20:52] [1m[95m══════════════════════════════════════════════════════════════════════════════════[0m
[23:20:52] [1m[95m  CUMULATIVE ÖZET (10 market)[0m
[23:20:52] [1m[95m══════════════════════════════════════════════════════════════════════════════════[0m
[23:20:52]   Real bot total: $9349, 190 emir, 13 LW
[23:20:52] 
[23:20:52]   Bot               Total$  Vol_Uyum   Emir  Emir_Uyum   LW#   LW_Uyum   YönDoğr
[23:20:52]   Bot 131-Kons       $  11605 [92m%   124[0m    326 [93m%    172[0m    80 [91m%   615[0m [92m%    83[0m
[23:20:52]   Bot 132-Agr        $  54571 [91m%   584[0m    306 [93m%    161[0m   145 [91m%  1115[0m [93m%    50[0m
[23:20:52]   Bot 134-LowImb     $  15302 [93m%   164[0m    194 [92m%    102[0m    63 [91m%   485[0m [93m%    50[0m
[23:21:37] [94m
──────────────────────────────────────────────────────────────────────────────────
┃ İterasyon #25 @ 23:21:37[0m
[23:21:38]   Yeni biten yok (10 izlenmiş, 10 analiz edildi)
[23:22:12] ██████████████████████████████████████████████████████████████████████████████████
[23:22:12] KAPSAMLI CANLI İZLEME — Real bot vs Bot 131/132/134
[23:22:12] ██████████████████████████████████████████████████████████████████████████████████
[23:22:12] 
[23:22:12] Bot config'leri:
[23:22:14]   Bot 131 (131-Kons): order=$3 lw=$100 max=10 imb=1000 avgcap=1.05
[23:22:15]   Bot 132 (132-Agr): order=$10 lw=$200 max=30 imb=1000 avgcap=1.05
[23:22:17]   Bot 134 (134-LowImb): order=$5 lw=$100 max=20 imb=300 avgcap=1.05
[23:22:17] 
[23:22:17] arb_mult formülü: $0.99+×T>120 = [1m20x[0m (güncel), $0.97-0.99×T-60..30 = 6.1x
[23:22:17] 
[23:22:17] [94m
──────────────────────────────────────────────────────────────────────────────────
┃ İterasyon #1 @ 23:22:17[0m
[23:22:18] [92m  6 yeni market[0m
[23:22:22] 
[23:22:22] [1m[96m══════════════════════════════════════════════════════════════════════════════════[0m
[23:22:22] [1m[96m  MARKET: btc-updown-5m-1778616900  (T+0..T+300)[0m
[23:22:22] [1m[96m══════════════════════════════════════════════════════════════════════════════════[0m
[23:22:22] 
  [1m┌─ ÖZET TABLO ─[0m
[23:22:22]   │ Kim             #emir    Total$   Shares  avg_sum  maxShot  maxP  UP/DN  dir
[23:22:22]   │ ────────────── ────── ───────── ──────── ──────── ──────── ───── ────── ────
[23:22:22]   │ [95mREAL[0m              18 $   5434    5719sh        -        -     -      -   UP
[23:22:22]   │ [94mBot 131[0m-Kons      14 $    558    1121sh   0.980 $   152  0.62  1.75x  UP[92m✓[0m
[23:22:22]   │ Bot 132        (no trades)                                                 
[23:22:22]   │ Bot 134        (no trades)                                                 
[23:22:22]   └─
[23:22:22] 
  [1m┌─ UYUM SKORU (Real vs Bot 131) ─[0m
[23:22:22]   │ Distinct emir          Real        18 | Bot        14 | [93m%78[0m
[23:22:22]   │ Total USDC             Real      5434 | Bot       558 | [91m%10[0m
[23:22:22]   │ LW emir #              Real         3 | Bot         0 | [91m%0[0m
[23:22:22]   │ LW USDC                Real      5115 | Bot         0 | [91m%0[0m
[23:22:22]   │ Scoop emir #           Real         0 | Bot         0 | (div0)[0m
[23:22:22]   │ Yön: Real=UP, Bot=UP, [92mEŞLEŞTİ ✓[0m
[23:22:22]   └─
[23:22:22] 
  [1m┌─ PHASE DAĞILIMI (T-X bantları) ─[0m
[23:22:22]   │ Phase           Real#    Real$  | Bot131#   Bot131$
[23:22:22]   │ T-300..240          0 $     0  |       1 $     73
[23:22:22]   │ T-240..180         11 $   240  |       8 $    298
[23:22:22]   │ T-180..120          2 $    17  |       4 $    182
[23:22:22]   │ T-120..60           3 $   173  |       1 $      5
[23:22:22]   │ T-60..30            2 $  5004  |       0 $      0
[23:22:22]   └─
[23:22:22] 
  [1m┌─ FİYAT BAND DAĞILIMI ─[0m
[23:22:22]   │ Band                    Real#    Real$  | Bot131#   Bot131$
[23:22:22]   │ Scoop $0-0.20               0 $     0  |       1 $      5
[23:22:22]   │ Long $0.20-0.40             3 $    50  |       3 $     28
[23:22:22]   │ Mid $0.40-0.65              7 $    96  |      10 $    525
[23:22:22]   │ High $0.65-0.85             5 $   173  |       0 $      0
[23:22:22]   │ LW $0.85-0.95               1 $   111  |       0 $      0
[23:22:22]   │ Arb $0.99+                  2 $  5004  |       0 $      0
[23:22:22]   └─
[23:22:22] 
  [1m┌─ TIMELINE (ilk 10 distinct emir) ─[0m
[23:22:22]   │   # R T-X REAL                             | O T-X OUR (Bot 131)            
[23:22:22]   │   1 T-240 $0.72 $37 50sh [TAKER]           | T-241 UP $0.62 $73             
[23:22:22]   │   2 T-240 $0.73 $38 51sh [TAKER]           | T-223 UP $0.61 $71             
[23:22:22]   │   3 T-240 $0.72 $36 50sh [MAKER(4)]        | T-216 UP $0.56 $22             
[23:22:22]   │   4 T-221 $0.40 $17 42sh [TAKER]           | T-214 UP $0.49 $152            
[23:22:22]   │   5 T-200 $0.39 $17 41sh [TAKER]           | T-211 UP $0.41 $12             
[23:22:22]   │   6 T-191 $0.49 $5 10sh [MAKER(2)]         | T-206 UP $0.37 $11             
[23:22:22]   │   7 T-189 $0.51 $20 40sh [MAKER(3)]        | T-204 UP $0.38 $5              
[23:22:22]   │   8 T-186 $0.49 $12 24sh [MAKER(3)]        | T-192 DOWN $0.49 $12           
[23:22:22]   │   9 T-184 $0.51 $21 40sh [TAKER]           | T-190 UP $0.51 $12             
[23:22:22]   │  10 T-184 $0.46 $18 40sh [MAKER(2)]        | T-180 UP $0.36 $11             
[23:22:22]   └─
[23:22:29] 
[23:22:29] [1m[96m══════════════════════════════════════════════════════════════════════════════════[0m
[23:22:29] [1m[96m  MARKET: btc-updown-5m-1778616600  (T+0..T+300)[0m
[23:22:29] [1m[96m══════════════════════════════════════════════════════════════════════════════════[0m
[23:22:29] 
  [1m┌─ ÖZET TABLO ─[0m
[23:22:29]   │ Kim             #emir    Total$   Shares  avg_sum  maxShot  maxP  UP/DN  dir
[23:22:29]   │ ────────────── ────── ───────── ──────── ──────── ──────── ───── ────── ────
[23:22:29]   │ [95mREAL[0m              21 $    723    1900sh        -        -     -      -   UP
[23:22:29]   │ [94mBot 131[0m-Kons      44 $   1558    2809sh   1.010 $   138  0.93  0.76x  UP[92m✓[0m
[23:22:29]   │ Bot 132        (no trades)                                                 
[23:22:29]   │ Bot 134        (no trades)                                                 
[23:22:29]   └─
[23:22:29] 
  [1m┌─ UYUM SKORU (Real vs Bot 131) ─[0m
[23:22:29]   │ Distinct emir          Real        21 | Bot        44 | [91m%210[0m
[23:22:29]   │ Total USDC             Real       723 | Bot      1558 | [91m%216[0m
[23:22:29]   │ LW emir #              Real         4 | Bot        13 | [91m%325[0m
[23:22:29]   │ LW USDC                Real       530 | Bot      1181 | [91m%223[0m
[23:22:29]   │ Scoop emir #           Real        12 | Bot        22 | [93m%183[0m
[23:22:29]   │ Yön: Real=UP, Bot=UP, [92mEŞLEŞTİ ✓[0m
[23:22:29]   └─
[23:22:29] 
  [1m┌─ PHASE DAĞILIMI (T-X bantları) ─[0m
[23:22:29]   │ Phase           Real#    Real$  | Bot131#   Bot131$
[23:22:29]   │ T-300..240          0 $     0  |       5 $    150
[23:22:29]   │ T-240..180          4 $    71  |       5 $    188
[23:22:29]   │ T-180..120         11 $   173  |      22 $   1160
[23:22:29]   │ T-120..60           6 $   479  |      11 $     56
[23:22:29]   │ T-60..30            0 $     0  |       1 $      5
[23:22:29]   └─
[23:22:29] 
  [1m┌─ FİYAT BAND DAĞILIMI ─[0m
[23:22:29]   │ Band                    Real#    Real$  | Bot131#   Bot131$
[23:22:29]   │ Scoop $0-0.20              17 $   192  |      25 $    126
[23:22:29]   │ Mid $0.40-0.65              0 $     0  |       5 $    150
[23:22:29]   │ High $0.65-0.85             0 $     0  |       1 $    101
[23:22:29]   │ LW $0.85-0.95               4 $   530  |      13 $   1181
[23:22:29]   └─
[23:22:29] 
  [1m┌─ TIMELINE (ilk 10 distinct emir) ─[0m
[23:22:29]   │   # R T-X REAL                             | O T-X OUR (Bot 131)            
[23:22:29]   │   1 T-188 $0.14 $1 10sh [TAKER]            | T-288 UP $0.48 $12             
[23:22:29]   │   2 T-188 $0.15 $45 302sh [MAKER(12)]      | T-272 DOWN $0.57 $13           
[23:22:29]   │   3 T-187 $0.16 $12 71sh [TAKER]           | T-265 DOWN $0.55 $24           
[23:22:29]   │   4 T-181 $0.16 $12 71sh [TAKER]           | T-264 DOWN $0.50 $60           
[23:22:29]   │   5 T-180 $0.16 $12 71sh [TAKER]           | T-251 UP $0.43 $41             
[23:22:29]   │   6 T-167 $0.87 $77 88sh [MAKER(4)]        | T-229 UP $0.13 $5              
[23:22:29]   │   7 T-160 $0.13 $11 83sh [TAKER]           | T-222 DOWN $0.90 $20           
[23:22:29]   │   8 T-159 $0.13 $11 78sh [TAKER]           | T-221 DOWN $0.86 $20           
[23:22:29]   │   9 T-159 $0.13 $12 88sh [TAKER]           | T-198 DOWN $0.86 $138          
[23:22:29]   │  10 T-146 $0.12 $17 143sh [MAKER(8)]       | T-192 UP $0.15 $5              
[23:22:29]   └─
[23:22:36] 
[23:22:36] [1m[96m══════════════════════════════════════════════════════════════════════════════════[0m
[23:22:36] [1m[96m  MARKET: btc-updown-5m-1778616300  (T+0..T+300)[0m
[23:22:36] [1m[96m══════════════════════════════════════════════════════════════════════════════════[0m
[23:22:36] 
  [1m┌─ ÖZET TABLO ─[0m
[23:22:36]   │ Kim             #emir    Total$   Shares  avg_sum  maxShot  maxP  UP/DN  dir
[23:22:36]   │ ────────────── ────── ───────── ──────── ──────── ──────── ───── ────── ────
[23:22:36]   │ [95mREAL[0m               0 $      0       0sh        -        -     -      -    ?
[23:22:36]   │ [94mBot 131[0m-Kons      33 $   1685    2656sh   0.965 $   200  0.95  0.45x  UP[92m✓[0m
[23:22:36]   │ Bot 132        (no trades)                                                 
[23:22:36]   │ Bot 134        (no trades)                                                 
[23:22:36]   └─
[23:22:36] 
  [1m┌─ ARB_MULT DOĞRULAMA (Bot 131 TAKER LW shotları, lw_usdc=$100) ─[0m
[23:22:36]   │   T-X  Out  Price   Size  ExpMult  ExpSize   Sapma%
[23:22:36]   │ T-115 DOWN $0.950   211    2.00x     211 [92m     0%[0m
[23:22:36]   └─
[23:35:16] 
[23:35:16] [1m[96m══════════════════════════════════════════════════════════════════════════════════[0m
[23:35:16] [1m[96m  MARKET: btc-updown-5m-1778616000  (T+0..T+300)[0m
[23:35:16] [1m[96m══════════════════════════════════════════════════════════════════════════════════[0m
[23:35:16] 
  [1m┌─ ÖZET TABLO ─[0m
[23:35:16]   │ Kim             #emir    Total$   Shares  avg_sum  maxShot  maxP  UP/DN  dir
[23:35:16]   │ ────────────── ────── ───────── ──────── ──────── ──────── ───── ────── ────
[23:35:16]   │ [95mREAL[0m               0 $      0       0sh        -        -     -      -    ?
[23:35:16]   │ [94mBot 131[0m-Kons      38 $    801    1602sh   0.997 $    94  0.74  0.87x  UP[92m✓[0m
[23:35:16]   │ Bot 132        (no trades)                                                 
[23:35:16]   │ Bot 134        (no trades)                                                 
[23:35:16]   └─
[23:35:21] 
[23:35:21] [1m[96m══════════════════════════════════════════════════════════════════════════════════[0m
[23:35:21] [1m[96m  MARKET: btc-updown-5m-1778615700  (T+0..T+300)[0m
[23:35:21] [1m[96m══════════════════════════════════════════════════════════════════════════════════[0m
[23:35:21] 
  [1m┌─ ÖZET TABLO ─[0m
[23:35:21]   │ Kim             #emir    Total$   Shares  avg_sum  maxShot  maxP  UP/DN  dir
[23:35:21]   │ ────────────── ────── ───────── ──────── ──────── ──────── ───── ────── ────
[23:35:21]   │ [95mREAL[0m               0 $      0       0sh        -        -     -      -    ?
[23:35:21]   │ [94mBot 131[0m-Kons      41 $   2081    2967sh   1.042 $   137  0.93  8.79x  UP[92m✓[0m
[23:35:21]   │ [94mBot 132[0m-Agr        5 $    736    1287sh   0.572 $   336  0.63 99.00x  UP[92m✓[0m
[23:35:21]   │ [94mBot 134[0m-LowImb      4 $    450     791sh   0.569 $   221  0.62 99.00x  UP[92m✓[0m
[23:35:21]   └─
[23:35:26] 
[23:35:26] [1m[96m══════════════════════════════════════════════════════════════════════════════════[0m
[23:35:26] [1m[96m  MARKET: btc-updown-5m-1778615400  (T+0..T+300)[0m
[23:35:26] [1m[96m══════════════════════════════════════════════════════════════════════════════════[0m
[23:35:26] 
  [1m┌─ ÖZET TABLO ─[0m
[23:35:26]   │ Kim             #emir    Total$   Shares  avg_sum  maxShot  maxP  UP/DN  dir
[23:35:26]   │ ────────────── ────── ───────── ──────── ──────── ──────── ───── ────── ────
[23:35:26]   │ [95mREAL[0m               0 $      0       0sh        -        -     -      -    ?
[23:35:26]   │ [94mBot 131[0m-Kons      22 $   1160    1672sh   1.003 $   156  0.95  2.76x  UP[92m✓[0m
[23:35:26]   │ [94mBot 132[0m-Agr       44 $  10053   14961sh   1.018 $   755  0.95  2.26x  UP[92m✓[0m
[23:35:26]   │ [94mBot 134[0m-LowImb     46 $   4716    7777sh   1.018 $   431  0.95  1.60x  UP[92m✓[0m
[23:35:26]   └─
[23:35:26] 
  [1m┌─ ARB_MULT DOĞRULAMA (Bot 131 TAKER LW shotları, lw_usdc=$100) ─[0m
[23:35:26]   │   T-X  Out  Price   Size  ExpMult  ExpSize   Sapma%
[23:35:26]   │ T-179   UP $0.950   106    2.00x     211 [93m    50%[0m
[23:35:26]   │ T-179   UP $0.950   106    2.00x     211 [93m    50%[0m
[23:35:26]   │ T-178   UP $0.950   106    2.00x     211 [93m    50%[0m
[23:35:26]   │ T-177   UP $0.950   106    2.00x     211 [93m    50%[0m
[23:35:26]   │ T-176   UP $0.950   106    2.00x     211 [93m    50%[0m
[23:35:26]   │ T-175   UP $0.950   106    2.00x     211 [93m    50%[0m
[23:35:26]   │ T-174   UP $0.950   106    2.00x     211 [93m    50%[0m
[23:35:26]   │ T-173   UP $0.950   106    2.00x     211 [93m    50%[0m
[23:35:26]   └─
[23:35:26] 
[23:35:26] [1m[95m══════════════════════════════════════════════════════════════════════════════════[0m
[23:35:26] [1m[95m  CUMULATIVE ÖZET (6 market)[0m
[23:35:26] [1m[95m══════════════════════════════════════════════════════════════════════════════════[0m
[23:35:26]   Real bot total: $6157, 39 emir, 7 LW
[23:35:26] 
[23:35:26]   Bot               Total$  Vol_Uyum   Emir  Emir_Uyum   LW#   LW_Uyum   YönDoğr
[23:35:26]   Bot 131-Kons       $   7844 [92m%   127[0m    192 [91m%    492[0m    45 [91m%   643[0m [92m%   100[0m
[23:35:26]   Bot 132-Agr        $  10789 [93m%   175[0m     49 [92m%    126[0m    24 [91m%   343[0m [91m%     0[0m
[23:35:26]   Bot 134-LowImb     $   5166 [92m%    84[0m     50 [92m%    128[0m    22 [91m%   314[0m [91m%     0[0m
[23:36:11] [94m
──────────────────────────────────────────────────────────────────────────────────
┃ İterasyon #2 @ 23:36:11[0m
[23:36:13] [92m  3 yeni market[0m
[23:36:17] 
[23:36:17] [1m[96m══════════════════════════════════════════════════════════════════════════════════[0m
[23:36:17] [1m[96m  MARKET: btc-updown-5m-1778617800  (T+0..T+300)[0m
[23:36:17] [1m[96m══════════════════════════════════════════════════════════════════════════════════[0m
[23:36:17] 
  [1m┌─ ÖZET TABLO ─[0m
[23:36:17]   │ Kim             #emir    Total$   Shares  avg_sum  maxShot  maxP  UP/DN  dir
[23:36:17]   │ ────────────── ────── ───────── ──────── ──────── ──────── ───── ────── ────
[23:36:17]   │ [95mREAL[0m               0 $      0       0sh        -        -     -      -    ?
[23:36:17]   │ [94mBot 131[0m-Kons      27 $   1263    2122sh   0.935 $   100  0.92  0.51x  UP[92m✓[0m
[23:36:17]   │ Bot 132        (no trades)                                                 
[23:36:17]   │ [94mBot 134[0m-LowImb     43 $   2520    5640sh   0.950 $   180  0.93  1.15x  UP[92m✓[0m
[23:36:17]   └─
[23:36:20] 
[23:36:21] [1m[96m══════════════════════════════════════════════════════════════════════════════════[0m
[23:36:21] [1m[96m  MARKET: btc-updown-5m-1778617500  (T+0..T+300)[0m
[23:36:21] [1m[96m══════════════════════════════════════════════════════════════════════════════════[0m
[23:36:21] 
  [1m┌─ ÖZET TABLO ─[0m
[23:36:21]   │ Kim             #emir    Total$   Shares  avg_sum  maxShot  maxP  UP/DN  dir
[23:36:21]   │ ────────────── ────── ───────── ──────── ──────── ──────── ───── ────── ────
[23:36:21]   │ [95mREAL[0m               0 $      0       0sh        -        -     -      -    ?
[23:36:21]   │ [94mBot 131[0m-Kons      24 $    616    1190sh   1.017 $   218  0.87  1.23x  UP[92m✓[0m
[23:36:21]   │ Bot 132        (no trades)                                                 
[23:36:21]   │ [94mBot 134[0m-LowImb      8 $    479     925sh   1.009 $   155  0.62  0.18x  UP[92m✓[0m
[23:36:21]   └─
[23:36:24] 
[23:36:24] [1m[96m══════════════════════════════════════════════════════════════════════════════════[0m
[23:36:24] [1m[96m  MARKET: btc-updown-5m-1778617200  (T+0..T+300)[0m
[23:36:24] [1m[96m══════════════════════════════════════════════════════════════════════════════════[0m
[23:36:24] 
  [1m┌─ ÖZET TABLO ─[0m
[23:36:24]   │ Kim             #emir    Total$   Shares  avg_sum  maxShot  maxP  UP/DN  dir
[23:36:24]   │ ────────────── ────── ───────── ──────── ──────── ──────── ───── ────── ────
[23:36:24]   │ [95mREAL[0m               2 $     27     101sh        -        -     -      - DOWN
[23:36:24]   │ [94mBot 131[0m-Kons      14 $    988    1395sh   1.029 $   245  0.87  0.05x  UP[91m✗[0m
[23:36:24]   │ Bot 132        (no trades)                                                 
[23:36:24]   │ [94mBot 134[0m-LowImb      9 $    890    1226sh   1.051 $   294  0.89  0.10x  UP[91m✗[0m
[23:36:24]   └─
[23:36:24] 
  [1m┌─ UYUM SKORU (Real vs Bot 131) ─[0m
[23:36:24]   │ Distinct emir          Real         2 | Bot        14 | [91m%700[0m
[23:36:24]   │ Total USDC             Real        27 | Bot       988 | [91m%3648[0m
[23:36:24]   │ LW emir #              Real         0 | Bot         1 | (div0)[0m
[23:36:24]   │ LW USDC                Real         0 | Bot       100 | (div0)[0m
[23:36:24]   │ Scoop emir #           Real         0 | Bot         0 | (div0)[0m
[23:36:24]   │ Yön: Real=DOWN, Bot=UP, [91mTERS ✗[0m
[23:36:24]   └─
[23:36:24] 
  [1m┌─ PHASE DAĞILIMI (T-X bantları) ─[0m
[23:36:24]   │ Phase           Real#    Real$  | Bot131#   Bot131$
[23:36:24]   │ T-300..240          0 $     0  |       1 $    101
[23:36:24]   │ T-240..180          2 $    27  |       3 $    114
[23:36:24]   │ T-180..120          0 $     0  |       1 $    245
[23:36:24]   │ T-120..60           0 $     0  |       9 $    528
[23:36:24]   └─
[23:36:24] 
  [1m┌─ FİYAT BAND DAĞILIMI ─[0m
[23:36:24]   │ Band                    Real#    Real$  | Bot131#   Bot131$
[23:36:24]   │ Long $0.20-0.40             2 $    27  |       4 $     21
[23:36:24]   │ Mid $0.40-0.65              0 $     0  |       2 $     23
[23:36:24]   │ High $0.65-0.85             0 $     0  |       7 $    844
[23:36:24]   │ LW $0.85-0.95               0 $     0  |       1 $    100
[23:36:24]   └─
[23:36:24] 
  [1m┌─ TIMELINE (ilk 10 distinct emir) ─[0m
[23:36:24]   │   # R T-X REAL                             | O T-X OUR (Bot 131)            
[23:36:24]   │   1 T-195 $0.26 $13 49sh [TAKER]           | T-242 DOWN $0.72 $101          
[23:36:24]   │   2 T-195 $0.25 $14 52sh [TAKER]           | T-231 UP $0.29 $5              
[23:36:24]   │   3     - -                                | T-227 UP $0.28 $5              
[23:36:24]   │   4     - -                                | T-191 DOWN $0.74 $104          
[23:36:24]   │   5     - -                                | T-175 DOWN $0.73 $245          
[23:36:24]   │   6     - -                                | T-119 DOWN $0.87 $100          
[23:36:24]   │   7     - -                                | T-116 DOWN $0.75 $91           
[23:36:24]   │   8     - -                                | T-115 DOWN $0.72 $181          
[23:36:24]   │   9     - -                                | T-112 UP $0.30 $5              
[23:36:24]   │  10     - -                                | T-109 UP $0.33 $5              
[23:36:24]   └─
[23:36:24] 
[23:36:24] [1m[95m══════════════════════════════════════════════════════════════════════════════════[0m
[23:36:24] [1m[95m  CUMULATIVE ÖZET (9 market)[0m
[23:36:24] [1m[95m══════════════════════════════════════════════════════════════════════════════════[0m
[23:36:24]   Real bot total: $6184, 41 emir, 7 LW
[23:36:24] 
[23:36:24]   Bot               Total$  Vol_Uyum   Emir  Emir_Uyum   LW#   LW_Uyum   YönDoğr
[23:36:24]   Bot 131-Kons       $  10710 [93m%   173[0m    257 [91m%    627[0m    60 [91m%   857[0m [93m%    67[0m
[23:36:24]   Bot 132-Agr        $  10789 [93m%   174[0m     49 [92m%    120[0m    24 [91m%   343[0m [91m%     0[0m
[23:36:24]   Bot 134-LowImb     $   9055 [93m%   146[0m    110 [91m%    268[0m    45 [91m%   643[0m [91m%     0[0m
[23:37:09] [94m
──────────────────────────────────────────────────────────────────────────────────
┃ İterasyon #3 @ 23:37:09[0m
[23:37:11]   Yeni biten yok (9 izlenmiş, 9 analiz edildi)
[23:37:56] [94m
──────────────────────────────────────────────────────────────────────────────────
┃ İterasyon #4 @ 23:37:56[0m
[23:37:57]   Yeni biten yok (9 izlenmiş, 9 analiz edildi)
[23:38:42] [94m
──────────────────────────────────────────────────────────────────────────────────
┃ İterasyon #5 @ 23:38:42[0m
[23:38:43]   Yeni biten yok (9 izlenmiş, 9 analiz edildi)
[23:39:28] [94m
──────────────────────────────────────────────────────────────────────────────────
┃ İterasyon #6 @ 23:39:28[0m
[23:39:29]   Yeni biten yok (9 izlenmiş, 9 analiz edildi)
[23:40:14] [94m
──────────────────────────────────────────────────────────────────────────────────
┃ İterasyon #7 @ 23:40:14[0m
[23:40:15]   Yeni biten yok (9 izlenmiş, 9 analiz edildi)
