{
  "exported_at_utc": "20260512T075146Z",
  "window_start_unix": 1778529105,
  "window_end_unix": 1778572305,
  "market_condition_ids": [
    "0xb39c7582534181002f411999b41f1cc685c4865754a32cb0784877862ee7b8ae"
  ],
  "gamma_resolved_slugs": [
    "btc-updown-5m-1778569800"
  ],
  "title_contains": null,
  "by_slug": [
    {
      "slug": "btc-updown-5m-1778569800",
      "event_slug": "btc-updown-5m-1778569800",
      "condition_id": "0xb39c7582534181002f411999b41f1cc685c4865754a32cb0784877862ee7b8ae",
      "title": "Bitcoin Up or Down - May 12, 3:10AM-3:15AM ET",
      "activity_count": 52,
      "trades_count": 51
    }
  ],
  "raw_preview": null,
  "orderbooks": null,
  "resolution": {
    "input_address": "0xeebde7a0e019a63e6b476eb425505b7b3e6eba30",
    "query_address": "0xeebde7a0e019a63e6b476eb425505b7b3e6eba30",
    "profile": {
      "createdAt": "2026-03-25T05:55:18.904078Z",
      "proxyWallet": "0xeebde7a0e019a63e6b476eb425505b7b3e6eba30",
      "displayUsernamePublic": true,
      "pseudonym": "Popular-Insurrection",
      "name": "Bonereaper",
      "users": [
        {
          "id": "6943965",
          "creator": false,
          "mod": false,
          "communityMod": false
        }
      ],
      "verifiedBadge": false
    }
  },
  "activity": [
    {
      "proxyWallet": "0xeebde7a0e019a63e6b476eb425505b7b3e6eba30",
      "timestamp": 1778570139,
      "conditionId": "0xb39c7582534181002f411999b41f1cc685c4865754a32cb0784877862ee7b8ae",
      "type": "REDEEM",
      "size": 7569.1969,
      "usdcSize": 7569.1969,
      "transactionHash": "0x65a3b1185b24ffec7228f98298363ff43918b3fadb8d71563f72a947c7085978",
      "price": 0,
      "asset": "",
      "side": "",
      "outcomeIndex": 999,
      "title": "Bitcoin Up or Down - May 12, 3:10AM-3:15AM ET",
      "slug": "btc-updown-5m-1778569800",
      "icon": "https://polymarket-upload.s3.us-east-2.amazonaws.com/BTC+fullsize.png",
      "eventSlug": "btc-updown-5m-1778569800",
      "outcome": "",
      "name": "Bonereaper",
      "pseudonym": "Popular-Insurrection",
      "bio": "",
      "profileImage": "",
      "profileImageOptimized": ""
    },
    {
      "proxyWallet": "0xeebde7a0e019a63e6b476eb425505b7b3e6eba30",
      "timestamp": 1778569990,
      "conditionId": "0xb39c7582534181002f411999b41f1cc685c4865754a32cb0784877862ee7b8ae",
      "type": "TRADE",
      "size": 12.15,
      "usdcSize": 12.0285,
      "transactionHash": "0x3e170987f59be0578b5a9e8951667fa3365f7fff701299744645f19ef5c51c8f",
      "price": 0.99,
      "asset": "86156363572767085796571027340041437155947652227815640820623389932671480673017",
      "side": "BUY",
      "outcomeIndex": 0,
      "title": "Bitcoin Up or Down - May 12, 3:10AM-3:15AM ET",
      "slug": "btc-updown-5m-1778569800",
      "icon": "https://polymarket-upload.s3.us-east-2.amazonaws.com/BTC+fullsize.png",
      "eventSlug": "btc-updown-5m-1778569800",
      "outcome": "Up",
      "name": "Bonereaper",
      "pseudonym": "Popular-Insurrection",
      "bio": "",
      "profileImage": "",
      "profileImageOptimized": ""
    },
    {
      "proxyWallet": "0xeebde7a0e019a63e6b476eb425505b7b3e6eba30",
      "timestamp": 1778569985,
      "conditionId": "0xb39c7582534181002f411999b41f1cc685c4865754a32cb0784877862ee7b8ae",
      "type": "TRADE",
      "size": 100,
      "usdcSize": 99,
      "transactionHash": "0xddc680c2c94029e956b0fc88636553e161a78875a28c8c33978d9433de272b7d",
      "price": 0.99,
      "asset": "86156363572767085796571027340041437155947652227815640820623389932671480673017",
      "side": "BUY",
      "outcomeIndex": 0,
      "title": "Bitcoin Up or Down - May 12, 3:10AM-3:15AM ET",
      "slug": "btc-updown-5m-1778569800",
      "icon": "https://polymarket-upload.s3.us-east-2.amazonaws.com/BTC+fullsize.png",
      "eventSlug": "btc-updown-5m-1778569800",
      "outcome": "Up",
      "name": "Bonereaper",
      "pseudonym": "Popular-Insurrection",
      "bio": "",
      "profileImage": "",
      "profileImageOptimized": ""
    },
    {
      "proxyWallet": "0xeebde7a0e019a63e6b476eb425505b7b3e6eba30",
      "timestamp": 1778569985,
      "conditionId": "0xb39c7582534181002f411999b41f1cc685c4865754a32cb0784877862ee7b8ae",
      "type": "TRADE",
      "size": 10,
      "usdcSize": 9.9,
      "transactionHash": "0x05f6c660fa2afba09d551942daa77404411ae6f71504c636a137feb3eb36b767",
      "price": 0.99,
      "asset": "86156363572767085796571027340041437155947652227815640820623389932671480673017",
      "side": "BUY",
      "outcomeIndex": 0,
      "title": "Bitcoin Up or Down - May 12, 3:10AM-3:15AM ET",
      "slug": "btc-updown-5m-1778569800",
      "icon": "https://polymarket-upload.s3.us-east-2.amazonaws.com/BTC+fullsize.png",
      "eventSlug": "btc-updown-5m-1778569800",
      "outcome": "Up",
      "name": "Bonereaper",
      "pseudonym": "Popular-Insurrection",
      "bio": "",
      "profileImage": "",
      "profileImageOptimized": ""
    },
    {
      "proxyWallet": "0xeebde7a0e019a63e6b476eb425505b7b3e6eba30",
      "timestamp": 1778569981,
      "conditionId": "0xb39c7582534181002f411999b41f1cc685c4865754a32cb0784877862ee7b8ae",
      "type": "TRADE",
      "size": 1.26,
      "usdcSize": 1.2474,
      "transactionHash": "0xddc13148b80d980b211a2aa81941cb39dd904708b6daffab6fcaf4d2c4a93772",
      "price": 0.99,
      "asset": "86156363572767085796571027340041437155947652227815640820623389932671480673017",
      "side": "BUY",
      "outcomeIndex": 0,
      "title": "Bitcoin Up or Down - May 12, 3:10AM-3:15AM ET",
      "slug": "btc-updown-5m-1778569800",
      "icon": "https://polymarket-upload.s3.us-east-2.amazonaws.com/BTC+fullsize.png",
      "eventSlug": "btc-updown-5m-1778569800",
      "outcome": "Up",
      "name": "Bonereaper",
      "pseudonym": "Popular-Insurrection",
      "bio": "",
      "profileImage": "",
      "profileImageOptimized": ""
    },
    {
      "proxyWallet": "0xeebde7a0e019a63e6b476eb425505b7b3e6eba30",
      "timestamp": 1778569980,
      "conditionId": "0xb39c7582534181002f411999b41f1cc685c4865754a32cb0784877862ee7b8ae",
      "type": "TRADE",
      "size": 5,
      "usdcSize": 4.95,
      "transactionHash": "0xc3a890384f5597a36226d4a0483a25f62427d63fa41bae0ea0bb6c52fb6e940f",
      "price": 0.99,
      "asset": "86156363572767085796571027340041437155947652227815640820623389932671480673017",
      "side": "BUY",
      "outcomeIndex": 0,
      "title": "Bitcoin Up or Down - May 12, 3:10AM-3:15AM ET",
      "slug": "btc-updown-5m-1778569800",
      "icon": "https://polymarket-upload.s3.us-east-2.amazonaws.com/BTC+fullsize.png",
      "eventSlug": "btc-updown-5m-1778569800",
      "outcome": "Up",
      "name": "Bonereaper",
      "pseudonym": "Popular-Insurrection",
      "bio": "",
      "profileImage": "",
      "profileImageOptimized": ""
    },
    {
      "proxyWallet": "0xeebde7a0e019a63e6b476eb425505b7b3e6eba30",
      "timestamp": 1778569980,
      "conditionId": "0xb39c7582534181002f411999b41f1cc685c4865754a32cb0784877862ee7b8ae",
      "type": "TRADE",
      "size": 100,
      "usdcSize": 99,
      "transactionHash": "0x2a416eb2b1073e1fd967a734d65b01f979bd3b48931e4e59fbda45842ea4333e",
      "price": 0.99,
      "asset": "86156363572767085796571027340041437155947652227815640820623389932671480673017",
      "side": "BUY",
      "outcomeIndex": 0,
      "title": "Bitcoin Up or Down - May 12, 3:10AM-3:15AM ET",
      "slug": "btc-updown-5m-1778569800",
      "icon": "https://polymarket-upload.s3.us-east-2.amazonaws.com/BTC+fullsize.png",
      "eventSlug": "btc-updown-5m-1778569800",
      "outcome": "Up",
      "name": "Bonereaper",
      "pseudonym": "Popular-Insurrection",
      "bio": "",
      "profileImage": "",
      "profileImageOptimized": ""
    },
    {
      "proxyWallet": "0xeebde7a0e019a63e6b476eb425505b7b3e6eba30",
      "timestamp": 1778569980,
      "conditionId": "0xb39c7582534181002f411999b41f1cc685c4865754a32cb0784877862ee7b8ae",
      "type": "TRADE",
      "size": 911.53,
      "usdcSize": 903.0463900000001,
      "transactionHash": "0x81fae93da461c598b9ed82b145edb77beaa1b5a70e47d68bf746c0724ab77334",
      "price": 0.99,
      "asset": "86156363572767085796571027340041437155947652227815640820623389932671480673017",
      "side": "BUY",
      "outcomeIndex": 0,
      "title": "Bitcoin Up or Down - May 12, 3:10AM-3:15AM ET",
      "slug": "btc-updown-5m-1778569800",
      "icon": "https://polymarket-upload.s3.us-east-2.amazonaws.com/BTC+fullsize.png",
      "eventSlug": "btc-updown-5m-1778569800",
      "outcome": "Up",
      "name": "Bonereaper",
      "pseudonym": "Popular-Insurrection",
      "bio": "",
      "profileImage": "",
      "profileImageOptimized": ""
    },
    {
      "proxyWallet": "0xeebde7a0e019a63e6b476eb425505b7b3e6eba30",
      "timestamp": 1778569980,
      "conditionId": "0xb39c7582534181002f411999b41f1cc685c4865754a32cb0784877862ee7b8ae",
      "type": "TRADE",
      "size": 3906.06,
      "usdcSize": 3869.70629,
      "transactionHash": "0x2f8cc8c40547faf7fcfbe0bfa2363f209f2456b168a734ddf195f71764e24c0a",
      "price": 0.99,
      "asset": "86156363572767085796571027340041437155947652227815640820623389932671480673017",
      "side": "BUY",
      "outcomeIndex": 0,
      "title": "Bitcoin Up or Down - May 12, 3:10AM-3:15AM ET",
      "slug": "btc-updown-5m-1778569800",
      "icon": "https://polymarket-upload.s3.us-east-2.amazonaws.com/BTC+fullsize.png",
      "eventSlug": "btc-updown-5m-1778569800",
      "outcome": "Up",
      "name": "Bonereaper",
      "pseudonym": "Popular-Insurrection",
      "bio": "",
      "profileImage": "",
      "profileImageOptimized": ""
    },
    {
      "proxyWallet": "0xeebde7a0e019a63e6b476eb425505b7b3e6eba30",
      "timestamp": 1778569980,
      "conditionId": "0xb39c7582534181002f411999b41f1cc685c4865754a32cb0784877862ee7b8ae",
      "type": "TRADE",
      "size": 5,
      "usdcSize": 4.95,
      "transactionHash": "0x3cec13b3e72379f09a49aafe110c3cfa0b5bb54a43804c7d04dedb14a6e3241d",
      "price": 0.99,
      "asset": "86156363572767085796571027340041437155947652227815640820623389932671480673017",
      "side": "BUY",
      "outcomeIndex": 0,
      "title": "Bitcoin Up or Down - May 12, 3:10AM-3:15AM ET",
      "slug": "btc-updown-5m-1778569800",
      "icon": "https://polymarket-upload.s3.us-east-2.amazonaws.com/BTC+fullsize.png",
      "eventSlug": "btc-updown-5m-1778569800",
      "outcome": "Up",
      "name": "Bonereaper",
      "pseudonym": "Popular-Insurrection",
      "bio": "",
      "profileImage": "",
      "profileImageOptimized": ""
    },
    {
      "proxyWallet": "0xeebde7a0e019a63e6b476eb425505b7b3e6eba30",
      "timestamp": 1778569917,
      "conditionId": "0xb39c7582534181002f411999b41f1cc685c4865754a32cb0784877862ee7b8ae",
      "type": "TRADE",
      "size": 33.94,
      "usdcSize": 31.9036,
      "transactionHash": "0xa1df3aac2d31bcd4986be8fab7fb4f4ee3ad08a551361b5894fe96278ee20046",
      "price": 0.94,
      "asset": "86156363572767085796571027340041437155947652227815640820623389932671480673017",
      "side": "BUY",
      "outcomeIndex": 0,
      "title": "Bitcoin Up or Down - May 12, 3:10AM-3:15AM ET",
      "slug": "btc-updown-5m-1778569800",
      "icon": "https://polymarket-upload.s3.us-east-2.amazonaws.com/BTC+fullsize.png",
      "eventSlug": "btc-updown-5m-1778569800",
      "outcome": "Up",
      "name": "Bonereaper",
      "pseudonym": "Popular-Insurrection",
      "bio": "",
      "profileImage": "",
      "profileImageOptimized": ""
    },
    {
      "proxyWallet": "0xeebde7a0e019a63e6b476eb425505b7b3e6eba30",
      "timestamp": 1778569910,
      "conditionId": "0xb39c7582534181002f411999b41f1cc685c4865754a32cb0784877862ee7b8ae",
      "type": "TRADE",
      "size": 1010,
      "usdcSize": 984.76496,
      "transactionHash": "0x8d298e7312a6ac4e648243bd4ef7e5ece3fa59335ec3334d01e968b6586e9aab",
      "price": 0.9731883168316832,
      "asset": "86156363572767085796571027340041437155947652227815640820623389932671480673017",
      "side": "BUY",
      "outcomeIndex": 0,
      "title": "Bitcoin Up or Down - May 12, 3:10AM-3:15AM ET",
      "slug": "btc-updown-5m-1778569800",
      "icon": "https://polymarket-upload.s3.us-east-2.amazonaws.com/BTC+fullsize.png",
      "eventSlug": "btc-updown-5m-1778569800",
      "outcome": "Up",
      "name": "Bonereaper",
      "pseudonym": "Popular-Insurrection",
      "bio": "",
      "profileImage": "",
      "profileImageOptimized": ""
    },
    {
      "proxyWallet": "0xeebde7a0e019a63e6b476eb425505b7b3e6eba30",
      "timestamp": 1778569908,
      "conditionId": "0xb39c7582534181002f411999b41f1cc685c4865754a32cb0784877862ee7b8ae",
      "type": "TRADE",
      "size": 510,
      "usdcSize": 495.73886999999996,
      "transactionHash": "0xc0bfc621d0399782825358225a0e8bfe0d3841abc56280c2a365635efc07a398",
      "price": 0.97,
      "asset": "86156363572767085796571027340041437155947652227815640820623389932671480673017",
      "side": "BUY",
      "outcomeIndex": 0,
      "title": "Bitcoin Up or Down - May 12, 3:10AM-3:15AM ET",
      "slug": "btc-updown-5m-1778569800",
      "icon": "https://polymarket-upload.s3.us-east-2.amazonaws.com/BTC+fullsize.png",
      "eventSlug": "btc-updown-5m-1778569800",
      "outcome": "Up",
      "name": "Bonereaper",
      "pseudonym": "Popular-Insurrection",
      "bio": "",
      "profileImage": "",
      "profileImageOptimized": ""
    },
    {
      "proxyWallet": "0xeebde7a0e019a63e6b476eb425505b7b3e6eba30",
      "timestamp": 1778569908,
      "conditionId": "0xb39c7582534181002f411999b41f1cc685c4865754a32cb0784877862ee7b8ae",
      "type": "TRADE",
      "size": 344,
      "usdcSize": 334.38072,
      "transactionHash": "0xec27cbdfd10062d14d259fc8ad06b33578a84a14c1fe5a9d354882583cea1e17",
      "price": 0.97,
      "asset": "86156363572767085796571027340041437155947652227815640820623389932671480673017",
      "side": "BUY",
      "outcomeIndex": 0,
      "title": "Bitcoin Up or Down - May 12, 3:10AM-3:15AM ET",
      "slug": "btc-updown-5m-1778569800",
      "icon": "https://polymarket-upload.s3.us-east-2.amazonaws.com/BTC+fullsize.png",
      "eventSlug": "btc-updown-5m-1778569800",
      "outcome": "Up",
      "name": "Bonereaper",
      "pseudonym": "Popular-Insurrection",
      "bio": "",
      "profileImage": "",
      "profileImageOptimized": ""
    },
    {
      "proxyWallet": "0xeebde7a0e019a63e6b476eb425505b7b3e6eba30",
      "timestamp": 1778569901,
      "conditionId": "0xb39c7582534181002f411999b41f1cc685c4865754a32cb0784877862ee7b8ae",
      "type": "TRADE",
      "size": 55.33,
      "usdcSize": 52.74747,
      "transactionHash": "0x7a7be1a17a838bb30f2935d613f03d43504383248a69b227e75ac1d9a98ddeb4",
      "price": 0.95,
      "asset": "86156363572767085796571027340041437155947652227815640820623389932671480673017",
      "side": "BUY",
      "outcomeIndex": 0,
      "title": "Bitcoin Up or Down - May 12, 3:10AM-3:15AM ET",
      "slug": "btc-updown-5m-1778569800",
      "icon": "https://polymarket-upload.s3.us-east-2.amazonaws.com/BTC+fullsize.png",
      "eventSlug": "btc-updown-5m-1778569800",
      "outcome": "Up",
      "name": "Bonereaper",
      "pseudonym": "Popular-Insurrection",
      "bio": "",
      "profileImage": "",
      "profileImageOptimized": ""
    },
    {
      "proxyWallet": "0xeebde7a0e019a63e6b476eb425505b7b3e6eba30",
      "timestamp": 1778569901,
      "conditionId": "0xb39c7582534181002f411999b41f1cc685c4865754a32cb0784877862ee7b8ae",
      "type": "TRADE",
      "size": 47.99,
      "usdcSize": 45.1106,
      "transactionHash": "0x0f1e2dc5bd33a4bf103b396f2c991ff76ba2af5f467cc6fc658f822d9faa2f28",
      "price": 0.94,
      "asset": "86156363572767085796571027340041437155947652227815640820623389932671480673017",
      "side": "BUY",
      "outcomeIndex": 0,
      "title": "Bitcoin Up or Down - May 12, 3:10AM-3:15AM ET",
      "slug": "btc-updown-5m-1778569800",
      "icon": "https://polymarket-upload.s3.us-east-2.amazonaws.com/BTC+fullsize.png",
      "eventSlug": "btc-updown-5m-1778569800",
      "outcome": "Up",
      "name": "Bonereaper",
      "pseudonym": "Popular-Insurrection",
      "bio": "",
      "profileImage": "",
      "profileImageOptimized": ""
    },
    {
      "proxyWallet": "0xeebde7a0e019a63e6b476eb425505b7b3e6eba30",
      "timestamp": 1778569899,
      "conditionId": "0xb39c7582534181002f411999b41f1cc685c4865754a32cb0784877862ee7b8ae",
      "type": "TRADE",
      "size": 14.95,
      "usdcSize": 14.053,
      "transactionHash": "0x4490e108340bd0b927cdf56c0f2ce8c4fd93f777285b45ab200d6501f37bbcd8",
      "price": 0.94,
      "asset": "86156363572767085796571027340041437155947652227815640820623389932671480673017",
      "side": "BUY",
      "outcomeIndex": 0,
      "title": "Bitcoin Up or Down - May 12, 3:10AM-3:15AM ET",
      "slug": "btc-updown-5m-1778569800",
      "icon": "https://polymarket-upload.s3.us-east-2.amazonaws.com/BTC+fullsize.png",
      "eventSlug": "btc-updown-5m-1778569800",
      "outcome": "Up",
      "name": "Bonereaper",
      "pseudonym": "Popular-Insurrection",
      "bio": "",
      "profileImage": "",
      "profileImageOptimized": ""
    },
    {
      "proxyWallet": "0xeebde7a0e019a63e6b476eb425505b7b3e6eba30",
      "timestamp": 1778569899,
      "conditionId": "0xb39c7582534181002f411999b41f1cc685c4865754a32cb0784877862ee7b8ae",
      "type": "TRADE",
      "size": 16.666665,
      "usdcSize": 15.666666,
      "transactionHash": "0xdc57c0caec6985d10946970d071ffd5f41ec980217b9ed6f72adb311f5d61aa5",
      "price": 0.9400000540000054,
      "asset": "86156363572767085796571027340041437155947652227815640820623389932671480673017",
      "side": "BUY",
      "outcomeIndex": 0,
      "title": "Bitcoin Up or Down - May 12, 3:10AM-3:15AM ET",
      "slug": "btc-updown-5m-1778569800",
      "icon": "https://polymarket-upload.s3.us-east-2.amazonaws.com/BTC+fullsize.png",
      "eventSlug": "btc-updown-5m-1778569800",
      "outcome": "Up",
      "name": "Bonereaper",
      "pseudonym": "Popular-Insurrection",
      "bio": "",
      "profileImage": "",
      "profileImageOptimized": ""
    },
    {
      "proxyWallet": "0xeebde7a0e019a63e6b476eb425505b7b3e6eba30",
      "timestamp": 1778569899,
      "conditionId": "0xb39c7582534181002f411999b41f1cc685c4865754a32cb0784877862ee7b8ae",
      "type": "TRADE",
      "size": 18.5,
      "usdcSize": 17.39,
      "transactionHash": "0x4a145f9175780ecea48f2d0e635cdcd6b55db5fe61f1cf095602dfbb828c10a8",
      "price": 0.94,
      "asset": "86156363572767085796571027340041437155947652227815640820623389932671480673017",
      "side": "BUY",
      "outcomeIndex": 0,
      "title": "Bitcoin Up or Down - May 12, 3:10AM-3:15AM ET",
      "slug": "btc-updown-5m-1778569800",
      "icon": "https://polymarket-upload.s3.us-east-2.amazonaws.com/BTC+fullsize.png",
      "eventSlug": "btc-updown-5m-1778569800",
      "outcome": "Up",
      "name": "Bonereaper",
      "pseudonym": "Popular-Insurrection",
      "bio": "",
      "profileImage": "",
      "profileImageOptimized": ""
    },
    {
      "proxyWallet": "0xeebde7a0e019a63e6b476eb425505b7b3e6eba30",
      "timestamp": 1778569899,
      "conditionId": "0xb39c7582534181002f411999b41f1cc685c4865754a32cb0784877862ee7b8ae",
      "type": "TRADE",
      "size": 17,
      "usdcSize": 15.98,
      "transactionHash": "0x29e96c46ef0eb3b715047cfa36c6b5112aa59483d9ca5acd2a30836e18c3f0e0",
      "price": 0.94,
      "asset": "86156363572767085796571027340041437155947652227815640820623389932671480673017",
      "side": "BUY",
      "outcomeIndex": 0,
      "title": "Bitcoin Up or Down - May 12, 3:10AM-3:15AM ET",
      "slug": "btc-updown-5m-1778569800",
      "icon": "https://polymarket-upload.s3.us-east-2.amazonaws.com/BTC+fullsize.png",
      "eventSlug": "btc-updown-5m-1778569800",
      "outcome": "Up",
      "name": "Bonereaper",
      "pseudonym": "Popular-Insurrection",
      "bio": "",
      "profileImage": "",
      "profileImageOptimized": ""
    },
    {
      "proxyWallet": "0xeebde7a0e019a63e6b476eb425505b7b3e6eba30",
      "timestamp": 1778569899,
      "conditionId": "0xb39c7582534181002f411999b41f1cc685c4865754a32cb0784877862ee7b8ae",
      "type": "TRADE",
      "size": 13,
      "usdcSize": 12.22,
      "transactionHash": "0x37280c7f49f623eabbf5eb543da9104ab9249ea84e72baeceabd085643541149",
      "price": 0.94,
      "asset": "86156363572767085796571027340041437155947652227815640820623389932671480673017",
      "side": "BUY",
      "outcomeIndex": 0,
      "title": "Bitcoin Up or Down - May 12, 3:10AM-3:15AM ET",
      "slug": "btc-updown-5m-1778569800",
      "icon": "https://polymarket-upload.s3.us-east-2.amazonaws.com/BTC+fullsize.png",
      "eventSlug": "btc-updown-5m-1778569800",
      "outcome": "Up",
      "name": "Bonereaper",
      "pseudonym": "Popular-Insurrection",
      "bio": "",
      "profileImage": "",
      "profileImageOptimized": ""
    },
    {
      "proxyWallet": "0xeebde7a0e019a63e6b476eb425505b7b3e6eba30",
      "timestamp": 1778569899,
      "conditionId": "0xb39c7582534181002f411999b41f1cc685c4865754a32cb0784877862ee7b8ae",
      "type": "TRADE",
      "size": 14.95,
      "usdcSize": 14.053,
      "transactionHash": "0x88c1e8bd1e9299c7fc54b2371c7fc368b30bcb3f590e3f3f1a347e3aab968bcf",
      "price": 0.94,
      "asset": "86156363572767085796571027340041437155947652227815640820623389932671480673017",
      "side": "BUY",
      "outcomeIndex": 0,
      "title": "Bitcoin Up or Down - May 12, 3:10AM-3:15AM ET",
      "slug": "btc-updown-5m-1778569800",
      "icon": "https://polymarket-upload.s3.us-east-2.amazonaws.com/BTC+fullsize.png",
      "eventSlug": "btc-updown-5m-1778569800",
      "outcome": "Up",
      "name": "Bonereaper",
      "pseudonym": "Popular-Insurrection",
      "bio": "",
      "profileImage": "",
      "profileImageOptimized": ""
    },
    {
      "proxyWallet": "0xeebde7a0e019a63e6b476eb425505b7b3e6eba30",
      "timestamp": 1778569883,
      "conditionId": "0xb39c7582534181002f411999b41f1cc685c4865754a32cb0784877862ee7b8ae",
      "type": "TRADE",
      "size": 60.75,
      "usdcSize": 51.6375,
      "transactionHash": "0x705c8a7dece8b823445304cee8a4113d581b87301de908c8389fd9d6becc46d7",
      "price": 0.85,
      "asset": "86156363572767085796571027340041437155947652227815640820623389932671480673017",
      "side": "BUY",
      "outcomeIndex": 0,
      "title": "Bitcoin Up or Down - May 12, 3:10AM-3:15AM ET",
      "slug": "btc-updown-5m-1778569800",
      "icon": "https://polymarket-upload.s3.us-east-2.amazonaws.com/BTC+fullsize.png",
      "eventSlug": "btc-updown-5m-1778569800",
      "outcome": "Up",
      "name": "Bonereaper",
      "pseudonym": "Popular-Insurrection",
      "bio": "",
      "profileImage": "",
      "profileImageOptimized": ""
    },
    {
      "proxyWallet": "0xeebde7a0e019a63e6b476eb425505b7b3e6eba30",
      "timestamp": 1778569883,
      "conditionId": "0xb39c7582534181002f411999b41f1cc685c4865754a32cb0784877862ee7b8ae",
      "type": "TRADE",
      "size": 3.91,
      "usdcSize": 3.3235,
      "transactionHash": "0xd90bf5985cf64e5a2141a5155912d7413a0e608bece619cd143d1df784f6cd63",
      "price": 0.85,
      "asset": "86156363572767085796571027340041437155947652227815640820623389932671480673017",
      "side": "BUY",
      "outcomeIndex": 0,
      "title": "Bitcoin Up or Down - May 12, 3:10AM-3:15AM ET",
      "slug": "btc-updown-5m-1778569800",
      "icon": "https://polymarket-upload.s3.us-east-2.amazonaws.com/BTC+fullsize.png",
      "eventSlug": "btc-updown-5m-1778569800",
      "outcome": "Up",
      "name": "Bonereaper",
      "pseudonym": "Popular-Insurrection",
      "bio": "",
      "profileImage": "",
      "profileImageOptimized": ""
    },
    {
      "proxyWallet": "0xeebde7a0e019a63e6b476eb425505b7b3e6eba30",
      "timestamp": 1778569883,
      "conditionId": "0xb39c7582534181002f411999b41f1cc685c4865754a32cb0784877862ee7b8ae",
      "type": "TRADE",
      "size": 13.333332,
      "usdcSize": 11.333333,
      "transactionHash": "0x623e54cc8646abf2ed1e2a2cebf806155ed26a139cf538235fb75d41da57e80e",
      "price": 0.850000060000006,
      "asset": "86156363572767085796571027340041437155947652227815640820623389932671480673017",
      "side": "BUY",
      "outcomeIndex": 0,
      "title": "Bitcoin Up or Down - May 12, 3:10AM-3:15AM ET",
      "slug": "btc-updown-5m-1778569800",
      "icon": "https://polymarket-upload.s3.us-east-2.amazonaws.com/BTC+fullsize.png",
      "eventSlug": "btc-updown-5m-1778569800",
      "outcome": "Up",
      "name": "Bonereaper",
      "pseudonym": "Popular-Insurrection",
      "bio": "",
      "profileImage": "",
      "profileImageOptimized": ""
    },
    {
      "proxyWallet": "0xeebde7a0e019a63e6b476eb425505b7b3e6eba30",
      "timestamp": 1778569876,
      "conditionId": "0xb39c7582534181002f411999b41f1cc685c4865754a32cb0784877862ee7b8ae",
      "type": "TRADE",
      "size": 7.02,
      "usdcSize": 5.5458,
      "transactionHash": "0x682ac5a9e63136d1b1cbbc4123515357a99a2d48997a65701123e2a05d7dafe2",
      "price": 0.79,
      "asset": "86156363572767085796571027340041437155947652227815640820623389932671480673017",
      "side": "BUY",
      "outcomeIndex": 0,
      "title": "Bitcoin Up or Down - May 12, 3:10AM-3:15AM ET",
      "slug": "btc-updown-5m-1778569800",
      "icon": "https://polymarket-upload.s3.us-east-2.amazonaws.com/BTC+fullsize.png",
      "eventSlug": "btc-updown-5m-1778569800",
      "outcome": "Up",
      "name": "Bonereaper",
      "pseudonym": "Popular-Insurrection",
      "bio": "",
      "profileImage": "",
      "profileImageOptimized": ""
    },
    {
      "proxyWallet": "0xeebde7a0e019a63e6b476eb425505b7b3e6eba30",
      "timestamp": 1778569875,
      "conditionId": "0xb39c7582534181002f411999b41f1cc685c4865754a32cb0784877862ee7b8ae",
      "type": "TRADE",
      "size": 12.98,
      "usdcSize": 10.2542,
      "transactionHash": "0x405d4a53d67d28da0bde624c8045249dc001f7ef3022052306e10cc382b6cd32",
      "price": 0.79,
      "asset": "86156363572767085796571027340041437155947652227815640820623389932671480673017",
      "side": "BUY",
      "outcomeIndex": 0,
      "title": "Bitcoin Up or Down - May 12, 3:10AM-3:15AM ET",
      "slug": "btc-updown-5m-1778569800",
      "icon": "https://polymarket-upload.s3.us-east-2.amazonaws.com/BTC+fullsize.png",
      "eventSlug": "btc-updown-5m-1778569800",
      "outcome": "Up",
      "name": "Bonereaper",
      "pseudonym": "Popular-Insurrection",
      "bio": "",
      "profileImage": "",
      "profileImageOptimized": ""
    },
    {
      "proxyWallet": "0xeebde7a0e019a63e6b476eb425505b7b3e6eba30",
      "timestamp": 1778569875,
      "conditionId": "0xb39c7582534181002f411999b41f1cc685c4865754a32cb0784877862ee7b8ae",
      "type": "TRADE",
      "size": 10,
      "usdcSize": 8.01613,
      "transactionHash": "0x5fd1e71026f7dbeb76a5945dcc5d3a5e2751c01a691b57f2807f91ba4874c09b",
      "price": 0.79,
      "asset": "86156363572767085796571027340041437155947652227815640820623389932671480673017",
      "side": "BUY",
      "outcomeIndex": 0,
      "title": "Bitcoin Up or Down - May 12, 3:10AM-3:15AM ET",
      "slug": "btc-updown-5m-1778569800",
      "icon": "https://polymarket-upload.s3.us-east-2.amazonaws.com/BTC+fullsize.png",
      "eventSlug": "btc-updown-5m-1778569800",
      "outcome": "Up",
      "name": "Bonereaper",
      "pseudonym": "Popular-Insurrection",
      "bio": "",
      "profileImage": "",
      "profileImageOptimized": ""
    },
    {
      "proxyWallet": "0xeebde7a0e019a63e6b476eb425505b7b3e6eba30",
      "timestamp": 1778569875,
      "conditionId": "0xb39c7582534181002f411999b41f1cc685c4865754a32cb0784877862ee7b8ae",
      "type": "TRADE",
      "size": 30,
      "usdcSize": 23.7,
      "transactionHash": "0xf21dcb05bf1bebc6edc9202613e9f4a2ae12a2888b05827382bf64f2f5328af6",
      "price": 0.79,
      "asset": "86156363572767085796571027340041437155947652227815640820623389932671480673017",
      "side": "BUY",
      "outcomeIndex": 0,
      "title": "Bitcoin Up or Down - May 12, 3:10AM-3:15AM ET",
      "slug": "btc-updown-5m-1778569800",
      "icon": "https://polymarket-upload.s3.us-east-2.amazonaws.com/BTC+fullsize.png",
      "eventSlug": "btc-updown-5m-1778569800",
      "outcome": "Up",
      "name": "Bonereaper",
      "pseudonym": "Popular-Insurrection",
      "bio": "",
      "profileImage": "",
      "profileImageOptimized": ""
    },
    {
      "proxyWallet": "0xeebde7a0e019a63e6b476eb425505b7b3e6eba30",
      "timestamp": 1778569875,
      "conditionId": "0xb39c7582534181002f411999b41f1cc685c4865754a32cb0784877862ee7b8ae",
      "type": "TRADE",
      "size": 3.92,
      "usdcSize": 3.1046799999999997,
      "transactionHash": "0x1cecf1ba0f6293df70048f87452599fa191fe06db29f810ccdf915ad24991b73",
      "price": 0.78,
      "asset": "86156363572767085796571027340041437155947652227815640820623389932671480673017",
      "side": "BUY",
      "outcomeIndex": 0,
      "title": "Bitcoin Up or Down - May 12, 3:10AM-3:15AM ET",
      "slug": "btc-updown-5m-1778569800",
      "icon": "https://polymarket-upload.s3.us-east-2.amazonaws.com/BTC+fullsize.png",
      "eventSlug": "btc-updown-5m-1778569800",
      "outcome": "Up",
      "name": "Bonereaper",
      "pseudonym": "Popular-Insurrection",
      "bio": "",
      "profileImage": "",
      "profileImageOptimized": ""
    },
    {
      "proxyWallet": "0xeebde7a0e019a63e6b476eb425505b7b3e6eba30",
      "timestamp": 1778569864,
      "conditionId": "0xb39c7582534181002f411999b41f1cc685c4865754a32cb0784877862ee7b8ae",
      "type": "TRADE",
      "size": 19.21739,
      "usdcSize": 10.377391,
      "transactionHash": "0x7d7d9a76a771edbbe902b6f011e1cf893e6de88d37bcb67842d275c9cf03340f",
      "price": 0.5400000208144811,
      "asset": "86156363572767085796571027340041437155947652227815640820623389932671480673017",
      "side": "BUY",
      "outcomeIndex": 0,
      "title": "Bitcoin Up or Down - May 12, 3:10AM-3:15AM ET",
      "slug": "btc-updown-5m-1778569800",
      "icon": "https://polymarket-upload.s3.us-east-2.amazonaws.com/BTC+fullsize.png",
      "eventSlug": "btc-updown-5m-1778569800",
      "outcome": "Up",
      "name": "Bonereaper",
      "pseudonym": "Popular-Insurrection",
      "bio": "",
      "profileImage": "",
      "profileImageOptimized": ""
    },
    {
      "proxyWallet": "0xeebde7a0e019a63e6b476eb425505b7b3e6eba30",
      "timestamp": 1778569864,
      "conditionId": "0xb39c7582534181002f411999b41f1cc685c4865754a32cb0784877862ee7b8ae",
      "type": "TRADE",
      "size": 11.11111,
      "usdcSize": 6.111111,
      "transactionHash": "0x1ab7de98d4c1b73f97204a02dc71c92288bd7dddbd5c7bf17c841d2bc4623c7e",
      "price": 0.5500000450000045,
      "asset": "86156363572767085796571027340041437155947652227815640820623389932671480673017",
      "side": "BUY",
      "outcomeIndex": 0,
      "title": "Bitcoin Up or Down - May 12, 3:10AM-3:15AM ET",
      "slug": "btc-updown-5m-1778569800",
      "icon": "https://polymarket-upload.s3.us-east-2.amazonaws.com/BTC+fullsize.png",
      "eventSlug": "btc-updown-5m-1778569800",
      "outcome": "Up",
      "name": "Bonereaper",
      "pseudonym": "Popular-Insurrection",
      "bio": "",
      "profileImage": "",
      "profileImageOptimized": ""
    },
    {
      "proxyWallet": "0xeebde7a0e019a63e6b476eb425505b7b3e6eba30",
      "timestamp": 1778569864,
      "conditionId": "0xb39c7582534181002f411999b41f1cc685c4865754a32cb0784877862ee7b8ae",
      "type": "TRADE",
      "size": 2.88,
      "usdcSize": 1.5552,
      "transactionHash": "0xe52ebeb1ad70a2c3f1208b3e9ca0f179b8e143fde40fb2c4875a93a71b2495bb",
      "price": 0.54,
      "asset": "86156363572767085796571027340041437155947652227815640820623389932671480673017",
      "side": "BUY",
      "outcomeIndex": 0,
      "title": "Bitcoin Up or Down - May 12, 3:10AM-3:15AM ET",
      "slug": "btc-updown-5m-1778569800",
      "icon": "https://polymarket-upload.s3.us-east-2.amazonaws.com/BTC+fullsize.png",
      "eventSlug": "btc-updown-5m-1778569800",
      "outcome": "Up",
      "name": "Bonereaper",
      "pseudonym": "Popular-Insurrection",
      "bio": "",
      "profileImage": "",
      "profileImageOptimized": ""
    },
    {
      "proxyWallet": "0xeebde7a0e019a63e6b476eb425505b7b3e6eba30",
      "timestamp": 1778569864,
      "conditionId": "0xb39c7582534181002f411999b41f1cc685c4865754a32cb0784877862ee7b8ae",
      "type": "TRADE",
      "size": 17.896738,
      "usdcSize": 9.664239,
      "transactionHash": "0x146aa9c9bcf378c4e974abd0c1c22fe1411fd5709078d664585c02dd694928f2",
      "price": 0.54000002682053,
      "asset": "86156363572767085796571027340041437155947652227815640820623389932671480673017",
      "side": "BUY",
      "outcomeIndex": 0,
      "title": "Bitcoin Up or Down - May 12, 3:10AM-3:15AM ET",
      "slug": "btc-updown-5m-1778569800",
      "icon": "https://polymarket-upload.s3.us-east-2.amazonaws.com/BTC+fullsize.png",
      "eventSlug": "btc-updown-5m-1778569800",
      "outcome": "Up",
      "name": "Bonereaper",
      "pseudonym": "Popular-Insurrection",
      "bio": "",
      "profileImage": "",
      "profileImageOptimized": ""
    },
    {
      "proxyWallet": "0xeebde7a0e019a63e6b476eb425505b7b3e6eba30",
      "timestamp": 1778569864,
      "conditionId": "0xb39c7582534181002f411999b41f1cc685c4865754a32cb0784877862ee7b8ae",
      "type": "TRADE",
      "size": 1.35,
      "usdcSize": 0.7425,
      "transactionHash": "0x146aa9c9bcf378c4e974abd0c1c22fe1411fd5709078d664585c02dd694928f2",
      "price": 0.55,
      "asset": "86156363572767085796571027340041437155947652227815640820623389932671480673017",
      "side": "BUY",
      "outcomeIndex": 0,
      "title": "Bitcoin Up or Down - May 12, 3:10AM-3:15AM ET",
      "slug": "btc-updown-5m-1778569800",
      "icon": "https://polymarket-upload.s3.us-east-2.amazonaws.com/BTC+fullsize.png",
      "eventSlug": "btc-updown-5m-1778569800",
      "outcome": "Up",
      "name": "Bonereaper",
      "pseudonym": "Popular-Insurrection",
      "bio": "",
      "profileImage": "",
      "profileImageOptimized": ""
    },
    {
      "proxyWallet": "0xeebde7a0e019a63e6b476eb425505b7b3e6eba30",
      "timestamp": 1778569864,
      "conditionId": "0xb39c7582534181002f411999b41f1cc685c4865754a32cb0784877862ee7b8ae",
      "type": "TRADE",
      "size": 5,
      "usdcSize": 2.75,
      "transactionHash": "0x2210e6373199b65432fa9f312e25b836c71a44b66d2de783d4e5bd4ec66bb633",
      "price": 0.55,
      "asset": "86156363572767085796571027340041437155947652227815640820623389932671480673017",
      "side": "BUY",
      "outcomeIndex": 0,
      "title": "Bitcoin Up or Down - May 12, 3:10AM-3:15AM ET",
      "slug": "btc-updown-5m-1778569800",
      "icon": "https://polymarket-upload.s3.us-east-2.amazonaws.com/BTC+fullsize.png",
      "eventSlug": "btc-updown-5m-1778569800",
      "outcome": "Up",
      "name": "Bonereaper",
      "pseudonym": "Popular-Insurrection",
      "bio": "",
      "profileImage": "",
      "profileImageOptimized": ""
    },
    {
      "proxyWallet": "0xeebde7a0e019a63e6b476eb425505b7b3e6eba30",
      "timestamp": 1778569862,
      "conditionId": "0xb39c7582534181002f411999b41f1cc685c4865754a32cb0784877862ee7b8ae",
      "type": "TRADE",
      "size": 7.53,
      "usdcSize": 4.1415,
      "transactionHash": "0xd304d0b477d74409278366b5e17c82df6f8700358884eb344db1e0b9efb85821",
      "price": 0.55,
      "asset": "86156363572767085796571027340041437155947652227815640820623389932671480673017",
      "side": "BUY",
      "outcomeIndex": 0,
      "title": "Bitcoin Up or Down - May 12, 3:10AM-3:15AM ET",
      "slug": "btc-updown-5m-1778569800",
      "icon": "https://polymarket-upload.s3.us-east-2.amazonaws.com/BTC+fullsize.png",
      "eventSlug": "btc-updown-5m-1778569800",
      "outcome": "Up",
      "name": "Bonereaper",
      "pseudonym": "Popular-Insurrection",
      "bio": "",
      "profileImage": "",
      "profileImageOptimized": ""
    },
    {
      "proxyWallet": "0xeebde7a0e019a63e6b476eb425505b7b3e6eba30",
      "timestamp": 1778569862,
      "conditionId": "0xb39c7582534181002f411999b41f1cc685c4865754a32cb0784877862ee7b8ae",
      "type": "TRADE",
      "size": 15,
      "usdcSize": 8.25,
      "transactionHash": "0x377b8199c5fc8d5103a1f9389bd94fefe65d934a9d295929b5c0bdbb14665ac6",
      "price": 0.55,
      "asset": "86156363572767085796571027340041437155947652227815640820623389932671480673017",
      "side": "BUY",
      "outcomeIndex": 0,
      "title": "Bitcoin Up or Down - May 12, 3:10AM-3:15AM ET",
      "slug": "btc-updown-5m-1778569800",
      "icon": "https://polymarket-upload.s3.us-east-2.amazonaws.com/BTC+fullsize.png",
      "eventSlug": "btc-updown-5m-1778569800",
      "outcome": "Up",
      "name": "Bonereaper",
      "pseudonym": "Popular-Insurrection",
      "bio": "",
      "profileImage": "",
      "profileImageOptimized": ""
    },
    {
      "proxyWallet": "0xeebde7a0e019a63e6b476eb425505b7b3e6eba30",
      "timestamp": 1778569859,
      "conditionId": "0xb39c7582534181002f411999b41f1cc685c4865754a32cb0784877862ee7b8ae",
      "type": "TRADE",
      "size": 40,
      "usdcSize": 21.897479999999998,
      "transactionHash": "0xa5614286b76df702bfd475bc3af9d2b4c910cb483abeca2564b09337eec2d5be",
      "price": 0.53,
      "asset": "86156363572767085796571027340041437155947652227815640820623389932671480673017",
      "side": "BUY",
      "outcomeIndex": 0,
      "title": "Bitcoin Up or Down - May 12, 3:10AM-3:15AM ET",
      "slug": "btc-updown-5m-1778569800",
      "icon": "https://polymarket-upload.s3.us-east-2.amazonaws.com/BTC+fullsize.png",
      "eventSlug": "btc-updown-5m-1778569800",
      "outcome": "Up",
      "name": "Bonereaper",
      "pseudonym": "Popular-Insurrection",
      "bio": "",
      "profileImage": "",
      "profileImageOptimized": ""
    },
    {
      "proxyWallet": "0xeebde7a0e019a63e6b476eb425505b7b3e6eba30",
      "timestamp": 1778569857,
      "conditionId": "0xb39c7582534181002f411999b41f1cc685c4865754a32cb0784877862ee7b8ae",
      "type": "TRADE",
      "size": 40,
      "usdcSize": 19.89888,
      "transactionHash": "0xf763c3694bfcc88b90c8cccfb0dd325cef8184df66fb9b8974f4f63e6bbe40ab",
      "price": 0.48,
      "asset": "38280211576670087961183474719336090233032797385673339895098266499686251039843",
      "side": "BUY",
      "outcomeIndex": 1,
      "title": "Bitcoin Up or Down - May 12, 3:10AM-3:15AM ET",
      "slug": "btc-updown-5m-1778569800",
      "icon": "https://polymarket-upload.s3.us-east-2.amazonaws.com/BTC+fullsize.png",
      "eventSlug": "btc-updown-5m-1778569800",
      "outcome": "Down",
      "name": "Bonereaper",
      "pseudonym": "Popular-Insurrection",
      "bio": "",
      "profileImage": "",
      "profileImageOptimized": ""
    },
    {
      "proxyWallet": "0xeebde7a0e019a63e6b476eb425505b7b3e6eba30",
      "timestamp": 1778569852,
      "conditionId": "0xb39c7582534181002f411999b41f1cc685c4865754a32cb0784877862ee7b8ae",
      "type": "TRADE",
      "size": 40,
      "usdcSize": 21.897479999999998,
      "transactionHash": "0x2be80f85dcdef6a8f8959caf8aa3be4e66a69b8b671616ce75258b98321bd05a",
      "price": 0.53,
      "asset": "86156363572767085796571027340041437155947652227815640820623389932671480673017",
      "side": "BUY",
      "outcomeIndex": 0,
      "title": "Bitcoin Up or Down - May 12, 3:10AM-3:15AM ET",
      "slug": "btc-updown-5m-1778569800",
      "icon": "https://polymarket-upload.s3.us-east-2.amazonaws.com/BTC+fullsize.png",
      "eventSlug": "btc-updown-5m-1778569800",
      "outcome": "Up",
      "name": "Bonereaper",
      "pseudonym": "Popular-Insurrection",
      "bio": "",
      "profileImage": "",
      "profileImageOptimized": ""
    },
    {
      "proxyWallet": "0xeebde7a0e019a63e6b476eb425505b7b3e6eba30",
      "timestamp": 1778569852,
      "conditionId": "0xb39c7582534181002f411999b41f1cc685c4865754a32cb0784877862ee7b8ae",
      "type": "TRADE",
      "size": 40,
      "usdcSize": 21.897479999999998,
      "transactionHash": "0x5cb8f5350b04985cbc1bb8d422af9034c3f02692c4c566c6cb92aafe3d485e74",
      "price": 0.53,
      "asset": "86156363572767085796571027340041437155947652227815640820623389932671480673017",
      "side": "BUY",
      "outcomeIndex": 0,
      "title": "Bitcoin Up or Down - May 12, 3:10AM-3:15AM ET",
      "slug": "btc-updown-5m-1778569800",
      "icon": "https://polymarket-upload.s3.us-east-2.amazonaws.com/BTC+fullsize.png",
      "eventSlug": "btc-updown-5m-1778569800",
      "outcome": "Up",
      "name": "Bonereaper",
      "pseudonym": "Popular-Insurrection",
      "bio": "",
      "profileImage": "",
      "profileImageOptimized": ""
    },
    {
      "proxyWallet": "0xeebde7a0e019a63e6b476eb425505b7b3e6eba30",
      "timestamp": 1778569820,
      "conditionId": "0xb39c7582534181002f411999b41f1cc685c4865754a32cb0784877862ee7b8ae",
      "type": "TRADE",
      "size": 39.98,
      "usdcSize": 21.88653,
      "transactionHash": "0x8025033557eb1b832d37c843a9479f09bd2cc0bed7f4a178327c11b7bf34f8ea",
      "price": 0.53,
      "asset": "86156363572767085796571027340041437155947652227815640820623389932671480673017",
      "side": "BUY",
      "outcomeIndex": 0,
      "title": "Bitcoin Up or Down - May 12, 3:10AM-3:15AM ET",
      "slug": "btc-updown-5m-1778569800",
      "icon": "https://polymarket-upload.s3.us-east-2.amazonaws.com/BTC+fullsize.png",
      "eventSlug": "btc-updown-5m-1778569800",
      "outcome": "Up",
      "name": "Bonereaper",
      "pseudonym": "Popular-Insurrection",
      "bio": "",
      "profileImage": "",
      "profileImageOptimized": ""
    },
    {
      "proxyWallet": "0xeebde7a0e019a63e6b476eb425505b7b3e6eba30",
      "timestamp": 1778569820,
      "conditionId": "0xb39c7582534181002f411999b41f1cc685c4865754a32cb0784877862ee7b8ae",
      "type": "TRADE",
      "size": 32.95,
      "usdcSize": 17.134,
      "transactionHash": "0x19cf90e853d43773f24908cc40c1bb53374ceec05d936916b732e92e45ba617b",
      "price": 0.52,
      "asset": "86156363572767085796571027340041437155947652227815640820623389932671480673017",
      "side": "BUY",
      "outcomeIndex": 0,
      "title": "Bitcoin Up or Down - May 12, 3:10AM-3:15AM ET",
      "slug": "btc-updown-5m-1778569800",
      "icon": "https://polymarket-upload.s3.us-east-2.amazonaws.com/BTC+fullsize.png",
      "eventSlug": "btc-updown-5m-1778569800",
      "outcome": "Up",
      "name": "Bonereaper",
      "pseudonym": "Popular-Insurrection",
      "bio": "",
      "profileImage": "",
      "profileImageOptimized": ""
    },
    {
      "proxyWallet": "0xeebde7a0e019a63e6b476eb425505b7b3e6eba30",
      "timestamp": 1778569820,
      "conditionId": "0xb39c7582534181002f411999b41f1cc685c4865754a32cb0784877862ee7b8ae",
      "type": "TRADE",
      "size": 7.041665,
      "usdcSize": 3.661666,
      "transactionHash": "0x564be90cdf8e04e74072fbc0a2a3ebe083f62f3479150ce0aeb741d5b183ffea",
      "price": 0.5200000284023736,
      "asset": "86156363572767085796571027340041437155947652227815640820623389932671480673017",
      "side": "BUY",
      "outcomeIndex": 0,
      "title": "Bitcoin Up or Down - May 12, 3:10AM-3:15AM ET",
      "slug": "btc-updown-5m-1778569800",
      "icon": "https://polymarket-upload.s3.us-east-2.amazonaws.com/BTC+fullsize.png",
      "eventSlug": "btc-updown-5m-1778569800",
      "outcome": "Up",
      "name": "Bonereaper",
      "pseudonym": "Popular-Insurrection",
      "bio": "",
      "profileImage": "",
      "profileImageOptimized": ""
    },
    {
      "proxyWallet": "0xeebde7a0e019a63e6b476eb425505b7b3e6eba30",
      "timestamp": 1778569819,
      "conditionId": "0xb39c7582534181002f411999b41f1cc685c4865754a32cb0784877862ee7b8ae",
      "type": "TRADE",
      "size": 5,
      "usdcSize": 2.4,
      "transactionHash": "0xc813e4690624eb279d51ce7f6ba44814284b4530143b77ef4a7e15ff9ae36b83",
      "price": 0.48,
      "asset": "38280211576670087961183474719336090233032797385673339895098266499686251039843",
      "side": "BUY",
      "outcomeIndex": 1,
      "title": "Bitcoin Up or Down - May 12, 3:10AM-3:15AM ET",
      "slug": "btc-updown-5m-1778569800",
      "icon": "https://polymarket-upload.s3.us-east-2.amazonaws.com/BTC+fullsize.png",
      "eventSlug": "btc-updown-5m-1778569800",
      "outcome": "Down",
      "name": "Bonereaper",
      "pseudonym": "Popular-Insurrection",
      "bio": "",
      "profileImage": "",
      "profileImageOptimized": ""
    },
    {
      "proxyWallet": "0xeebde7a0e019a63e6b476eb425505b7b3e6eba30",
      "timestamp": 1778569819,
      "conditionId": "0xb39c7582534181002f411999b41f1cc685c4865754a32cb0784877862ee7b8ae",
      "type": "TRADE",
      "size": 23.34,
      "usdcSize": 11.2032,
      "transactionHash": "0x8fccda1893bf765a0bdd8ecb011b308518ec2ddae1213a8065192d0111bacdec",
      "price": 0.48,
      "asset": "38280211576670087961183474719336090233032797385673339895098266499686251039843",
      "side": "BUY",
      "outcomeIndex": 1,
      "title": "Bitcoin Up or Down - May 12, 3:10AM-3:15AM ET",
      "slug": "btc-updown-5m-1778569800",
      "icon": "https://polymarket-upload.s3.us-east-2.amazonaws.com/BTC+fullsize.png",
      "eventSlug": "btc-updown-5m-1778569800",
      "outcome": "Down",
      "name": "Bonereaper",
      "pseudonym": "Popular-Insurrection",
      "bio": "",
      "profileImage": "",
      "profileImageOptimized": ""
    },
    {
      "proxyWallet": "0xeebde7a0e019a63e6b476eb425505b7b3e6eba30",
      "timestamp": 1778569819,
      "conditionId": "0xb39c7582534181002f411999b41f1cc685c4865754a32cb0784877862ee7b8ae",
      "type": "TRADE",
      "size": 15.78,
      "usdcSize": 7.5744,
      "transactionHash": "0x8fccda1893bf765a0bdd8ecb011b308518ec2ddae1213a8065192d0111bacdec",
      "price": 0.48,
      "asset": "38280211576670087961183474719336090233032797385673339895098266499686251039843",
      "side": "BUY",
      "outcomeIndex": 1,
      "title": "Bitcoin Up or Down - May 12, 3:10AM-3:15AM ET",
      "slug": "btc-updown-5m-1778569800",
      "icon": "https://polymarket-upload.s3.us-east-2.amazonaws.com/BTC+fullsize.png",
      "eventSlug": "btc-updown-5m-1778569800",
      "outcome": "Down",
      "name": "Bonereaper",
      "pseudonym": "Popular-Insurrection",
      "bio": "",
      "profileImage": "",
      "profileImageOptimized": ""
    },
    {
      "proxyWallet": "0xeebde7a0e019a63e6b476eb425505b7b3e6eba30",
      "timestamp": 1778569819,
      "conditionId": "0xb39c7582534181002f411999b41f1cc685c4865754a32cb0784877862ee7b8ae",
      "type": "TRADE",
      "size": 19.211537,
      "usdcSize": 9.221538,
      "transactionHash": "0x9638f0c4181e020b8ffad5d0a93fde57ed572d66a5b9781a2efa11abaff87b5b",
      "price": 0.48000001249249347,
      "asset": "38280211576670087961183474719336090233032797385673339895098266499686251039843",
      "side": "BUY",
      "outcomeIndex": 1,
      "title": "Bitcoin Up or Down - May 12, 3:10AM-3:15AM ET",
      "slug": "btc-updown-5m-1778569800",
      "icon": "https://polymarket-upload.s3.us-east-2.amazonaws.com/BTC+fullsize.png",
      "eventSlug": "btc-updown-5m-1778569800",
      "outcome": "Down",
      "name": "Bonereaper",
      "pseudonym": "Popular-Insurrection",
      "bio": "",
      "profileImage": "",
      "profileImageOptimized": ""
    },
    {
      "proxyWallet": "0xeebde7a0e019a63e6b476eb425505b7b3e6eba30",
      "timestamp": 1778569817,
      "conditionId": "0xb39c7582534181002f411999b41f1cc685c4865754a32cb0784877862ee7b8ae",
      "type": "TRADE",
      "size": 3.64,
      "usdcSize": 1.7472,
      "transactionHash": "0x7d5f704c176404fb9fb992e81e7966d3feb0bf37ddf5d8b8abcf2e3ca280615f",
      "price": 0.48,
      "asset": "38280211576670087961183474719336090233032797385673339895098266499686251039843",
      "side": "BUY",
      "outcomeIndex": 1,
      "title": "Bitcoin Up or Down - May 12, 3:10AM-3:15AM ET",
      "slug": "btc-updown-5m-1778569800",
      "icon": "https://polymarket-upload.s3.us-east-2.amazonaws.com/BTC+fullsize.png",
      "eventSlug": "btc-updown-5m-1778569800",
      "outcome": "Down",
      "name": "Bonereaper",
      "pseudonym": "Popular-Insurrection",
      "bio": "",
      "profileImage": "",
      "profileImageOptimized": ""
    },
    {
      "proxyWallet": "0xeebde7a0e019a63e6b476eb425505b7b3e6eba30",
      "timestamp": 1778569817,
      "conditionId": "0xb39c7582534181002f411999b41f1cc685c4865754a32cb0784877862ee7b8ae",
      "type": "TRADE",
      "size": 13.02,
      "usdcSize": 6.34642,
      "transactionHash": "0xe03f3925ee1befe5313de661f429429928af16455bccf678571598cd8d83b302",
      "price": 0.47,
      "asset": "38280211576670087961183474719336090233032797385673339895098266499686251039843",
      "side": "BUY",
      "outcomeIndex": 1,
      "title": "Bitcoin Up or Down - May 12, 3:10AM-3:15AM ET",
      "slug": "btc-updown-5m-1778569800",
      "icon": "https://polymarket-upload.s3.us-east-2.amazonaws.com/BTC+fullsize.png",
      "eventSlug": "btc-updown-5m-1778569800",
      "outcome": "Down",
      "name": "Bonereaper",
      "pseudonym": "Popular-Insurrection",
      "bio": "",
      "profileImage": "",
      "profileImageOptimized": ""
    },
    {
      "proxyWallet": "0xeebde7a0e019a63e6b476eb425505b7b3e6eba30",
      "timestamp": 1778569805,
      "conditionId": "0xb39c7582534181002f411999b41f1cc685c4865754a32cb0784877862ee7b8ae",
      "type": "TRADE",
      "size": 40,
      "usdcSize": 20.29972,
      "transactionHash": "0xf6a67c05e5f1498ef1cac224fa88bd4140385e6be002f1c7abe20accdfacba01",
      "price": 0.49,
      "asset": "38280211576670087961183474719336090233032797385673339895098266499686251039843",
      "side": "BUY",
      "outcomeIndex": 1,
      "title": "Bitcoin Up or Down - May 12, 3:10AM-3:15AM ET",
      "slug": "btc-updown-5m-1778569800",
      "icon": "https://polymarket-upload.s3.us-east-2.amazonaws.com/BTC+fullsize.png",
      "eventSlug": "btc-updown-5m-1778569800",
      "outcome": "Down",
      "name": "Bonereaper",
      "pseudonym": "Popular-Insurrection",
      "bio": "",
      "profileImage": "",
      "profileImageOptimized": ""
    }
  ],
  "trades": [
    {
      "proxyWallet": "0xeebde7a0e019a63e6b476eb425505b7b3e6eba30",
      "side": "BUY",
      "asset": "86156363572767085796571027340041437155947652227815640820623389932671480673017",
      "conditionId": "0xb39c7582534181002f411999b41f1cc685c4865754a32cb0784877862ee7b8ae",
      "size": 12.15,
      "price": 0.99,
      "timestamp": 1778569990,
      "title": "Bitcoin Up or Down - May 12, 3:10AM-3:15AM ET",
      "slug": "btc-updown-5m-1778569800",
      "icon": "https://polymarket-upload.s3.us-east-2.amazonaws.com/BTC+fullsize.png",
      "eventSlug": "btc-updown-5m-1778569800",
      "outcome": "Up",
      "outcomeIndex": 0,
      "name": "Bonereaper",
      "pseudonym": "Popular-Insurrection",
      "bio": "",
      "profileImage": "",
      "profileImageOptimized": "",
      "transactionHash": "0x3e170987f59be0578b5a9e8951667fa3365f7fff701299744645f19ef5c51c8f"
    },
    {
      "proxyWallet": "0xeebde7a0e019a63e6b476eb425505b7b3e6eba30",
      "side": "BUY",
      "asset": "86156363572767085796571027340041437155947652227815640820623389932671480673017",
      "conditionId": "0xb39c7582534181002f411999b41f1cc685c4865754a32cb0784877862ee7b8ae",
      "size": 100,
      "price": 0.99,
      "timestamp": 1778569985,
      "title": "Bitcoin Up or Down - May 12, 3:10AM-3:15AM ET",
      "slug": "btc-updown-5m-1778569800",
      "icon": "https://polymarket-upload.s3.us-east-2.amazonaws.com/BTC+fullsize.png",
      "eventSlug": "btc-updown-5m-1778569800",
      "outcome": "Up",
      "outcomeIndex": 0,
      "name": "Bonereaper",
      "pseudonym": "Popular-Insurrection",
      "bio": "",
      "profileImage": "",
      "profileImageOptimized": "",
      "transactionHash": "0xddc680c2c94029e956b0fc88636553e161a78875a28c8c33978d9433de272b7d"
    },
    {
      "proxyWallet": "0xeebde7a0e019a63e6b476eb425505b7b3e6eba30",
      "side": "BUY",
      "asset": "86156363572767085796571027340041437155947652227815640820623389932671480673017",
      "conditionId": "0xb39c7582534181002f411999b41f1cc685c4865754a32cb0784877862ee7b8ae",
      "size": 10,
      "price": 0.99,
      "timestamp": 1778569985,
      "title": "Bitcoin Up or Down - May 12, 3:10AM-3:15AM ET",
      "slug": "btc-updown-5m-1778569800",
      "icon": "https://polymarket-upload.s3.us-east-2.amazonaws.com/BTC+fullsize.png",
      "eventSlug": "btc-updown-5m-1778569800",
      "outcome": "Up",
      "outcomeIndex": 0,
      "name": "Bonereaper",
      "pseudonym": "Popular-Insurrection",
      "bio": "",
      "profileImage": "",
      "profileImageOptimized": "",
      "transactionHash": "0x05f6c660fa2afba09d551942daa77404411ae6f71504c636a137feb3eb36b767"
    },
    {
      "proxyWallet": "0xeebde7a0e019a63e6b476eb425505b7b3e6eba30",
      "side": "BUY",
      "asset": "86156363572767085796571027340041437155947652227815640820623389932671480673017",
      "conditionId": "0xb39c7582534181002f411999b41f1cc685c4865754a32cb0784877862ee7b8ae",
      "size": 1.26,
      "price": 0.99,
      "timestamp": 1778569981,
      "title": "Bitcoin Up or Down - May 12, 3:10AM-3:15AM ET",
      "slug": "btc-updown-5m-1778569800",
      "icon": "https://polymarket-upload.s3.us-east-2.amazonaws.com/BTC+fullsize.png",
      "eventSlug": "btc-updown-5m-1778569800",
      "outcome": "Up",
      "outcomeIndex": 0,
      "name": "Bonereaper",
      "pseudonym": "Popular-Insurrection",
      "bio": "",
      "profileImage": "",
      "profileImageOptimized": "",
      "transactionHash": "0xddc13148b80d980b211a2aa81941cb39dd904708b6daffab6fcaf4d2c4a93772"
    },
    {
      "proxyWallet": "0xeebde7a0e019a63e6b476eb425505b7b3e6eba30",
      "side": "BUY",
      "asset": "86156363572767085796571027340041437155947652227815640820623389932671480673017",
      "conditionId": "0xb39c7582534181002f411999b41f1cc685c4865754a32cb0784877862ee7b8ae",
      "size": 5,
      "price": 0.99,
      "timestamp": 1778569980,
      "title": "Bitcoin Up or Down - May 12, 3:10AM-3:15AM ET",
      "slug": "btc-updown-5m-1778569800",
      "icon": "https://polymarket-upload.s3.us-east-2.amazonaws.com/BTC+fullsize.png",
      "eventSlug": "btc-updown-5m-1778569800",
      "outcome": "Up",
      "outcomeIndex": 0,
      "name": "Bonereaper",
      "pseudonym": "Popular-Insurrection",
      "bio": "",
      "profileImage": "",
      "profileImageOptimized": "",
      "transactionHash": "0xc3a890384f5597a36226d4a0483a25f62427d63fa41bae0ea0bb6c52fb6e940f"
    },
    {
      "proxyWallet": "0xeebde7a0e019a63e6b476eb425505b7b3e6eba30",
      "side": "BUY",
      "asset": "86156363572767085796571027340041437155947652227815640820623389932671480673017",
      "conditionId": "0xb39c7582534181002f411999b41f1cc685c4865754a32cb0784877862ee7b8ae",
      "size": 100,
      "price": 0.99,
      "timestamp": 1778569980,
      "title": "Bitcoin Up or Down - May 12, 3:10AM-3:15AM ET",
      "slug": "btc-updown-5m-1778569800",
      "icon": "https://polymarket-upload.s3.us-east-2.amazonaws.com/BTC+fullsize.png",
      "eventSlug": "btc-updown-5m-1778569800",
      "outcome": "Up",
      "outcomeIndex": 0,
      "name": "Bonereaper",
      "pseudonym": "Popular-Insurrection",
      "bio": "",
      "profileImage": "",
      "profileImageOptimized": "",
      "transactionHash": "0x2a416eb2b1073e1fd967a734d65b01f979bd3b48931e4e59fbda45842ea4333e"
    },
    {
      "proxyWallet": "0xeebde7a0e019a63e6b476eb425505b7b3e6eba30",
      "side": "BUY",
      "asset": "86156363572767085796571027340041437155947652227815640820623389932671480673017",
      "conditionId": "0xb39c7582534181002f411999b41f1cc685c4865754a32cb0784877862ee7b8ae",
      "size": 911.53,
      "price": 0.99,
      "timestamp": 1778569980,
      "title": "Bitcoin Up or Down - May 12, 3:10AM-3:15AM ET",
      "slug": "btc-updown-5m-1778569800",
      "icon": "https://polymarket-upload.s3.us-east-2.amazonaws.com/BTC+fullsize.png",
      "eventSlug": "btc-updown-5m-1778569800",
      "outcome": "Up",
      "outcomeIndex": 0,
      "name": "Bonereaper",
      "pseudonym": "Popular-Insurrection",
      "bio": "",
      "profileImage": "",
      "profileImageOptimized": "",
      "transactionHash": "0x81fae93da461c598b9ed82b145edb77beaa1b5a70e47d68bf746c0724ab77334"
    },
    {
      "proxyWallet": "0xeebde7a0e019a63e6b476eb425505b7b3e6eba30",
      "side": "BUY",
      "asset": "86156363572767085796571027340041437155947652227815640820623389932671480673017",
      "conditionId": "0xb39c7582534181002f411999b41f1cc685c4865754a32cb0784877862ee7b8ae",
      "size": 3906.06,
      "price": 0.99,
      "timestamp": 1778569980,
      "title": "Bitcoin Up or Down - May 12, 3:10AM-3:15AM ET",
      "slug": "btc-updown-5m-1778569800",
      "icon": "https://polymarket-upload.s3.us-east-2.amazonaws.com/BTC+fullsize.png",
      "eventSlug": "btc-updown-5m-1778569800",
      "outcome": "Up",
      "outcomeIndex": 0,
      "name": "Bonereaper",
      "pseudonym": "Popular-Insurrection",
      "bio": "",
      "profileImage": "",
      "profileImageOptimized": "",
      "transactionHash": "0x2f8cc8c40547faf7fcfbe0bfa2363f209f2456b168a734ddf195f71764e24c0a"
    },
    {
      "proxyWallet": "0xeebde7a0e019a63e6b476eb425505b7b3e6eba30",
      "side": "BUY",
      "asset": "86156363572767085796571027340041437155947652227815640820623389932671480673017",
      "conditionId": "0xb39c7582534181002f411999b41f1cc685c4865754a32cb0784877862ee7b8ae",
      "size": 5,
      "price": 0.99,
      "timestamp": 1778569980,
      "title": "Bitcoin Up or Down - May 12, 3:10AM-3:15AM ET",
      "slug": "btc-updown-5m-1778569800",
      "icon": "https://polymarket-upload.s3.us-east-2.amazonaws.com/BTC+fullsize.png",
      "eventSlug": "btc-updown-5m-1778569800",
      "outcome": "Up",
      "outcomeIndex": 0,
      "name": "Bonereaper",
      "pseudonym": "Popular-Insurrection",
      "bio": "",
      "profileImage": "",
      "profileImageOptimized": "",
      "transactionHash": "0x3cec13b3e72379f09a49aafe110c3cfa0b5bb54a43804c7d04dedb14a6e3241d"
    },
    {
      "proxyWallet": "0xeebde7a0e019a63e6b476eb425505b7b3e6eba30",
      "side": "BUY",
      "asset": "86156363572767085796571027340041437155947652227815640820623389932671480673017",
      "conditionId": "0xb39c7582534181002f411999b41f1cc685c4865754a32cb0784877862ee7b8ae",
      "size": 33.94,
      "price": 0.94,
      "timestamp": 1778569917,
      "title": "Bitcoin Up or Down - May 12, 3:10AM-3:15AM ET",
      "slug": "btc-updown-5m-1778569800",
      "icon": "https://polymarket-upload.s3.us-east-2.amazonaws.com/BTC+fullsize.png",
      "eventSlug": "btc-updown-5m-1778569800",
      "outcome": "Up",
      "outcomeIndex": 0,
      "name": "Bonereaper",
      "pseudonym": "Popular-Insurrection",
      "bio": "",
      "profileImage": "",
      "profileImageOptimized": "",
      "transactionHash": "0xa1df3aac2d31bcd4986be8fab7fb4f4ee3ad08a551361b5894fe96278ee20046"
    },
    {
      "proxyWallet": "0xeebde7a0e019a63e6b476eb425505b7b3e6eba30",
      "side": "BUY",
      "asset": "86156363572767085796571027340041437155947652227815640820623389932671480673017",
      "conditionId": "0xb39c7582534181002f411999b41f1cc685c4865754a32cb0784877862ee7b8ae",
      "size": 1010,
      "price": 0.9731883168316832,
      "timestamp": 1778569910,
      "title": "Bitcoin Up or Down - May 12, 3:10AM-3:15AM ET",
      "slug": "btc-updown-5m-1778569800",
      "icon": "https://polymarket-upload.s3.us-east-2.amazonaws.com/BTC+fullsize.png",
      "eventSlug": "btc-updown-5m-1778569800",
      "outcome": "Up",
      "outcomeIndex": 0,
      "name": "Bonereaper",
      "pseudonym": "Popular-Insurrection",
      "bio": "",
      "profileImage": "",
      "profileImageOptimized": "",
      "transactionHash": "0x8d298e7312a6ac4e648243bd4ef7e5ece3fa59335ec3334d01e968b6586e9aab"
    },
    {
      "proxyWallet": "0xeebde7a0e019a63e6b476eb425505b7b3e6eba30",
      "side": "BUY",
      "asset": "86156363572767085796571027340041437155947652227815640820623389932671480673017",
      "conditionId": "0xb39c7582534181002f411999b41f1cc685c4865754a32cb0784877862ee7b8ae",
      "size": 510,
      "price": 0.97,
      "timestamp": 1778569908,
      "title": "Bitcoin Up or Down - May 12, 3:10AM-3:15AM ET",
      "slug": "btc-updown-5m-1778569800",
      "icon": "https://polymarket-upload.s3.us-east-2.amazonaws.com/BTC+fullsize.png",
      "eventSlug": "btc-updown-5m-1778569800",
      "outcome": "Up",
      "outcomeIndex": 0,
      "name": "Bonereaper",
      "pseudonym": "Popular-Insurrection",
      "bio": "",
      "profileImage": "",
      "profileImageOptimized": "",
      "transactionHash": "0xc0bfc621d0399782825358225a0e8bfe0d3841abc56280c2a365635efc07a398"
    },
    {
      "proxyWallet": "0xeebde7a0e019a63e6b476eb425505b7b3e6eba30",
      "side": "BUY",
      "asset": "86156363572767085796571027340041437155947652227815640820623389932671480673017",
      "conditionId": "0xb39c7582534181002f411999b41f1cc685c4865754a32cb0784877862ee7b8ae",
      "size": 344,
      "price": 0.97,
      "timestamp": 1778569908,
      "title": "Bitcoin Up or Down - May 12, 3:10AM-3:15AM ET",
      "slug": "btc-updown-5m-1778569800",
      "icon": "https://polymarket-upload.s3.us-east-2.amazonaws.com/BTC+fullsize.png",
      "eventSlug": "btc-updown-5m-1778569800",
      "outcome": "Up",
      "outcomeIndex": 0,
      "name": "Bonereaper",
      "pseudonym": "Popular-Insurrection",
      "bio": "",
      "profileImage": "",
      "profileImageOptimized": "",
      "transactionHash": "0xec27cbdfd10062d14d259fc8ad06b33578a84a14c1fe5a9d354882583cea1e17"
    },
    {
      "proxyWallet": "0xeebde7a0e019a63e6b476eb425505b7b3e6eba30",
      "side": "BUY",
      "asset": "86156363572767085796571027340041437155947652227815640820623389932671480673017",
      "conditionId": "0xb39c7582534181002f411999b41f1cc685c4865754a32cb0784877862ee7b8ae",
      "size": 55.33,
      "price": 0.95,
      "timestamp": 1778569901,
      "title": "Bitcoin Up or Down - May 12, 3:10AM-3:15AM ET",
      "slug": "btc-updown-5m-1778569800",
      "icon": "https://polymarket-upload.s3.us-east-2.amazonaws.com/BTC+fullsize.png",
      "eventSlug": "btc-updown-5m-1778569800",
      "outcome": "Up",
      "outcomeIndex": 0,
      "name": "Bonereaper",
      "pseudonym": "Popular-Insurrection",
      "bio": "",
      "profileImage": "",
      "profileImageOptimized": "",
      "transactionHash": "0x7a7be1a17a838bb30f2935d613f03d43504383248a69b227e75ac1d9a98ddeb4"
    },
    {
      "proxyWallet": "0xeebde7a0e019a63e6b476eb425505b7b3e6eba30",
      "side": "BUY",
      "asset": "86156363572767085796571027340041437155947652227815640820623389932671480673017",
      "conditionId": "0xb39c7582534181002f411999b41f1cc685c4865754a32cb0784877862ee7b8ae",
      "size": 47.99,
      "price": 0.94,
      "timestamp": 1778569901,
      "title": "Bitcoin Up or Down - May 12, 3:10AM-3:15AM ET",
      "slug": "btc-updown-5m-1778569800",
      "icon": "https://polymarket-upload.s3.us-east-2.amazonaws.com/BTC+fullsize.png",
      "eventSlug": "btc-updown-5m-1778569800",
      "outcome": "Up",
      "outcomeIndex": 0,
      "name": "Bonereaper",
      "pseudonym": "Popular-Insurrection",
      "bio": "",
      "profileImage": "",
      "profileImageOptimized": "",
      "transactionHash": "0x0f1e2dc5bd33a4bf103b396f2c991ff76ba2af5f467cc6fc658f822d9faa2f28"
    },
    {
      "proxyWallet": "0xeebde7a0e019a63e6b476eb425505b7b3e6eba30",
      "side": "BUY",
      "asset": "86156363572767085796571027340041437155947652227815640820623389932671480673017",
      "conditionId": "0xb39c7582534181002f411999b41f1cc685c4865754a32cb0784877862ee7b8ae",
      "size": 14.95,
      "price": 0.94,
      "timestamp": 1778569899,
      "title": "Bitcoin Up or Down - May 12, 3:10AM-3:15AM ET",
      "slug": "btc-updown-5m-1778569800",
      "icon": "https://polymarket-upload.s3.us-east-2.amazonaws.com/BTC+fullsize.png",
      "eventSlug": "btc-updown-5m-1778569800",
      "outcome": "Up",
      "outcomeIndex": 0,
      "name": "Bonereaper",
      "pseudonym": "Popular-Insurrection",
      "bio": "",
      "profileImage": "",
      "profileImageOptimized": "",
      "transactionHash": "0x4490e108340bd0b927cdf56c0f2ce8c4fd93f777285b45ab200d6501f37bbcd8"
    },
    {
      "proxyWallet": "0xeebde7a0e019a63e6b476eb425505b7b3e6eba30",
      "side": "BUY",
      "asset": "86156363572767085796571027340041437155947652227815640820623389932671480673017",
      "conditionId": "0xb39c7582534181002f411999b41f1cc685c4865754a32cb0784877862ee7b8ae",
      "size": 16.666665,
      "price": 0.9400000540000054,
      "timestamp": 1778569899,
      "title": "Bitcoin Up or Down - May 12, 3:10AM-3:15AM ET",
      "slug": "btc-updown-5m-1778569800",
      "icon": "https://polymarket-upload.s3.us-east-2.amazonaws.com/BTC+fullsize.png",
      "eventSlug": "btc-updown-5m-1778569800",
      "outcome": "Up",
      "outcomeIndex": 0,
      "name": "Bonereaper",
      "pseudonym": "Popular-Insurrection",
      "bio": "",
      "profileImage": "",
      "profileImageOptimized": "",
      "transactionHash": "0xdc57c0caec6985d10946970d071ffd5f41ec980217b9ed6f72adb311f5d61aa5"
    },
    {
      "proxyWallet": "0xeebde7a0e019a63e6b476eb425505b7b3e6eba30",
      "side": "BUY",
      "asset": "86156363572767085796571027340041437155947652227815640820623389932671480673017",
      "conditionId": "0xb39c7582534181002f411999b41f1cc685c4865754a32cb0784877862ee7b8ae",
      "size": 18.5,
      "price": 0.94,
      "timestamp": 1778569899,
      "title": "Bitcoin Up or Down - May 12, 3:10AM-3:15AM ET",
      "slug": "btc-updown-5m-1778569800",
      "icon": "https://polymarket-upload.s3.us-east-2.amazonaws.com/BTC+fullsize.png",
      "eventSlug": "btc-updown-5m-1778569800",
      "outcome": "Up",
      "outcomeIndex": 0,
      "name": "Bonereaper",
      "pseudonym": "Popular-Insurrection",
      "bio": "",
      "profileImage": "",
      "profileImageOptimized": "",
      "transactionHash": "0x4a145f9175780ecea48f2d0e635cdcd6b55db5fe61f1cf095602dfbb828c10a8"
    },
    {
      "proxyWallet": "0xeebde7a0e019a63e6b476eb425505b7b3e6eba30",
      "side": "BUY",
      "asset": "86156363572767085796571027340041437155947652227815640820623389932671480673017",
      "conditionId": "0xb39c7582534181002f411999b41f1cc685c4865754a32cb0784877862ee7b8ae",
      "size": 17,
      "price": 0.94,
      "timestamp": 1778569899,
      "title": "Bitcoin Up or Down - May 12, 3:10AM-3:15AM ET",
      "slug": "btc-updown-5m-1778569800",
      "icon": "https://polymarket-upload.s3.us-east-2.amazonaws.com/BTC+fullsize.png",
      "eventSlug": "btc-updown-5m-1778569800",
      "outcome": "Up",
      "outcomeIndex": 0,
      "name": "Bonereaper",
      "pseudonym": "Popular-Insurrection",
      "bio": "",
      "profileImage": "",
      "profileImageOptimized": "",
      "transactionHash": "0x29e96c46ef0eb3b715047cfa36c6b5112aa59483d9ca5acd2a30836e18c3f0e0"
    },
    {
      "proxyWallet": "0xeebde7a0e019a63e6b476eb425505b7b3e6eba30",
      "side": "BUY",
      "asset": "86156363572767085796571027340041437155947652227815640820623389932671480673017",
      "conditionId": "0xb39c7582534181002f411999b41f1cc685c4865754a32cb0784877862ee7b8ae",
      "size": 13,
      "price": 0.94,
      "timestamp": 1778569899,
      "title": "Bitcoin Up or Down - May 12, 3:10AM-3:15AM ET",
      "slug": "btc-updown-5m-1778569800",
      "icon": "https://polymarket-upload.s3.us-east-2.amazonaws.com/BTC+fullsize.png",
      "eventSlug": "btc-updown-5m-1778569800",
      "outcome": "Up",
      "outcomeIndex": 0,
      "name": "Bonereaper",
      "pseudonym": "Popular-Insurrection",
      "bio": "",
      "profileImage": "",
      "profileImageOptimized": "",
      "transactionHash": "0x37280c7f49f623eabbf5eb543da9104ab9249ea84e72baeceabd085643541149"
    },
    {
      "proxyWallet": "0xeebde7a0e019a63e6b476eb425505b7b3e6eba30",
      "side": "BUY",
      "asset": "86156363572767085796571027340041437155947652227815640820623389932671480673017",
      "conditionId": "0xb39c7582534181002f411999b41f1cc685c4865754a32cb0784877862ee7b8ae",
      "size": 14.95,
      "price": 0.94,
      "timestamp": 1778569899,
      "title": "Bitcoin Up or Down - May 12, 3:10AM-3:15AM ET",
      "slug": "btc-updown-5m-1778569800",
      "icon": "https://polymarket-upload.s3.us-east-2.amazonaws.com/BTC+fullsize.png",
      "eventSlug": "btc-updown-5m-1778569800",
      "outcome": "Up",
      "outcomeIndex": 0,
      "name": "Bonereaper",
      "pseudonym": "Popular-Insurrection",
      "bio": "",
      "profileImage": "",
      "profileImageOptimized": "",
      "transactionHash": "0x88c1e8bd1e9299c7fc54b2371c7fc368b30bcb3f590e3f3f1a347e3aab968bcf"
    },
    {
      "proxyWallet": "0xeebde7a0e019a63e6b476eb425505b7b3e6eba30",
      "side": "BUY",
      "asset": "86156363572767085796571027340041437155947652227815640820623389932671480673017",
      "conditionId": "0xb39c7582534181002f411999b41f1cc685c4865754a32cb0784877862ee7b8ae",
      "size": 60.75,
      "price": 0.85,
      "timestamp": 1778569883,
      "title": "Bitcoin Up or Down - May 12, 3:10AM-3:15AM ET",
      "slug": "btc-updown-5m-1778569800",
      "icon": "https://polymarket-upload.s3.us-east-2.amazonaws.com/BTC+fullsize.png",
      "eventSlug": "btc-updown-5m-1778569800",
      "outcome": "Up",
      "outcomeIndex": 0,
      "name": "Bonereaper",
      "pseudonym": "Popular-Insurrection",
      "bio": "",
      "profileImage": "",
      "profileImageOptimized": "",
      "transactionHash": "0x705c8a7dece8b823445304cee8a4113d581b87301de908c8389fd9d6becc46d7"
    },
    {
      "proxyWallet": "0xeebde7a0e019a63e6b476eb425505b7b3e6eba30",
      "side": "BUY",
      "asset": "86156363572767085796571027340041437155947652227815640820623389932671480673017",
      "conditionId": "0xb39c7582534181002f411999b41f1cc685c4865754a32cb0784877862ee7b8ae",
      "size": 3.91,
      "price": 0.85,
      "timestamp": 1778569883,
      "title": "Bitcoin Up or Down - May 12, 3:10AM-3:15AM ET",
      "slug": "btc-updown-5m-1778569800",
      "icon": "https://polymarket-upload.s3.us-east-2.amazonaws.com/BTC+fullsize.png",
      "eventSlug": "btc-updown-5m-1778569800",
      "outcome": "Up",
      "outcomeIndex": 0,
      "name": "Bonereaper",
      "pseudonym": "Popular-Insurrection",
      "bio": "",
      "profileImage": "",
      "profileImageOptimized": "",
      "transactionHash": "0xd90bf5985cf64e5a2141a5155912d7413a0e608bece619cd143d1df784f6cd63"
    },
    {
      "proxyWallet": "0xeebde7a0e019a63e6b476eb425505b7b3e6eba30",
      "side": "BUY",
      "asset": "86156363572767085796571027340041437155947652227815640820623389932671480673017",
      "conditionId": "0xb39c7582534181002f411999b41f1cc685c4865754a32cb0784877862ee7b8ae",
      "size": 13.333332,
      "price": 0.850000060000006,
      "timestamp": 1778569883,
      "title": "Bitcoin Up or Down - May 12, 3:10AM-3:15AM ET",
      "slug": "btc-updown-5m-1778569800",
      "icon": "https://polymarket-upload.s3.us-east-2.amazonaws.com/BTC+fullsize.png",
      "eventSlug": "btc-updown-5m-1778569800",
      "outcome": "Up",
      "outcomeIndex": 0,
      "name": "Bonereaper",
      "pseudonym": "Popular-Insurrection",
      "bio": "",
      "profileImage": "",
      "profileImageOptimized": "",
      "transactionHash": "0x623e54cc8646abf2ed1e2a2cebf806155ed26a139cf538235fb75d41da57e80e"
    },
    {
      "proxyWallet": "0xeebde7a0e019a63e6b476eb425505b7b3e6eba30",
      "side": "BUY",
      "asset": "86156363572767085796571027340041437155947652227815640820623389932671480673017",
      "conditionId": "0xb39c7582534181002f411999b41f1cc685c4865754a32cb0784877862ee7b8ae",
      "size": 7.02,
      "price": 0.79,
      "timestamp": 1778569876,
      "title": "Bitcoin Up or Down - May 12, 3:10AM-3:15AM ET",
      "slug": "btc-updown-5m-1778569800",
      "icon": "https://polymarket-upload.s3.us-east-2.amazonaws.com/BTC+fullsize.png",
      "eventSlug": "btc-updown-5m-1778569800",
      "outcome": "Up",
      "outcomeIndex": 0,
      "name": "Bonereaper",
      "pseudonym": "Popular-Insurrection",
      "bio": "",
      "profileImage": "",
      "profileImageOptimized": "",
      "transactionHash": "0x682ac5a9e63136d1b1cbbc4123515357a99a2d48997a65701123e2a05d7dafe2"
    },
    {
      "proxyWallet": "0xeebde7a0e019a63e6b476eb425505b7b3e6eba30",
      "side": "BUY",
      "asset": "86156363572767085796571027340041437155947652227815640820623389932671480673017",
      "conditionId": "0xb39c7582534181002f411999b41f1cc685c4865754a32cb0784877862ee7b8ae",
      "size": 12.98,
      "price": 0.79,
      "timestamp": 1778569875,
      "title": "Bitcoin Up or Down - May 12, 3:10AM-3:15AM ET",
      "slug": "btc-updown-5m-1778569800",
      "icon": "https://polymarket-upload.s3.us-east-2.amazonaws.com/BTC+fullsize.png",
      "eventSlug": "btc-updown-5m-1778569800",
      "outcome": "Up",
      "outcomeIndex": 0,
      "name": "Bonereaper",
      "pseudonym": "Popular-Insurrection",
      "bio": "",
      "profileImage": "",
      "profileImageOptimized": "",
      "transactionHash": "0x405d4a53d67d28da0bde624c8045249dc001f7ef3022052306e10cc382b6cd32"
    },
    {
      "proxyWallet": "0xeebde7a0e019a63e6b476eb425505b7b3e6eba30",
      "side": "BUY",
      "asset": "86156363572767085796571027340041437155947652227815640820623389932671480673017",
      "conditionId": "0xb39c7582534181002f411999b41f1cc685c4865754a32cb0784877862ee7b8ae",
      "size": 10,
      "price": 0.79,
      "timestamp": 1778569875,
      "title": "Bitcoin Up or Down - May 12, 3:10AM-3:15AM ET",
      "slug": "btc-updown-5m-1778569800",
      "icon": "https://polymarket-upload.s3.us-east-2.amazonaws.com/BTC+fullsize.png",
      "eventSlug": "btc-updown-5m-1778569800",
      "outcome": "Up",
      "outcomeIndex": 0,
      "name": "Bonereaper",
      "pseudonym": "Popular-Insurrection",
      "bio": "",
      "profileImage": "",
      "profileImageOptimized": "",
      "transactionHash": "0x5fd1e71026f7dbeb76a5945dcc5d3a5e2751c01a691b57f2807f91ba4874c09b"
    },
    {
      "proxyWallet": "0xeebde7a0e019a63e6b476eb425505b7b3e6eba30",
      "side": "BUY",
      "asset": "86156363572767085796571027340041437155947652227815640820623389932671480673017",
      "conditionId": "0xb39c7582534181002f411999b41f1cc685c4865754a32cb0784877862ee7b8ae",
      "size": 30,
      "price": 0.79,
      "timestamp": 1778569875,
      "title": "Bitcoin Up or Down - May 12, 3:10AM-3:15AM ET",
      "slug": "btc-updown-5m-1778569800",
      "icon": "https://polymarket-upload.s3.us-east-2.amazonaws.com/BTC+fullsize.png",
      "eventSlug": "btc-updown-5m-1778569800",
      "outcome": "Up",
      "outcomeIndex": 0,
      "name": "Bonereaper",
      "pseudonym": "Popular-Insurrection",
      "bio": "",
      "profileImage": "",
      "profileImageOptimized": "",
      "transactionHash": "0xf21dcb05bf1bebc6edc9202613e9f4a2ae12a2888b05827382bf64f2f5328af6"
    },
    {
      "proxyWallet": "0xeebde7a0e019a63e6b476eb425505b7b3e6eba30",
      "side": "BUY",
      "asset": "86156363572767085796571027340041437155947652227815640820623389932671480673017",
      "conditionId": "0xb39c7582534181002f411999b41f1cc685c4865754a32cb0784877862ee7b8ae",
      "size": 3.92,
      "price": 0.78,
      "timestamp": 1778569875,
      "title": "Bitcoin Up or Down - May 12, 3:10AM-3:15AM ET",
      "slug": "btc-updown-5m-1778569800",
      "icon": "https://polymarket-upload.s3.us-east-2.amazonaws.com/BTC+fullsize.png",
      "eventSlug": "btc-updown-5m-1778569800",
      "outcome": "Up",
      "outcomeIndex": 0,
      "name": "Bonereaper",
      "pseudonym": "Popular-Insurrection",
      "bio": "",
      "profileImage": "",
      "profileImageOptimized": "",
      "transactionHash": "0x1cecf1ba0f6293df70048f87452599fa191fe06db29f810ccdf915ad24991b73"
    },
    {
      "proxyWallet": "0xeebde7a0e019a63e6b476eb425505b7b3e6eba30",
      "side": "BUY",
      "asset": "86156363572767085796571027340041437155947652227815640820623389932671480673017",
      "conditionId": "0xb39c7582534181002f411999b41f1cc685c4865754a32cb0784877862ee7b8ae",
      "size": 19.21739,
      "price": 0.5400000208144811,
      "timestamp": 1778569864,
      "title": "Bitcoin Up or Down - May 12, 3:10AM-3:15AM ET",
      "slug": "btc-updown-5m-1778569800",
      "icon": "https://polymarket-upload.s3.us-east-2.amazonaws.com/BTC+fullsize.png",
      "eventSlug": "btc-updown-5m-1778569800",
      "outcome": "Up",
      "outcomeIndex": 0,
      "name": "Bonereaper",
      "pseudonym": "Popular-Insurrection",
      "bio": "",
      "profileImage": "",
      "profileImageOptimized": "",
      "transactionHash": "0x7d7d9a76a771edbbe902b6f011e1cf893e6de88d37bcb67842d275c9cf03340f"
    },
    {
      "proxyWallet": "0xeebde7a0e019a63e6b476eb425505b7b3e6eba30",
      "side": "BUY",
      "asset": "86156363572767085796571027340041437155947652227815640820623389932671480673017",
      "conditionId": "0xb39c7582534181002f411999b41f1cc685c4865754a32cb0784877862ee7b8ae",
      "size": 11.11111,
      "price": 0.5500000450000045,
      "timestamp": 1778569864,
      "title": "Bitcoin Up or Down - May 12, 3:10AM-3:15AM ET",
      "slug": "btc-updown-5m-1778569800",
      "icon": "https://polymarket-upload.s3.us-east-2.amazonaws.com/BTC+fullsize.png",
      "eventSlug": "btc-updown-5m-1778569800",
      "outcome": "Up",
      "outcomeIndex": 0,
      "name": "Bonereaper",
      "pseudonym": "Popular-Insurrection",
      "bio": "",
      "profileImage": "",
      "profileImageOptimized": "",
      "transactionHash": "0x1ab7de98d4c1b73f97204a02dc71c92288bd7dddbd5c7bf17c841d2bc4623c7e"
    },
    {
      "proxyWallet": "0xeebde7a0e019a63e6b476eb425505b7b3e6eba30",
      "side": "BUY",
      "asset": "86156363572767085796571027340041437155947652227815640820623389932671480673017",
      "conditionId": "0xb39c7582534181002f411999b41f1cc685c4865754a32cb0784877862ee7b8ae",
      "size": 2.88,
      "price": 0.54,
      "timestamp": 1778569864,
      "title": "Bitcoin Up or Down - May 12, 3:10AM-3:15AM ET",
      "slug": "btc-updown-5m-1778569800",
      "icon": "https://polymarket-upload.s3.us-east-2.amazonaws.com/BTC+fullsize.png",
      "eventSlug": "btc-updown-5m-1778569800",
      "outcome": "Up",
      "outcomeIndex": 0,
      "name": "Bonereaper",
      "pseudonym": "Popular-Insurrection",
      "bio": "",
      "profileImage": "",
      "profileImageOptimized": "",
      "transactionHash": "0xe52ebeb1ad70a2c3f1208b3e9ca0f179b8e143fde40fb2c4875a93a71b2495bb"
    },
    {
      "proxyWallet": "0xeebde7a0e019a63e6b476eb425505b7b3e6eba30",
      "side": "BUY",
      "asset": "86156363572767085796571027340041437155947652227815640820623389932671480673017",
      "conditionId": "0xb39c7582534181002f411999b41f1cc685c4865754a32cb0784877862ee7b8ae",
      "size": 17.896738,
      "price": 0.54000002682053,
      "timestamp": 1778569864,
      "title": "Bitcoin Up or Down - May 12, 3:10AM-3:15AM ET",
      "slug": "btc-updown-5m-1778569800",
      "icon": "https://polymarket-upload.s3.us-east-2.amazonaws.com/BTC+fullsize.png",
      "eventSlug": "btc-updown-5m-1778569800",
      "outcome": "Up",
      "outcomeIndex": 0,
      "name": "Bonereaper",
      "pseudonym": "Popular-Insurrection",
      "bio": "",
      "profileImage": "",
      "profileImageOptimized": "",
      "transactionHash": "0x146aa9c9bcf378c4e974abd0c1c22fe1411fd5709078d664585c02dd694928f2"
    },
    {
      "proxyWallet": "0xeebde7a0e019a63e6b476eb425505b7b3e6eba30",
      "side": "BUY",
      "asset": "86156363572767085796571027340041437155947652227815640820623389932671480673017",
      "conditionId": "0xb39c7582534181002f411999b41f1cc685c4865754a32cb0784877862ee7b8ae",
      "size": 1.35,
      "price": 0.55,
      "timestamp": 1778569864,
      "title": "Bitcoin Up or Down - May 12, 3:10AM-3:15AM ET",
      "slug": "btc-updown-5m-1778569800",
      "icon": "https://polymarket-upload.s3.us-east-2.amazonaws.com/BTC+fullsize.png",
      "eventSlug": "btc-updown-5m-1778569800",
      "outcome": "Up",
      "outcomeIndex": 0,
      "name": "Bonereaper",
      "pseudonym": "Popular-Insurrection",
      "bio": "",
      "profileImage": "",
      "profileImageOptimized": "",
      "transactionHash": "0x146aa9c9bcf378c4e974abd0c1c22fe1411fd5709078d664585c02dd694928f2"
    },
    {
      "proxyWallet": "0xeebde7a0e019a63e6b476eb425505b7b3e6eba30",
      "side": "BUY",
      "asset": "86156363572767085796571027340041437155947652227815640820623389932671480673017",
      "conditionId": "0xb39c7582534181002f411999b41f1cc685c4865754a32cb0784877862ee7b8ae",
      "size": 5,
      "price": 0.55,
      "timestamp": 1778569864,
      "title": "Bitcoin Up or Down - May 12, 3:10AM-3:15AM ET",
      "slug": "btc-updown-5m-1778569800",
      "icon": "https://polymarket-upload.s3.us-east-2.amazonaws.com/BTC+fullsize.png",
      "eventSlug": "btc-updown-5m-1778569800",
      "outcome": "Up",
      "outcomeIndex": 0,
      "name": "Bonereaper",
      "pseudonym": "Popular-Insurrection",
      "bio": "",
      "profileImage": "",
      "profileImageOptimized": "",
      "transactionHash": "0x2210e6373199b65432fa9f312e25b836c71a44b66d2de783d4e5bd4ec66bb633"
    },
    {
      "proxyWallet": "0xeebde7a0e019a63e6b476eb425505b7b3e6eba30",
      "side": "BUY",
      "asset": "86156363572767085796571027340041437155947652227815640820623389932671480673017",
      "conditionId": "0xb39c7582534181002f411999b41f1cc685c4865754a32cb0784877862ee7b8ae",
      "size": 7.53,
      "price": 0.55,
      "timestamp": 1778569862,
      "title": "Bitcoin Up or Down - May 12, 3:10AM-3:15AM ET",
      "slug": "btc-updown-5m-1778569800",
      "icon": "https://polymarket-upload.s3.us-east-2.amazonaws.com/BTC+fullsize.png",
      "eventSlug": "btc-updown-5m-1778569800",
      "outcome": "Up",
      "outcomeIndex": 0,
      "name": "Bonereaper",
      "pseudonym": "Popular-Insurrection",
      "bio": "",
      "profileImage": "",
      "profileImageOptimized": "",
      "transactionHash": "0xd304d0b477d74409278366b5e17c82df6f8700358884eb344db1e0b9efb85821"
    },
    {
      "proxyWallet": "0xeebde7a0e019a63e6b476eb425505b7b3e6eba30",
      "side": "BUY",
      "asset": "86156363572767085796571027340041437155947652227815640820623389932671480673017",
      "conditionId": "0xb39c7582534181002f411999b41f1cc685c4865754a32cb0784877862ee7b8ae",
      "size": 15,
      "price": 0.55,
      "timestamp": 1778569862,
      "title": "Bitcoin Up or Down - May 12, 3:10AM-3:15AM ET",
      "slug": "btc-updown-5m-1778569800",
      "icon": "https://polymarket-upload.s3.us-east-2.amazonaws.com/BTC+fullsize.png",
      "eventSlug": "btc-updown-5m-1778569800",
      "outcome": "Up",
      "outcomeIndex": 0,
      "name": "Bonereaper",
      "pseudonym": "Popular-Insurrection",
      "bio": "",
      "profileImage": "",
      "profileImageOptimized": "",
      "transactionHash": "0x377b8199c5fc8d5103a1f9389bd94fefe65d934a9d295929b5c0bdbb14665ac6"
    },
    {
      "proxyWallet": "0xeebde7a0e019a63e6b476eb425505b7b3e6eba30",
      "side": "BUY",
      "asset": "86156363572767085796571027340041437155947652227815640820623389932671480673017",
      "conditionId": "0xb39c7582534181002f411999b41f1cc685c4865754a32cb0784877862ee7b8ae",
      "size": 40,
      "price": 0.53,
      "timestamp": 1778569859,
      "title": "Bitcoin Up or Down - May 12, 3:10AM-3:15AM ET",
      "slug": "btc-updown-5m-1778569800",
      "icon": "https://polymarket-upload.s3.us-east-2.amazonaws.com/BTC+fullsize.png",
      "eventSlug": "btc-updown-5m-1778569800",
      "outcome": "Up",
      "outcomeIndex": 0,
      "name": "Bonereaper",
      "pseudonym": "Popular-Insurrection",
      "bio": "",
      "profileImage": "",
      "profileImageOptimized": "",
      "transactionHash": "0xa5614286b76df702bfd475bc3af9d2b4c910cb483abeca2564b09337eec2d5be"
    },
    {
      "proxyWallet": "0xeebde7a0e019a63e6b476eb425505b7b3e6eba30",
      "side": "BUY",
      "asset": "38280211576670087961183474719336090233032797385673339895098266499686251039843",
      "conditionId": "0xb39c7582534181002f411999b41f1cc685c4865754a32cb0784877862ee7b8ae",
      "size": 40,
      "price": 0.48,
      "timestamp": 1778569857,
      "title": "Bitcoin Up or Down - May 12, 3:10AM-3:15AM ET",
      "slug": "btc-updown-5m-1778569800",
      "icon": "https://polymarket-upload.s3.us-east-2.amazonaws.com/BTC+fullsize.png",
      "eventSlug": "btc-updown-5m-1778569800",
      "outcome": "Down",
      "outcomeIndex": 1,
      "name": "Bonereaper",
      "pseudonym": "Popular-Insurrection",
      "bio": "",
      "profileImage": "",
      "profileImageOptimized": "",
      "transactionHash": "0xf763c3694bfcc88b90c8cccfb0dd325cef8184df66fb9b8974f4f63e6bbe40ab"
    },
    {
      "proxyWallet": "0xeebde7a0e019a63e6b476eb425505b7b3e6eba30",
      "side": "BUY",
      "asset": "86156363572767085796571027340041437155947652227815640820623389932671480673017",
      "conditionId": "0xb39c7582534181002f411999b41f1cc685c4865754a32cb0784877862ee7b8ae",
      "size": 40,
      "price": 0.53,
      "timestamp": 1778569852,
      "title": "Bitcoin Up or Down - May 12, 3:10AM-3:15AM ET",
      "slug": "btc-updown-5m-1778569800",
      "icon": "https://polymarket-upload.s3.us-east-2.amazonaws.com/BTC+fullsize.png",
      "eventSlug": "btc-updown-5m-1778569800",
      "outcome": "Up",
      "outcomeIndex": 0,
      "name": "Bonereaper",
      "pseudonym": "Popular-Insurrection",
      "bio": "",
      "profileImage": "",
      "profileImageOptimized": "",
      "transactionHash": "0x2be80f85dcdef6a8f8959caf8aa3be4e66a69b8b671616ce75258b98321bd05a"
    },
    {
      "proxyWallet": "0xeebde7a0e019a63e6b476eb425505b7b3e6eba30",
      "side": "BUY",
      "asset": "86156363572767085796571027340041437155947652227815640820623389932671480673017",
      "conditionId": "0xb39c7582534181002f411999b41f1cc685c4865754a32cb0784877862ee7b8ae",
      "size": 40,
      "price": 0.53,
      "timestamp": 1778569852,
      "title": "Bitcoin Up or Down - May 12, 3:10AM-3:15AM ET",
      "slug": "btc-updown-5m-1778569800",
      "icon": "https://polymarket-upload.s3.us-east-2.amazonaws.com/BTC+fullsize.png",
      "eventSlug": "btc-updown-5m-1778569800",
      "outcome": "Up",
      "outcomeIndex": 0,
      "name": "Bonereaper",
      "pseudonym": "Popular-Insurrection",
      "bio": "",
      "profileImage": "",
      "profileImageOptimized": "",
      "transactionHash": "0x5cb8f5350b04985cbc1bb8d422af9034c3f02692c4c566c6cb92aafe3d485e74"
    },
    {
      "proxyWallet": "0xeebde7a0e019a63e6b476eb425505b7b3e6eba30",
      "side": "BUY",
      "asset": "86156363572767085796571027340041437155947652227815640820623389932671480673017",
      "conditionId": "0xb39c7582534181002f411999b41f1cc685c4865754a32cb0784877862ee7b8ae",
      "size": 39.98,
      "price": 0.53,
      "timestamp": 1778569820,
      "title": "Bitcoin Up or Down - May 12, 3:10AM-3:15AM ET",
      "slug": "btc-updown-5m-1778569800",
      "icon": "https://polymarket-upload.s3.us-east-2.amazonaws.com/BTC+fullsize.png",
      "eventSlug": "btc-updown-5m-1778569800",
      "outcome": "Up",
      "outcomeIndex": 0,
      "name": "Bonereaper",
      "pseudonym": "Popular-Insurrection",
      "bio": "",
      "profileImage": "",
      "profileImageOptimized": "",
      "transactionHash": "0x8025033557eb1b832d37c843a9479f09bd2cc0bed7f4a178327c11b7bf34f8ea"
    },
    {
      "proxyWallet": "0xeebde7a0e019a63e6b476eb425505b7b3e6eba30",
      "side": "BUY",
      "asset": "86156363572767085796571027340041437155947652227815640820623389932671480673017",
      "conditionId": "0xb39c7582534181002f411999b41f1cc685c4865754a32cb0784877862ee7b8ae",
      "size": 32.95,
      "price": 0.52,
      "timestamp": 1778569820,
      "title": "Bitcoin Up or Down - May 12, 3:10AM-3:15AM ET",
      "slug": "btc-updown-5m-1778569800",
      "icon": "https://polymarket-upload.s3.us-east-2.amazonaws.com/BTC+fullsize.png",
      "eventSlug": "btc-updown-5m-1778569800",
      "outcome": "Up",
      "outcomeIndex": 0,
      "name": "Bonereaper",
      "pseudonym": "Popular-Insurrection",
      "bio": "",
      "profileImage": "",
      "profileImageOptimized": "",
      "transactionHash": "0x19cf90e853d43773f24908cc40c1bb53374ceec05d936916b732e92e45ba617b"
    },
    {
      "proxyWallet": "0xeebde7a0e019a63e6b476eb425505b7b3e6eba30",
      "side": "BUY",
      "asset": "86156363572767085796571027340041437155947652227815640820623389932671480673017",
      "conditionId": "0xb39c7582534181002f411999b41f1cc685c4865754a32cb0784877862ee7b8ae",
      "size": 7.041665,
      "price": 0.5200000284023736,
      "timestamp": 1778569820,
      "title": "Bitcoin Up or Down - May 12, 3:10AM-3:15AM ET",
      "slug": "btc-updown-5m-1778569800",
      "icon": "https://polymarket-upload.s3.us-east-2.amazonaws.com/BTC+fullsize.png",
      "eventSlug": "btc-updown-5m-1778569800",
      "outcome": "Up",
      "outcomeIndex": 0,
      "name": "Bonereaper",
      "pseudonym": "Popular-Insurrection",
      "bio": "",
      "profileImage": "",
      "profileImageOptimized": "",
      "transactionHash": "0x564be90cdf8e04e74072fbc0a2a3ebe083f62f3479150ce0aeb741d5b183ffea"
    },
    {
      "proxyWallet": "0xeebde7a0e019a63e6b476eb425505b7b3e6eba30",
      "side": "BUY",
      "asset": "38280211576670087961183474719336090233032797385673339895098266499686251039843",
      "conditionId": "0xb39c7582534181002f411999b41f1cc685c4865754a32cb0784877862ee7b8ae",
      "size": 5,
      "price": 0.48,
      "timestamp": 1778569819,
      "title": "Bitcoin Up or Down - May 12, 3:10AM-3:15AM ET",
      "slug": "btc-updown-5m-1778569800",
      "icon": "https://polymarket-upload.s3.us-east-2.amazonaws.com/BTC+fullsize.png",
      "eventSlug": "btc-updown-5m-1778569800",
      "outcome": "Down",
      "outcomeIndex": 1,
      "name": "Bonereaper",
      "pseudonym": "Popular-Insurrection",
      "bio": "",
      "profileImage": "",
      "profileImageOptimized": "",
      "transactionHash": "0xc813e4690624eb279d51ce7f6ba44814284b4530143b77ef4a7e15ff9ae36b83"
    },
    {
      "proxyWallet": "0xeebde7a0e019a63e6b476eb425505b7b3e6eba30",
      "side": "BUY",
      "asset": "38280211576670087961183474719336090233032797385673339895098266499686251039843",
      "conditionId": "0xb39c7582534181002f411999b41f1cc685c4865754a32cb0784877862ee7b8ae",
      "size": 23.34,
      "price": 0.48,
      "timestamp": 1778569819,
      "title": "Bitcoin Up or Down - May 12, 3:10AM-3:15AM ET",
      "slug": "btc-updown-5m-1778569800",
      "icon": "https://polymarket-upload.s3.us-east-2.amazonaws.com/BTC+fullsize.png",
      "eventSlug": "btc-updown-5m-1778569800",
      "outcome": "Down",
      "outcomeIndex": 1,
      "name": "Bonereaper",
      "pseudonym": "Popular-Insurrection",
      "bio": "",
      "profileImage": "",
      "profileImageOptimized": "",
      "transactionHash": "0x8fccda1893bf765a0bdd8ecb011b308518ec2ddae1213a8065192d0111bacdec"
    },
    {
      "proxyWallet": "0xeebde7a0e019a63e6b476eb425505b7b3e6eba30",
      "side": "BUY",
      "asset": "38280211576670087961183474719336090233032797385673339895098266499686251039843",
      "conditionId": "0xb39c7582534181002f411999b41f1cc685c4865754a32cb0784877862ee7b8ae",
      "size": 15.78,
      "price": 0.48,
      "timestamp": 1778569819,
      "title": "Bitcoin Up or Down - May 12, 3:10AM-3:15AM ET",
      "slug": "btc-updown-5m-1778569800",
      "icon": "https://polymarket-upload.s3.us-east-2.amazonaws.com/BTC+fullsize.png",
      "eventSlug": "btc-updown-5m-1778569800",
      "outcome": "Down",
      "outcomeIndex": 1,
      "name": "Bonereaper",
      "pseudonym": "Popular-Insurrection",
      "bio": "",
      "profileImage": "",
      "profileImageOptimized": "",
      "transactionHash": "0x8fccda1893bf765a0bdd8ecb011b308518ec2ddae1213a8065192d0111bacdec"
    },
    {
      "proxyWallet": "0xeebde7a0e019a63e6b476eb425505b7b3e6eba30",
      "side": "BUY",
      "asset": "38280211576670087961183474719336090233032797385673339895098266499686251039843",
      "conditionId": "0xb39c7582534181002f411999b41f1cc685c4865754a32cb0784877862ee7b8ae",
      "size": 19.211537,
      "price": 0.48000001249249347,
      "timestamp": 1778569819,
      "title": "Bitcoin Up or Down - May 12, 3:10AM-3:15AM ET",
      "slug": "btc-updown-5m-1778569800",
      "icon": "https://polymarket-upload.s3.us-east-2.amazonaws.com/BTC+fullsize.png",
      "eventSlug": "btc-updown-5m-1778569800",
      "outcome": "Down",
      "outcomeIndex": 1,
      "name": "Bonereaper",
      "pseudonym": "Popular-Insurrection",
      "bio": "",
      "profileImage": "",
      "profileImageOptimized": "",
      "transactionHash": "0x9638f0c4181e020b8ffad5d0a93fde57ed572d66a5b9781a2efa11abaff87b5b"
    },
    {
      "proxyWallet": "0xeebde7a0e019a63e6b476eb425505b7b3e6eba30",
      "side": "BUY",
      "asset": "38280211576670087961183474719336090233032797385673339895098266499686251039843",
      "conditionId": "0xb39c7582534181002f411999b41f1cc685c4865754a32cb0784877862ee7b8ae",
      "size": 3.64,
      "price": 0.48,
      "timestamp": 1778569817,
      "title": "Bitcoin Up or Down - May 12, 3:10AM-3:15AM ET",
      "slug": "btc-updown-5m-1778569800",
      "icon": "https://polymarket-upload.s3.us-east-2.amazonaws.com/BTC+fullsize.png",
      "eventSlug": "btc-updown-5m-1778569800",
      "outcome": "Down",
      "outcomeIndex": 1,
      "name": "Bonereaper",
      "pseudonym": "Popular-Insurrection",
      "bio": "",
      "profileImage": "",
      "profileImageOptimized": "",
      "transactionHash": "0x7d5f704c176404fb9fb992e81e7966d3feb0bf37ddf5d8b8abcf2e3ca280615f"
    },
    {
      "proxyWallet": "0xeebde7a0e019a63e6b476eb425505b7b3e6eba30",
      "side": "BUY",
      "asset": "38280211576670087961183474719336090233032797385673339895098266499686251039843",
      "conditionId": "0xb39c7582534181002f411999b41f1cc685c4865754a32cb0784877862ee7b8ae",
      "size": 13.02,
      "price": 0.47,
      "timestamp": 1778569817,
      "title": "Bitcoin Up or Down - May 12, 3:10AM-3:15AM ET",
      "slug": "btc-updown-5m-1778569800",
      "icon": "https://polymarket-upload.s3.us-east-2.amazonaws.com/BTC+fullsize.png",
      "eventSlug": "btc-updown-5m-1778569800",
      "outcome": "Down",
      "outcomeIndex": 1,
      "name": "Bonereaper",
      "pseudonym": "Popular-Insurrection",
      "bio": "",
      "profileImage": "",
      "profileImageOptimized": "",
      "transactionHash": "0xe03f3925ee1befe5313de661f429429928af16455bccf678571598cd8d83b302"
    },
    {
      "proxyWallet": "0xeebde7a0e019a63e6b476eb425505b7b3e6eba30",
      "side": "BUY",
      "asset": "38280211576670087961183474719336090233032797385673339895098266499686251039843",
      "conditionId": "0xb39c7582534181002f411999b41f1cc685c4865754a32cb0784877862ee7b8ae",
      "size": 40,
      "price": 0.49,
      "timestamp": 1778569805,
      "title": "Bitcoin Up or Down - May 12, 3:10AM-3:15AM ET",
      "slug": "btc-updown-5m-1778569800",
      "icon": "https://polymarket-upload.s3.us-east-2.amazonaws.com/BTC+fullsize.png",
      "eventSlug": "btc-updown-5m-1778569800",
      "outcome": "Down",
      "outcomeIndex": 1,
      "name": "Bonereaper",
      "pseudonym": "Popular-Insurrection",
      "bio": "",
      "profileImage": "",
      "profileImageOptimized": "",
      "transactionHash": "0xf6a67c05e5f1498ef1cac224fa88bd4140385e6be002f1c7abe20accdfacba01"
    }
  ],
  "counts": {
    "activity": 52,
    "trades": 51
  }
}