{
  "exported_at_utc": "20260512T140209Z",
  "window_start_unix": 1778587327,
  "window_end_unix": 1778594527,
  "market_condition_ids": [
    "0xd9e5117ade02299d3e211c0c0b8ba9019a652abce525d7f8d44f19e810a91c5b"
  ],
  "gamma_resolved_slugs": [
    "btc-updown-5m-1778591100"
  ],
  "title_contains": null,
  "by_slug": [
    {
      "slug": "btc-updown-5m-1778591100",
      "event_slug": "btc-updown-5m-1778591100",
      "condition_id": "0xd9e5117ade02299d3e211c0c0b8ba9019a652abce525d7f8d44f19e810a91c5b",
      "title": "Bitcoin Up or Down - May 12, 9:05AM-9:10AM ET",
      "activity_count": 40,
      "trades_count": 39
    }
  ],
  "raw_preview": null,
  "orderbooks": null,
  "resolution": {
    "input_address": "0xeebde7a0e019a63e6b476eb425505b7b3e6eba30",
    "query_address": "0xeebde7a0e019a63e6b476eb425505b7b3e6eba30",
    "profile": {
      "createdAt": "2026-03-25T05:55:18.904078Z",
      "proxyWallet": "0xeebde7a0e019a63e6b476eb425505b7b3e6eba30",
      "displayUsernamePublic": true,
      "pseudonym": "Popular-Insurrection",
      "name": "Bonereaper",
      "users": [
        {
          "id": "6943965",
          "creator": false,
          "mod": false,
          "communityMod": false
        }
      ],
      "verifiedBadge": false
    }
  },
  "activity": [
    {
      "proxyWallet": "0xeebde7a0e019a63e6b476eb425505b7b3e6eba30",
      "timestamp": 1778591431,
      "conditionId": "0xd9e5117ade02299d3e211c0c0b8ba9019a652abce525d7f8d44f19e810a91c5b",
      "type": "REDEEM",
      "size": 581.970732,
      "usdcSize": 581.970732,
      "transactionHash": "0x17bf85fbd8a8278a7943f86d1f30e622ed4e435a0491989b451e78c623dd89e5",
      "price": 0,
      "asset": "",
      "side": "",
      "outcomeIndex": 999,
      "title": "Bitcoin Up or Down - May 12, 9:05AM-9:10AM ET",
      "slug": "btc-updown-5m-1778591100",
      "icon": "https://polymarket-upload.s3.us-east-2.amazonaws.com/BTC+fullsize.png",
      "eventSlug": "btc-updown-5m-1778591100",
      "outcome": "",
      "name": "Bonereaper",
      "pseudonym": "Popular-Insurrection",
      "bio": "",
      "profileImage": "",
      "profileImageOptimized": ""
    },
    {
      "proxyWallet": "0xeebde7a0e019a63e6b476eb425505b7b3e6eba30",
      "timestamp": 1778591230,
      "conditionId": "0xd9e5117ade02299d3e211c0c0b8ba9019a652abce525d7f8d44f19e810a91c5b",
      "type": "TRADE",
      "size": 47,
      "usdcSize": 29.91512,
      "transactionHash": "0xc59ba91315f0f6dd91c768dc360e8bb102a95bc7a77cc7dae7288531bab17ecb",
      "price": 0.62,
      "asset": "48441408695903840259681069649624289837108259585244368912826864176550688944561",
      "side": "BUY",
      "outcomeIndex": 0,
      "title": "Bitcoin Up or Down - May 12, 9:05AM-9:10AM ET",
      "slug": "btc-updown-5m-1778591100",
      "icon": "https://polymarket-upload.s3.us-east-2.amazonaws.com/BTC+fullsize.png",
      "eventSlug": "btc-updown-5m-1778591100",
      "outcome": "Up",
      "name": "Bonereaper",
      "pseudonym": "Popular-Insurrection",
      "bio": "",
      "profileImage": "",
      "profileImageOptimized": ""
    },
    {
      "proxyWallet": "0xeebde7a0e019a63e6b476eb425505b7b3e6eba30",
      "timestamp": 1778591230,
      "conditionId": "0xd9e5117ade02299d3e211c0c0b8ba9019a652abce525d7f8d44f19e810a91c5b",
      "type": "TRADE",
      "size": 45,
      "usdcSize": 28.642139999999998,
      "transactionHash": "0xf302af9df237776a29eaf005f3ba4d0903570e64a1d77e61d17ec44a1006166f",
      "price": 0.62,
      "asset": "48441408695903840259681069649624289837108259585244368912826864176550688944561",
      "side": "BUY",
      "outcomeIndex": 0,
      "title": "Bitcoin Up or Down - May 12, 9:05AM-9:10AM ET",
      "slug": "btc-updown-5m-1778591100",
      "icon": "https://polymarket-upload.s3.us-east-2.amazonaws.com/BTC+fullsize.png",
      "eventSlug": "btc-updown-5m-1778591100",
      "outcome": "Up",
      "name": "Bonereaper",
      "pseudonym": "Popular-Insurrection",
      "bio": "",
      "profileImage": "",
      "profileImageOptimized": ""
    },
    {
      "proxyWallet": "0xeebde7a0e019a63e6b476eb425505b7b3e6eba30",
      "timestamp": 1778591230,
      "conditionId": "0xd9e5117ade02299d3e211c0c0b8ba9019a652abce525d7f8d44f19e810a91c5b",
      "type": "TRADE",
      "size": 43,
      "usdcSize": 27.36915,
      "transactionHash": "0xfe8dff3a8ce8f0c556e7bd55cc46fb074cf174c02982f1834ce98315c319e9fb",
      "price": 0.62,
      "asset": "48441408695903840259681069649624289837108259585244368912826864176550688944561",
      "side": "BUY",
      "outcomeIndex": 0,
      "title": "Bitcoin Up or Down - May 12, 9:05AM-9:10AM ET",
      "slug": "btc-updown-5m-1778591100",
      "icon": "https://polymarket-upload.s3.us-east-2.amazonaws.com/BTC+fullsize.png",
      "eventSlug": "btc-updown-5m-1778591100",
      "outcome": "Up",
      "name": "Bonereaper",
      "pseudonym": "Popular-Insurrection",
      "bio": "",
      "profileImage": "",
      "profileImageOptimized": ""
    },
    {
      "proxyWallet": "0xeebde7a0e019a63e6b476eb425505b7b3e6eba30",
      "timestamp": 1778591230,
      "conditionId": "0xd9e5117ade02299d3e211c0c0b8ba9019a652abce525d7f8d44f19e810a91c5b",
      "type": "TRADE",
      "size": 43,
      "usdcSize": 27.22518,
      "transactionHash": "0x9b05e83605b8d340053c4df3a882d11c976d3edda1224e45c418243a12cd07ef",
      "price": 0.6165953488372093,
      "asset": "48441408695903840259681069649624289837108259585244368912826864176550688944561",
      "side": "BUY",
      "outcomeIndex": 0,
      "title": "Bitcoin Up or Down - May 12, 9:05AM-9:10AM ET",
      "slug": "btc-updown-5m-1778591100",
      "icon": "https://polymarket-upload.s3.us-east-2.amazonaws.com/BTC+fullsize.png",
      "eventSlug": "btc-updown-5m-1778591100",
      "outcome": "Up",
      "name": "Bonereaper",
      "pseudonym": "Popular-Insurrection",
      "bio": "",
      "profileImage": "",
      "profileImageOptimized": ""
    },
    {
      "proxyWallet": "0xeebde7a0e019a63e6b476eb425505b7b3e6eba30",
      "timestamp": 1778591223,
      "conditionId": "0xd9e5117ade02299d3e211c0c0b8ba9019a652abce525d7f8d44f19e810a91c5b",
      "type": "TRADE",
      "size": 3.46,
      "usdcSize": 1.3148,
      "transactionHash": "0x37a56d300c6a2892dfc40ab3c01f7f96e4bd0d886aec969484525f9884df3998",
      "price": 0.38,
      "asset": "22402062614305933036970434336604130724215262422977968225939720838958858062292",
      "side": "BUY",
      "outcomeIndex": 1,
      "title": "Bitcoin Up or Down - May 12, 9:05AM-9:10AM ET",
      "slug": "btc-updown-5m-1778591100",
      "icon": "https://polymarket-upload.s3.us-east-2.amazonaws.com/BTC+fullsize.png",
      "eventSlug": "btc-updown-5m-1778591100",
      "outcome": "Down",
      "name": "Bonereaper",
      "pseudonym": "Popular-Insurrection",
      "bio": "",
      "profileImage": "",
      "profileImageOptimized": ""
    },
    {
      "proxyWallet": "0xeebde7a0e019a63e6b476eb425505b7b3e6eba30",
      "timestamp": 1778591223,
      "conditionId": "0xd9e5117ade02299d3e211c0c0b8ba9019a652abce525d7f8d44f19e810a91c5b",
      "type": "TRADE",
      "size": 42,
      "usdcSize": 17.07942,
      "transactionHash": "0x1899cddd875c8d8eedbaf75b672a3ae92a84a99f9008f0a587817836477d0cfe",
      "price": 0.39,
      "asset": "22402062614305933036970434336604130724215262422977968225939720838958858062292",
      "side": "BUY",
      "outcomeIndex": 1,
      "title": "Bitcoin Up or Down - May 12, 9:05AM-9:10AM ET",
      "slug": "btc-updown-5m-1778591100",
      "icon": "https://polymarket-upload.s3.us-east-2.amazonaws.com/BTC+fullsize.png",
      "eventSlug": "btc-updown-5m-1778591100",
      "outcome": "Down",
      "name": "Bonereaper",
      "pseudonym": "Popular-Insurrection",
      "bio": "",
      "profileImage": "",
      "profileImageOptimized": ""
    },
    {
      "proxyWallet": "0xeebde7a0e019a63e6b476eb425505b7b3e6eba30",
      "timestamp": 1778591223,
      "conditionId": "0xd9e5117ade02299d3e211c0c0b8ba9019a652abce525d7f8d44f19e810a91c5b",
      "type": "TRADE",
      "size": 5.161289,
      "usdcSize": 1.96129,
      "transactionHash": "0x1ab60af97245c08b276f04f617f644f5eef63183ac5574ca6e7b9307eaba7759",
      "price": 0.38000003487500894,
      "asset": "22402062614305933036970434336604130724215262422977968225939720838958858062292",
      "side": "BUY",
      "outcomeIndex": 1,
      "title": "Bitcoin Up or Down - May 12, 9:05AM-9:10AM ET",
      "slug": "btc-updown-5m-1778591100",
      "icon": "https://polymarket-upload.s3.us-east-2.amazonaws.com/BTC+fullsize.png",
      "eventSlug": "btc-updown-5m-1778591100",
      "outcome": "Down",
      "name": "Bonereaper",
      "pseudonym": "Popular-Insurrection",
      "bio": "",
      "profileImage": "",
      "profileImageOptimized": ""
    },
    {
      "proxyWallet": "0xeebde7a0e019a63e6b476eb425505b7b3e6eba30",
      "timestamp": 1778591223,
      "conditionId": "0xd9e5117ade02299d3e211c0c0b8ba9019a652abce525d7f8d44f19e810a91c5b",
      "type": "TRADE",
      "size": 8.04,
      "usdcSize": 3.0552,
      "transactionHash": "0x7ee89a4818a8b181eb27a9dc7068299753fbc1f2e625a825167606c77f336cc3",
      "price": 0.38,
      "asset": "22402062614305933036970434336604130724215262422977968225939720838958858062292",
      "side": "BUY",
      "outcomeIndex": 1,
      "title": "Bitcoin Up or Down - May 12, 9:05AM-9:10AM ET",
      "slug": "btc-updown-5m-1778591100",
      "icon": "https://polymarket-upload.s3.us-east-2.amazonaws.com/BTC+fullsize.png",
      "eventSlug": "btc-updown-5m-1778591100",
      "outcome": "Down",
      "name": "Bonereaper",
      "pseudonym": "Popular-Insurrection",
      "bio": "",
      "profileImage": "",
      "profileImageOptimized": ""
    },
    {
      "proxyWallet": "0xeebde7a0e019a63e6b476eb425505b7b3e6eba30",
      "timestamp": 1778591223,
      "conditionId": "0xd9e5117ade02299d3e211c0c0b8ba9019a652abce525d7f8d44f19e810a91c5b",
      "type": "TRADE",
      "size": 42,
      "usdcSize": 16.55096,
      "transactionHash": "0x0ac02341bcfba7852303d02d9ba71d36c8d14a839d358bc07e776cc718f890e8",
      "price": 0.37761904761904763,
      "asset": "22402062614305933036970434336604130724215262422977968225939720838958858062292",
      "side": "BUY",
      "outcomeIndex": 1,
      "title": "Bitcoin Up or Down - May 12, 9:05AM-9:10AM ET",
      "slug": "btc-updown-5m-1778591100",
      "icon": "https://polymarket-upload.s3.us-east-2.amazonaws.com/BTC+fullsize.png",
      "eventSlug": "btc-updown-5m-1778591100",
      "outcome": "Down",
      "name": "Bonereaper",
      "pseudonym": "Popular-Insurrection",
      "bio": "",
      "profileImage": "",
      "profileImageOptimized": ""
    },
    {
      "proxyWallet": "0xeebde7a0e019a63e6b476eb425505b7b3e6eba30",
      "timestamp": 1778591223,
      "conditionId": "0xd9e5117ade02299d3e211c0c0b8ba9019a652abce525d7f8d44f19e810a91c5b",
      "type": "TRADE",
      "size": 42,
      "usdcSize": 17.07942,
      "transactionHash": "0x859f04628410ab8af69c1461f3346a55a65bf2f044f9269f1f2531a78ad5d540",
      "price": 0.39,
      "asset": "22402062614305933036970434336604130724215262422977968225939720838958858062292",
      "side": "BUY",
      "outcomeIndex": 1,
      "title": "Bitcoin Up or Down - May 12, 9:05AM-9:10AM ET",
      "slug": "btc-updown-5m-1778591100",
      "icon": "https://polymarket-upload.s3.us-east-2.amazonaws.com/BTC+fullsize.png",
      "eventSlug": "btc-updown-5m-1778591100",
      "outcome": "Down",
      "name": "Bonereaper",
      "pseudonym": "Popular-Insurrection",
      "bio": "",
      "profileImage": "",
      "profileImageOptimized": ""
    },
    {
      "proxyWallet": "0xeebde7a0e019a63e6b476eb425505b7b3e6eba30",
      "timestamp": 1778591223,
      "conditionId": "0xd9e5117ade02299d3e211c0c0b8ba9019a652abce525d7f8d44f19e810a91c5b",
      "type": "TRADE",
      "size": 25.322578,
      "usdcSize": 9.62258,
      "transactionHash": "0x83faaa4091bec2fab4c0c2819bdd00e8947a3ea1862e7bfd4db9d0dfc2a95f19",
      "price": 0.380000014216562,
      "asset": "22402062614305933036970434336604130724215262422977968225939720838958858062292",
      "side": "BUY",
      "outcomeIndex": 1,
      "title": "Bitcoin Up or Down - May 12, 9:05AM-9:10AM ET",
      "slug": "btc-updown-5m-1778591100",
      "icon": "https://polymarket-upload.s3.us-east-2.amazonaws.com/BTC+fullsize.png",
      "eventSlug": "btc-updown-5m-1778591100",
      "outcome": "Down",
      "name": "Bonereaper",
      "pseudonym": "Popular-Insurrection",
      "bio": "",
      "profileImage": "",
      "profileImageOptimized": ""
    },
    {
      "proxyWallet": "0xeebde7a0e019a63e6b476eb425505b7b3e6eba30",
      "timestamp": 1778591197,
      "conditionId": "0xd9e5117ade02299d3e211c0c0b8ba9019a652abce525d7f8d44f19e810a91c5b",
      "type": "TRADE",
      "size": 20.07,
      "usdcSize": 12.2427,
      "transactionHash": "0x53446f94b915f1abdfea186c9b165d765f04a1c237e68f22dc70931df9461fa5",
      "price": 0.61,
      "asset": "48441408695903840259681069649624289837108259585244368912826864176550688944561",
      "side": "BUY",
      "outcomeIndex": 0,
      "title": "Bitcoin Up or Down - May 12, 9:05AM-9:10AM ET",
      "slug": "btc-updown-5m-1778591100",
      "icon": "https://polymarket-upload.s3.us-east-2.amazonaws.com/BTC+fullsize.png",
      "eventSlug": "btc-updown-5m-1778591100",
      "outcome": "Up",
      "name": "Bonereaper",
      "pseudonym": "Popular-Insurrection",
      "bio": "",
      "profileImage": "",
      "profileImageOptimized": ""
    },
    {
      "proxyWallet": "0xeebde7a0e019a63e6b476eb425505b7b3e6eba30",
      "timestamp": 1778591195,
      "conditionId": "0xd9e5117ade02299d3e211c0c0b8ba9019a652abce525d7f8d44f19e810a91c5b",
      "type": "TRADE",
      "size": 1.923075,
      "usdcSize": 1.173076,
      "transactionHash": "0x15e9802296d69500e840b40457413d592b05e12ffd882a0b660ac9583051d5e2",
      "price": 0.61000013000013,
      "asset": "48441408695903840259681069649624289837108259585244368912826864176550688944561",
      "side": "BUY",
      "outcomeIndex": 0,
      "title": "Bitcoin Up or Down - May 12, 9:05AM-9:10AM ET",
      "slug": "btc-updown-5m-1778591100",
      "icon": "https://polymarket-upload.s3.us-east-2.amazonaws.com/BTC+fullsize.png",
      "eventSlug": "btc-updown-5m-1778591100",
      "outcome": "Up",
      "name": "Bonereaper",
      "pseudonym": "Popular-Insurrection",
      "bio": "",
      "profileImage": "",
      "profileImageOptimized": ""
    },
    {
      "proxyWallet": "0xeebde7a0e019a63e6b476eb425505b7b3e6eba30",
      "timestamp": 1778591195,
      "conditionId": "0xd9e5117ade02299d3e211c0c0b8ba9019a652abce525d7f8d44f19e810a91c5b",
      "type": "TRADE",
      "size": 2,
      "usdcSize": 0.76,
      "transactionHash": "0x0284989cb21fa13777d6993dd8b3b00d91f0eae873b5d949d7c06435052e5a22",
      "price": 0.38,
      "asset": "22402062614305933036970434336604130724215262422977968225939720838958858062292",
      "side": "BUY",
      "outcomeIndex": 1,
      "title": "Bitcoin Up or Down - May 12, 9:05AM-9:10AM ET",
      "slug": "btc-updown-5m-1778591100",
      "icon": "https://polymarket-upload.s3.us-east-2.amazonaws.com/BTC+fullsize.png",
      "eventSlug": "btc-updown-5m-1778591100",
      "outcome": "Down",
      "name": "Bonereaper",
      "pseudonym": "Popular-Insurrection",
      "bio": "",
      "profileImage": "",
      "profileImageOptimized": ""
    },
    {
      "proxyWallet": "0xeebde7a0e019a63e6b476eb425505b7b3e6eba30",
      "timestamp": 1778591195,
      "conditionId": "0xd9e5117ade02299d3e211c0c0b8ba9019a652abce525d7f8d44f19e810a91c5b",
      "type": "TRADE",
      "size": 40,
      "usdcSize": 15.2,
      "transactionHash": "0xbc19bde3ed0e2d6c57ed080cbc89298daef83e25339ff27a96878e6bef1babe2",
      "price": 0.38,
      "asset": "22402062614305933036970434336604130724215262422977968225939720838958858062292",
      "side": "BUY",
      "outcomeIndex": 1,
      "title": "Bitcoin Up or Down - May 12, 9:05AM-9:10AM ET",
      "slug": "btc-updown-5m-1778591100",
      "icon": "https://polymarket-upload.s3.us-east-2.amazonaws.com/BTC+fullsize.png",
      "eventSlug": "btc-updown-5m-1778591100",
      "outcome": "Down",
      "name": "Bonereaper",
      "pseudonym": "Popular-Insurrection",
      "bio": "",
      "profileImage": "",
      "profileImageOptimized": ""
    },
    {
      "proxyWallet": "0xeebde7a0e019a63e6b476eb425505b7b3e6eba30",
      "timestamp": 1778591195,
      "conditionId": "0xd9e5117ade02299d3e211c0c0b8ba9019a652abce525d7f8d44f19e810a91c5b",
      "type": "TRADE",
      "size": 20,
      "usdcSize": 12.336,
      "transactionHash": "0x3e656fb37bfc0b313735f4df65ef79df02838ca8cf61236c9c2030dd99a40ef8",
      "price": 0.6,
      "asset": "48441408695903840259681069649624289837108259585244368912826864176550688944561",
      "side": "BUY",
      "outcomeIndex": 0,
      "title": "Bitcoin Up or Down - May 12, 9:05AM-9:10AM ET",
      "slug": "btc-updown-5m-1778591100",
      "icon": "https://polymarket-upload.s3.us-east-2.amazonaws.com/BTC+fullsize.png",
      "eventSlug": "btc-updown-5m-1778591100",
      "outcome": "Up",
      "name": "Bonereaper",
      "pseudonym": "Popular-Insurrection",
      "bio": "",
      "profileImage": "",
      "profileImageOptimized": ""
    },
    {
      "proxyWallet": "0xeebde7a0e019a63e6b476eb425505b7b3e6eba30",
      "timestamp": 1778591190,
      "conditionId": "0xd9e5117ade02299d3e211c0c0b8ba9019a652abce525d7f8d44f19e810a91c5b",
      "type": "TRADE",
      "size": 41,
      "usdcSize": 22.96,
      "transactionHash": "0xc2abd70d9dcd64f8f8801a36b77378de066a20a81aa806f185a9462b7e672d06",
      "price": 0.56,
      "asset": "48441408695903840259681069649624289837108259585244368912826864176550688944561",
      "side": "BUY",
      "outcomeIndex": 0,
      "title": "Bitcoin Up or Down - May 12, 9:05AM-9:10AM ET",
      "slug": "btc-updown-5m-1778591100",
      "icon": "https://polymarket-upload.s3.us-east-2.amazonaws.com/BTC+fullsize.png",
      "eventSlug": "btc-updown-5m-1778591100",
      "outcome": "Up",
      "name": "Bonereaper",
      "pseudonym": "Popular-Insurrection",
      "bio": "",
      "profileImage": "",
      "profileImageOptimized": ""
    },
    {
      "proxyWallet": "0xeebde7a0e019a63e6b476eb425505b7b3e6eba30",
      "timestamp": 1778591190,
      "conditionId": "0xd9e5117ade02299d3e211c0c0b8ba9019a652abce525d7f8d44f19e810a91c5b",
      "type": "TRADE",
      "size": 41,
      "usdcSize": 22.96,
      "transactionHash": "0xc2abd70d9dcd64f8f8801a36b77378de066a20a81aa806f185a9462b7e672d06",
      "price": 0.56,
      "asset": "48441408695903840259681069649624289837108259585244368912826864176550688944561",
      "side": "BUY",
      "outcomeIndex": 0,
      "title": "Bitcoin Up or Down - May 12, 9:05AM-9:10AM ET",
      "slug": "btc-updown-5m-1778591100",
      "icon": "https://polymarket-upload.s3.us-east-2.amazonaws.com/BTC+fullsize.png",
      "eventSlug": "btc-updown-5m-1778591100",
      "outcome": "Up",
      "name": "Bonereaper",
      "pseudonym": "Popular-Insurrection",
      "bio": "",
      "profileImage": "",
      "profileImageOptimized": ""
    },
    {
      "proxyWallet": "0xeebde7a0e019a63e6b476eb425505b7b3e6eba30",
      "timestamp": 1778591190,
      "conditionId": "0xd9e5117ade02299d3e211c0c0b8ba9019a652abce525d7f8d44f19e810a91c5b",
      "type": "TRADE",
      "size": 41,
      "usdcSize": 22.96,
      "transactionHash": "0xc2abd70d9dcd64f8f8801a36b77378de066a20a81aa806f185a9462b7e672d06",
      "price": 0.56,
      "asset": "48441408695903840259681069649624289837108259585244368912826864176550688944561",
      "side": "BUY",
      "outcomeIndex": 0,
      "title": "Bitcoin Up or Down - May 12, 9:05AM-9:10AM ET",
      "slug": "btc-updown-5m-1778591100",
      "icon": "https://polymarket-upload.s3.us-east-2.amazonaws.com/BTC+fullsize.png",
      "eventSlug": "btc-updown-5m-1778591100",
      "outcome": "Up",
      "name": "Bonereaper",
      "pseudonym": "Popular-Insurrection",
      "bio": "",
      "profileImage": "",
      "profileImageOptimized": ""
    },
    {
      "proxyWallet": "0xeebde7a0e019a63e6b476eb425505b7b3e6eba30",
      "timestamp": 1778591181,
      "conditionId": "0xd9e5117ade02299d3e211c0c0b8ba9019a652abce525d7f8d44f19e810a91c5b",
      "type": "TRADE",
      "size": 10.21,
      "usdcSize": 4.4924,
      "transactionHash": "0xc67ef07d7e7d5eadf01ae2cacfb89086e2249cad1464ac503d0945a005d3d29b",
      "price": 0.44,
      "asset": "22402062614305933036970434336604130724215262422977968225939720838958858062292",
      "side": "BUY",
      "outcomeIndex": 1,
      "title": "Bitcoin Up or Down - May 12, 9:05AM-9:10AM ET",
      "slug": "btc-updown-5m-1778591100",
      "icon": "https://polymarket-upload.s3.us-east-2.amazonaws.com/BTC+fullsize.png",
      "eventSlug": "btc-updown-5m-1778591100",
      "outcome": "Down",
      "name": "Bonereaper",
      "pseudonym": "Popular-Insurrection",
      "bio": "",
      "profileImage": "",
      "profileImageOptimized": ""
    },
    {
      "proxyWallet": "0xeebde7a0e019a63e6b476eb425505b7b3e6eba30",
      "timestamp": 1778591179,
      "conditionId": "0xd9e5117ade02299d3e211c0c0b8ba9019a652abce525d7f8d44f19e810a91c5b",
      "type": "TRADE",
      "size": 41,
      "usdcSize": 18.33343,
      "transactionHash": "0x702209c36c6e236a7f94c039f47eaf881ee71ac300b0387b880bbfc707397464",
      "price": 0.43,
      "asset": "22402062614305933036970434336604130724215262422977968225939720838958858062292",
      "side": "BUY",
      "outcomeIndex": 1,
      "title": "Bitcoin Up or Down - May 12, 9:05AM-9:10AM ET",
      "slug": "btc-updown-5m-1778591100",
      "icon": "https://polymarket-upload.s3.us-east-2.amazonaws.com/BTC+fullsize.png",
      "eventSlug": "btc-updown-5m-1778591100",
      "outcome": "Down",
      "name": "Bonereaper",
      "pseudonym": "Popular-Insurrection",
      "bio": "",
      "profileImage": "",
      "profileImageOptimized": ""
    },
    {
      "proxyWallet": "0xeebde7a0e019a63e6b476eb425505b7b3e6eba30",
      "timestamp": 1778591179,
      "conditionId": "0xd9e5117ade02299d3e211c0c0b8ba9019a652abce525d7f8d44f19e810a91c5b",
      "type": "TRADE",
      "size": 1.785713,
      "usdcSize": 0.785714,
      "transactionHash": "0xcd48458fe2c16e69a1aab5b81bcf1bb4103f6cf4886d6af596cfce77a75559c1",
      "price": 0.4400001568001129,
      "asset": "22402062614305933036970434336604130724215262422977968225939720838958858062292",
      "side": "BUY",
      "outcomeIndex": 1,
      "title": "Bitcoin Up or Down - May 12, 9:05AM-9:10AM ET",
      "slug": "btc-updown-5m-1778591100",
      "icon": "https://polymarket-upload.s3.us-east-2.amazonaws.com/BTC+fullsize.png",
      "eventSlug": "btc-updown-5m-1778591100",
      "outcome": "Down",
      "name": "Bonereaper",
      "pseudonym": "Popular-Insurrection",
      "bio": "",
      "profileImage": "",
      "profileImageOptimized": ""
    },
    {
      "proxyWallet": "0xeebde7a0e019a63e6b476eb425505b7b3e6eba30",
      "timestamp": 1778591179,
      "conditionId": "0xd9e5117ade02299d3e211c0c0b8ba9019a652abce525d7f8d44f19e810a91c5b",
      "type": "TRADE",
      "size": 40,
      "usdcSize": 18.693,
      "transactionHash": "0x344c6db1a7aa8dcf4c07ed8fdab45d07e027c4294c00d319d975379feaba186d",
      "price": 0.45,
      "asset": "22402062614305933036970434336604130724215262422977968225939720838958858062292",
      "side": "BUY",
      "outcomeIndex": 1,
      "title": "Bitcoin Up or Down - May 12, 9:05AM-9:10AM ET",
      "slug": "btc-updown-5m-1778591100",
      "icon": "https://polymarket-upload.s3.us-east-2.amazonaws.com/BTC+fullsize.png",
      "eventSlug": "btc-updown-5m-1778591100",
      "outcome": "Down",
      "name": "Bonereaper",
      "pseudonym": "Popular-Insurrection",
      "bio": "",
      "profileImage": "",
      "profileImageOptimized": ""
    },
    {
      "proxyWallet": "0xeebde7a0e019a63e6b476eb425505b7b3e6eba30",
      "timestamp": 1778591179,
      "conditionId": "0xd9e5117ade02299d3e211c0c0b8ba9019a652abce525d7f8d44f19e810a91c5b",
      "type": "TRADE",
      "size": 5,
      "usdcSize": 2.2,
      "transactionHash": "0x1a2a42bd23920f6a85293270f33bfcfc4240371fd35fe8f4a615ad158c17e97b",
      "price": 0.44,
      "asset": "22402062614305933036970434336604130724215262422977968225939720838958858062292",
      "side": "BUY",
      "outcomeIndex": 1,
      "title": "Bitcoin Up or Down - May 12, 9:05AM-9:10AM ET",
      "slug": "btc-updown-5m-1778591100",
      "icon": "https://polymarket-upload.s3.us-east-2.amazonaws.com/BTC+fullsize.png",
      "eventSlug": "btc-updown-5m-1778591100",
      "outcome": "Down",
      "name": "Bonereaper",
      "pseudonym": "Popular-Insurrection",
      "bio": "",
      "profileImage": "",
      "profileImageOptimized": ""
    },
    {
      "proxyWallet": "0xeebde7a0e019a63e6b476eb425505b7b3e6eba30",
      "timestamp": 1778591179,
      "conditionId": "0xd9e5117ade02299d3e211c0c0b8ba9019a652abce525d7f8d44f19e810a91c5b",
      "type": "TRADE",
      "size": 24,
      "usdcSize": 10.97395,
      "transactionHash": "0x464ef1a7afdf67494203db06eac5268dcd0cc3b16bedae86bf6a2c52a86a1304",
      "price": 0.44,
      "asset": "22402062614305933036970434336604130724215262422977968225939720838958858062292",
      "side": "BUY",
      "outcomeIndex": 1,
      "title": "Bitcoin Up or Down - May 12, 9:05AM-9:10AM ET",
      "slug": "btc-updown-5m-1778591100",
      "icon": "https://polymarket-upload.s3.us-east-2.amazonaws.com/BTC+fullsize.png",
      "eventSlug": "btc-updown-5m-1778591100",
      "outcome": "Down",
      "name": "Bonereaper",
      "pseudonym": "Popular-Insurrection",
      "bio": "",
      "profileImage": "",
      "profileImageOptimized": ""
    },
    {
      "proxyWallet": "0xeebde7a0e019a63e6b476eb425505b7b3e6eba30",
      "timestamp": 1778591172,
      "conditionId": "0xd9e5117ade02299d3e211c0c0b8ba9019a652abce525d7f8d44f19e810a91c5b",
      "type": "TRADE",
      "size": 46,
      "usdcSize": 14.72,
      "transactionHash": "0xb24a5d33e543cb776f57fb9fe4fc6c4c72f17469aaa79ff0570bd7cdfff27543",
      "price": 0.32,
      "asset": "22402062614305933036970434336604130724215262422977968225939720838958858062292",
      "side": "BUY",
      "outcomeIndex": 1,
      "title": "Bitcoin Up or Down - May 12, 9:05AM-9:10AM ET",
      "slug": "btc-updown-5m-1778591100",
      "icon": "https://polymarket-upload.s3.us-east-2.amazonaws.com/BTC+fullsize.png",
      "eventSlug": "btc-updown-5m-1778591100",
      "outcome": "Down",
      "name": "Bonereaper",
      "pseudonym": "Popular-Insurrection",
      "bio": "",
      "profileImage": "",
      "profileImageOptimized": ""
    },
    {
      "proxyWallet": "0xeebde7a0e019a63e6b476eb425505b7b3e6eba30",
      "timestamp": 1778591163,
      "conditionId": "0xd9e5117ade02299d3e211c0c0b8ba9019a652abce525d7f8d44f19e810a91c5b",
      "type": "TRADE",
      "size": 42.37,
      "usdcSize": 28.8116,
      "transactionHash": "0x1e49645e5dffd8255e1c3586a4ef891d6244e29df9265cc8ecc19e83a6a50e49",
      "price": 0.68,
      "asset": "48441408695903840259681069649624289837108259585244368912826864176550688944561",
      "side": "BUY",
      "outcomeIndex": 0,
      "title": "Bitcoin Up or Down - May 12, 9:05AM-9:10AM ET",
      "slug": "btc-updown-5m-1778591100",
      "icon": "https://polymarket-upload.s3.us-east-2.amazonaws.com/BTC+fullsize.png",
      "eventSlug": "btc-updown-5m-1778591100",
      "outcome": "Up",
      "name": "Bonereaper",
      "pseudonym": "Popular-Insurrection",
      "bio": "",
      "profileImage": "",
      "profileImageOptimized": ""
    },
    {
      "proxyWallet": "0xeebde7a0e019a63e6b476eb425505b7b3e6eba30",
      "timestamp": 1778591162,
      "conditionId": "0xd9e5117ade02299d3e211c0c0b8ba9019a652abce525d7f8d44f19e810a91c5b",
      "type": "TRADE",
      "size": 3.63,
      "usdcSize": 2.5236899999999998,
      "transactionHash": "0x3caf6f14552dd8f818f4c8e9432dd350f15da8d06002de3c689ec897349aa1be",
      "price": 0.68,
      "asset": "48441408695903840259681069649624289837108259585244368912826864176550688944561",
      "side": "BUY",
      "outcomeIndex": 0,
      "title": "Bitcoin Up or Down - May 12, 9:05AM-9:10AM ET",
      "slug": "btc-updown-5m-1778591100",
      "icon": "https://polymarket-upload.s3.us-east-2.amazonaws.com/BTC+fullsize.png",
      "eventSlug": "btc-updown-5m-1778591100",
      "outcome": "Up",
      "name": "Bonereaper",
      "pseudonym": "Popular-Insurrection",
      "bio": "",
      "profileImage": "",
      "profileImageOptimized": ""
    },
    {
      "proxyWallet": "0xeebde7a0e019a63e6b476eb425505b7b3e6eba30",
      "timestamp": 1778591156,
      "conditionId": "0xd9e5117ade02299d3e211c0c0b8ba9019a652abce525d7f8d44f19e810a91c5b",
      "type": "TRADE",
      "size": 44,
      "usdcSize": 16.1007,
      "transactionHash": "0xf8e1d958e117ccc983d11fa77fbc4f58748ecba8911ba14c9e550e538edfaf37",
      "price": 0.35,
      "asset": "22402062614305933036970434336604130724215262422977968225939720838958858062292",
      "side": "BUY",
      "outcomeIndex": 1,
      "title": "Bitcoin Up or Down - May 12, 9:05AM-9:10AM ET",
      "slug": "btc-updown-5m-1778591100",
      "icon": "https://polymarket-upload.s3.us-east-2.amazonaws.com/BTC+fullsize.png",
      "eventSlug": "btc-updown-5m-1778591100",
      "outcome": "Down",
      "name": "Bonereaper",
      "pseudonym": "Popular-Insurrection",
      "bio": "",
      "profileImage": "",
      "profileImageOptimized": ""
    },
    {
      "proxyWallet": "0xeebde7a0e019a63e6b476eb425505b7b3e6eba30",
      "timestamp": 1778591139,
      "conditionId": "0xd9e5117ade02299d3e211c0c0b8ba9019a652abce525d7f8d44f19e810a91c5b",
      "type": "TRADE",
      "size": 40,
      "usdcSize": 18.693,
      "transactionHash": "0xd96ffac005021969310e7720ebce53c0a592b3f5cd5273e6895437bb4c35327a",
      "price": 0.45,
      "asset": "48441408695903840259681069649624289837108259585244368912826864176550688944561",
      "side": "BUY",
      "outcomeIndex": 0,
      "title": "Bitcoin Up or Down - May 12, 9:05AM-9:10AM ET",
      "slug": "btc-updown-5m-1778591100",
      "icon": "https://polymarket-upload.s3.us-east-2.amazonaws.com/BTC+fullsize.png",
      "eventSlug": "btc-updown-5m-1778591100",
      "outcome": "Up",
      "name": "Bonereaper",
      "pseudonym": "Popular-Insurrection",
      "bio": "",
      "profileImage": "",
      "profileImageOptimized": ""
    },
    {
      "proxyWallet": "0xeebde7a0e019a63e6b476eb425505b7b3e6eba30",
      "timestamp": 1778591139,
      "conditionId": "0xd9e5117ade02299d3e211c0c0b8ba9019a652abce525d7f8d44f19e810a91c5b",
      "type": "TRADE",
      "size": 17.451152,
      "usdcSize": 8.376553,
      "transactionHash": "0xf276e1f28d6933aae17c18809bf094580ba9a42085306413fdb0c11adf4d2c09",
      "price": 0.4800000022921123,
      "asset": "22402062614305933036970434336604130724215262422977968225939720838958858062292",
      "side": "BUY",
      "outcomeIndex": 1,
      "title": "Bitcoin Up or Down - May 12, 9:05AM-9:10AM ET",
      "slug": "btc-updown-5m-1778591100",
      "icon": "https://polymarket-upload.s3.us-east-2.amazonaws.com/BTC+fullsize.png",
      "eventSlug": "btc-updown-5m-1778591100",
      "outcome": "Down",
      "name": "Bonereaper",
      "pseudonym": "Popular-Insurrection",
      "bio": "",
      "profileImage": "",
      "profileImageOptimized": ""
    },
    {
      "proxyWallet": "0xeebde7a0e019a63e6b476eb425505b7b3e6eba30",
      "timestamp": 1778591139,
      "conditionId": "0xd9e5117ade02299d3e211c0c0b8ba9019a652abce525d7f8d44f19e810a91c5b",
      "type": "TRADE",
      "size": 17.8,
      "usdcSize": 8.544,
      "transactionHash": "0x131905a0a272632c5ce32948d0e1aa1f4da419c7c07a2132cc3a642b43c94cdf",
      "price": 0.48,
      "asset": "22402062614305933036970434336604130724215262422977968225939720838958858062292",
      "side": "BUY",
      "outcomeIndex": 1,
      "title": "Bitcoin Up or Down - May 12, 9:05AM-9:10AM ET",
      "slug": "btc-updown-5m-1778591100",
      "icon": "https://polymarket-upload.s3.us-east-2.amazonaws.com/BTC+fullsize.png",
      "eventSlug": "btc-updown-5m-1778591100",
      "outcome": "Down",
      "name": "Bonereaper",
      "pseudonym": "Popular-Insurrection",
      "bio": "",
      "profileImage": "",
      "profileImageOptimized": ""
    },
    {
      "proxyWallet": "0xeebde7a0e019a63e6b476eb425505b7b3e6eba30",
      "timestamp": 1778591139,
      "conditionId": "0xd9e5117ade02299d3e211c0c0b8ba9019a652abce525d7f8d44f19e810a91c5b",
      "type": "TRADE",
      "size": 16.74,
      "usdcSize": 8.0352,
      "transactionHash": "0xbcc4e7f03878e7b21c008cef27fb7c1026cb04c705ac725b820cf2ed3477707a",
      "price": 0.48,
      "asset": "22402062614305933036970434336604130724215262422977968225939720838958858062292",
      "side": "BUY",
      "outcomeIndex": 1,
      "title": "Bitcoin Up or Down - May 12, 9:05AM-9:10AM ET",
      "slug": "btc-updown-5m-1778591100",
      "icon": "https://polymarket-upload.s3.us-east-2.amazonaws.com/BTC+fullsize.png",
      "eventSlug": "btc-updown-5m-1778591100",
      "outcome": "Down",
      "name": "Bonereaper",
      "pseudonym": "Popular-Insurrection",
      "bio": "",
      "profileImage": "",
      "profileImageOptimized": ""
    },
    {
      "proxyWallet": "0xeebde7a0e019a63e6b476eb425505b7b3e6eba30",
      "timestamp": 1778591139,
      "conditionId": "0xd9e5117ade02299d3e211c0c0b8ba9019a652abce525d7f8d44f19e810a91c5b",
      "type": "TRADE",
      "size": 15.54,
      "usdcSize": 7.77,
      "transactionHash": "0xae79a803b3efe09f29b0b19042b3738594bcfe4ac5f014151fae3109c2d6ea42",
      "price": 0.5,
      "asset": "22402062614305933036970434336604130724215262422977968225939720838958858062292",
      "side": "BUY",
      "outcomeIndex": 1,
      "title": "Bitcoin Up or Down - May 12, 9:05AM-9:10AM ET",
      "slug": "btc-updown-5m-1778591100",
      "icon": "https://polymarket-upload.s3.us-east-2.amazonaws.com/BTC+fullsize.png",
      "eventSlug": "btc-updown-5m-1778591100",
      "outcome": "Down",
      "name": "Bonereaper",
      "pseudonym": "Popular-Insurrection",
      "bio": "",
      "profileImage": "",
      "profileImageOptimized": ""
    },
    {
      "proxyWallet": "0xeebde7a0e019a63e6b476eb425505b7b3e6eba30",
      "timestamp": 1778591139,
      "conditionId": "0xd9e5117ade02299d3e211c0c0b8ba9019a652abce525d7f8d44f19e810a91c5b",
      "type": "TRADE",
      "size": 5.46,
      "usdcSize": 2.6208,
      "transactionHash": "0x48af0bbb72f83ced9d03691cedfb7690fe5593d82d812480efbda6261f3438cf",
      "price": 0.48,
      "asset": "22402062614305933036970434336604130724215262422977968225939720838958858062292",
      "side": "BUY",
      "outcomeIndex": 1,
      "title": "Bitcoin Up or Down - May 12, 9:05AM-9:10AM ET",
      "slug": "btc-updown-5m-1778591100",
      "icon": "https://polymarket-upload.s3.us-east-2.amazonaws.com/BTC+fullsize.png",
      "eventSlug": "btc-updown-5m-1778591100",
      "outcome": "Down",
      "name": "Bonereaper",
      "pseudonym": "Popular-Insurrection",
      "bio": "",
      "profileImage": "",
      "profileImageOptimized": ""
    },
    {
      "proxyWallet": "0xeebde7a0e019a63e6b476eb425505b7b3e6eba30",
      "timestamp": 1778591139,
      "conditionId": "0xd9e5117ade02299d3e211c0c0b8ba9019a652abce525d7f8d44f19e810a91c5b",
      "type": "TRADE",
      "size": 22.54,
      "usdcSize": 10.8192,
      "transactionHash": "0x48af0bbb72f83ced9d03691cedfb7690fe5593d82d812480efbda6261f3438cf",
      "price": 0.48,
      "asset": "22402062614305933036970434336604130724215262422977968225939720838958858062292",
      "side": "BUY",
      "outcomeIndex": 1,
      "title": "Bitcoin Up or Down - May 12, 9:05AM-9:10AM ET",
      "slug": "btc-updown-5m-1778591100",
      "icon": "https://polymarket-upload.s3.us-east-2.amazonaws.com/BTC+fullsize.png",
      "eventSlug": "btc-updown-5m-1778591100",
      "outcome": "Down",
      "name": "Bonereaper",
      "pseudonym": "Popular-Insurrection",
      "bio": "",
      "profileImage": "",
      "profileImageOptimized": ""
    },
    {
      "proxyWallet": "0xeebde7a0e019a63e6b476eb425505b7b3e6eba30",
      "timestamp": 1778591139,
      "conditionId": "0xd9e5117ade02299d3e211c0c0b8ba9019a652abce525d7f8d44f19e810a91c5b",
      "type": "TRADE",
      "size": 24.46,
      "usdcSize": 12.23,
      "transactionHash": "0xcc5e77f1c269e0dee2e5cc30a91b03fc5945f1998fbd98196722b143290c0dd0",
      "price": 0.5,
      "asset": "22402062614305933036970434336604130724215262422977968225939720838958858062292",
      "side": "BUY",
      "outcomeIndex": 1,
      "title": "Bitcoin Up or Down - May 12, 9:05AM-9:10AM ET",
      "slug": "btc-updown-5m-1778591100",
      "icon": "https://polymarket-upload.s3.us-east-2.amazonaws.com/BTC+fullsize.png",
      "eventSlug": "btc-updown-5m-1778591100",
      "outcome": "Down",
      "name": "Bonereaper",
      "pseudonym": "Popular-Insurrection",
      "bio": "",
      "profileImage": "",
      "profileImageOptimized": ""
    },
    {
      "proxyWallet": "0xeebde7a0e019a63e6b476eb425505b7b3e6eba30",
      "timestamp": 1778591137,
      "conditionId": "0xd9e5117ade02299d3e211c0c0b8ba9019a652abce525d7f8d44f19e810a91c5b",
      "type": "TRADE",
      "size": 40,
      "usdcSize": 19.095519999999997,
      "transactionHash": "0xd69cf510462da5b9bb95eb91fda17fe03e914ec838e369f2418b1002b8d7f7ad",
      "price": 0.46,
      "asset": "48441408695903840259681069649624289837108259585244368912826864176550688944561",
      "side": "BUY",
      "outcomeIndex": 0,
      "title": "Bitcoin Up or Down - May 12, 9:05AM-9:10AM ET",
      "slug": "btc-updown-5m-1778591100",
      "icon": "https://polymarket-upload.s3.us-east-2.amazonaws.com/BTC+fullsize.png",
      "eventSlug": "btc-updown-5m-1778591100",
      "outcome": "Up",
      "name": "Bonereaper",
      "pseudonym": "Popular-Insurrection",
      "bio": "",
      "profileImage": "",
      "profileImageOptimized": ""
    },
    {
      "proxyWallet": "0xeebde7a0e019a63e6b476eb425505b7b3e6eba30",
      "timestamp": 1778591114,
      "conditionId": "0xd9e5117ade02299d3e211c0c0b8ba9019a652abce525d7f8d44f19e810a91c5b",
      "type": "TRADE",
      "size": 40,
      "usdcSize": 18.693,
      "transactionHash": "0x57fe1b5a567acee9c78ea92864d200da8fc977c2a37a19e71415c17a0b444689",
      "price": 0.45,
      "asset": "22402062614305933036970434336604130724215262422977968225939720838958858062292",
      "side": "BUY",
      "outcomeIndex": 1,
      "title": "Bitcoin Up or Down - May 12, 9:05AM-9:10AM ET",
      "slug": "btc-updown-5m-1778591100",
      "icon": "https://polymarket-upload.s3.us-east-2.amazonaws.com/BTC+fullsize.png",
      "eventSlug": "btc-updown-5m-1778591100",
      "outcome": "Down",
      "name": "Bonereaper",
      "pseudonym": "Popular-Insurrection",
      "bio": "",
      "profileImage": "",
      "profileImageOptimized": ""
    }
  ],
  "trades": [
    {
      "proxyWallet": "0xeebde7a0e019a63e6b476eb425505b7b3e6eba30",
      "side": "BUY",
      "asset": "48441408695903840259681069649624289837108259585244368912826864176550688944561",
      "conditionId": "0xd9e5117ade02299d3e211c0c0b8ba9019a652abce525d7f8d44f19e810a91c5b",
      "size": 47,
      "price": 0.62,
      "timestamp": 1778591230,
      "title": "Bitcoin Up or Down - May 12, 9:05AM-9:10AM ET",
      "slug": "btc-updown-5m-1778591100",
      "icon": "https://polymarket-upload.s3.us-east-2.amazonaws.com/BTC+fullsize.png",
      "eventSlug": "btc-updown-5m-1778591100",
      "outcome": "Up",
      "outcomeIndex": 0,
      "name": "Bonereaper",
      "pseudonym": "Popular-Insurrection",
      "bio": "",
      "profileImage": "",
      "profileImageOptimized": "",
      "transactionHash": "0xc59ba91315f0f6dd91c768dc360e8bb102a95bc7a77cc7dae7288531bab17ecb"
    },
    {
      "proxyWallet": "0xeebde7a0e019a63e6b476eb425505b7b3e6eba30",
      "side": "BUY",
      "asset": "48441408695903840259681069649624289837108259585244368912826864176550688944561",
      "conditionId": "0xd9e5117ade02299d3e211c0c0b8ba9019a652abce525d7f8d44f19e810a91c5b",
      "size": 45,
      "price": 0.62,
      "timestamp": 1778591230,
      "title": "Bitcoin Up or Down - May 12, 9:05AM-9:10AM ET",
      "slug": "btc-updown-5m-1778591100",
      "icon": "https://polymarket-upload.s3.us-east-2.amazonaws.com/BTC+fullsize.png",
      "eventSlug": "btc-updown-5m-1778591100",
      "outcome": "Up",
      "outcomeIndex": 0,
      "name": "Bonereaper",
      "pseudonym": "Popular-Insurrection",
      "bio": "",
      "profileImage": "",
      "profileImageOptimized": "",
      "transactionHash": "0xf302af9df237776a29eaf005f3ba4d0903570e64a1d77e61d17ec44a1006166f"
    },
    {
      "proxyWallet": "0xeebde7a0e019a63e6b476eb425505b7b3e6eba30",
      "side": "BUY",
      "asset": "48441408695903840259681069649624289837108259585244368912826864176550688944561",
      "conditionId": "0xd9e5117ade02299d3e211c0c0b8ba9019a652abce525d7f8d44f19e810a91c5b",
      "size": 43,
      "price": 0.62,
      "timestamp": 1778591230,
      "title": "Bitcoin Up or Down - May 12, 9:05AM-9:10AM ET",
      "slug": "btc-updown-5m-1778591100",
      "icon": "https://polymarket-upload.s3.us-east-2.amazonaws.com/BTC+fullsize.png",
      "eventSlug": "btc-updown-5m-1778591100",
      "outcome": "Up",
      "outcomeIndex": 0,
      "name": "Bonereaper",
      "pseudonym": "Popular-Insurrection",
      "bio": "",
      "profileImage": "",
      "profileImageOptimized": "",
      "transactionHash": "0xfe8dff3a8ce8f0c556e7bd55cc46fb074cf174c02982f1834ce98315c319e9fb"
    },
    {
      "proxyWallet": "0xeebde7a0e019a63e6b476eb425505b7b3e6eba30",
      "side": "BUY",
      "asset": "48441408695903840259681069649624289837108259585244368912826864176550688944561",
      "conditionId": "0xd9e5117ade02299d3e211c0c0b8ba9019a652abce525d7f8d44f19e810a91c5b",
      "size": 43,
      "price": 0.6165953488372093,
      "timestamp": 1778591230,
      "title": "Bitcoin Up or Down - May 12, 9:05AM-9:10AM ET",
      "slug": "btc-updown-5m-1778591100",
      "icon": "https://polymarket-upload.s3.us-east-2.amazonaws.com/BTC+fullsize.png",
      "eventSlug": "btc-updown-5m-1778591100",
      "outcome": "Up",
      "outcomeIndex": 0,
      "name": "Bonereaper",
      "pseudonym": "Popular-Insurrection",
      "bio": "",
      "profileImage": "",
      "profileImageOptimized": "",
      "transactionHash": "0x9b05e83605b8d340053c4df3a882d11c976d3edda1224e45c418243a12cd07ef"
    },
    {
      "proxyWallet": "0xeebde7a0e019a63e6b476eb425505b7b3e6eba30",
      "side": "BUY",
      "asset": "22402062614305933036970434336604130724215262422977968225939720838958858062292",
      "conditionId": "0xd9e5117ade02299d3e211c0c0b8ba9019a652abce525d7f8d44f19e810a91c5b",
      "size": 3.46,
      "price": 0.38,
      "timestamp": 1778591223,
      "title": "Bitcoin Up or Down - May 12, 9:05AM-9:10AM ET",
      "slug": "btc-updown-5m-1778591100",
      "icon": "https://polymarket-upload.s3.us-east-2.amazonaws.com/BTC+fullsize.png",
      "eventSlug": "btc-updown-5m-1778591100",
      "outcome": "Down",
      "outcomeIndex": 1,
      "name": "Bonereaper",
      "pseudonym": "Popular-Insurrection",
      "bio": "",
      "profileImage": "",
      "profileImageOptimized": "",
      "transactionHash": "0x37a56d300c6a2892dfc40ab3c01f7f96e4bd0d886aec969484525f9884df3998"
    },
    {
      "proxyWallet": "0xeebde7a0e019a63e6b476eb425505b7b3e6eba30",
      "side": "BUY",
      "asset": "22402062614305933036970434336604130724215262422977968225939720838958858062292",
      "conditionId": "0xd9e5117ade02299d3e211c0c0b8ba9019a652abce525d7f8d44f19e810a91c5b",
      "size": 42,
      "price": 0.39,
      "timestamp": 1778591223,
      "title": "Bitcoin Up or Down - May 12, 9:05AM-9:10AM ET",
      "slug": "btc-updown-5m-1778591100",
      "icon": "https://polymarket-upload.s3.us-east-2.amazonaws.com/BTC+fullsize.png",
      "eventSlug": "btc-updown-5m-1778591100",
      "outcome": "Down",
      "outcomeIndex": 1,
      "name": "Bonereaper",
      "pseudonym": "Popular-Insurrection",
      "bio": "",
      "profileImage": "",
      "profileImageOptimized": "",
      "transactionHash": "0x1899cddd875c8d8eedbaf75b672a3ae92a84a99f9008f0a587817836477d0cfe"
    },
    {
      "proxyWallet": "0xeebde7a0e019a63e6b476eb425505b7b3e6eba30",
      "side": "BUY",
      "asset": "22402062614305933036970434336604130724215262422977968225939720838958858062292",
      "conditionId": "0xd9e5117ade02299d3e211c0c0b8ba9019a652abce525d7f8d44f19e810a91c5b",
      "size": 5.161289,
      "price": 0.38000003487500894,
      "timestamp": 1778591223,
      "title": "Bitcoin Up or Down - May 12, 9:05AM-9:10AM ET",
      "slug": "btc-updown-5m-1778591100",
      "icon": "https://polymarket-upload.s3.us-east-2.amazonaws.com/BTC+fullsize.png",
      "eventSlug": "btc-updown-5m-1778591100",
      "outcome": "Down",
      "outcomeIndex": 1,
      "name": "Bonereaper",
      "pseudonym": "Popular-Insurrection",
      "bio": "",
      "profileImage": "",
      "profileImageOptimized": "",
      "transactionHash": "0x1ab60af97245c08b276f04f617f644f5eef63183ac5574ca6e7b9307eaba7759"
    },
    {
      "proxyWallet": "0xeebde7a0e019a63e6b476eb425505b7b3e6eba30",
      "side": "BUY",
      "asset": "22402062614305933036970434336604130724215262422977968225939720838958858062292",
      "conditionId": "0xd9e5117ade02299d3e211c0c0b8ba9019a652abce525d7f8d44f19e810a91c5b",
      "size": 8.04,
      "price": 0.38,
      "timestamp": 1778591223,
      "title": "Bitcoin Up or Down - May 12, 9:05AM-9:10AM ET",
      "slug": "btc-updown-5m-1778591100",
      "icon": "https://polymarket-upload.s3.us-east-2.amazonaws.com/BTC+fullsize.png",
      "eventSlug": "btc-updown-5m-1778591100",
      "outcome": "Down",
      "outcomeIndex": 1,
      "name": "Bonereaper",
      "pseudonym": "Popular-Insurrection",
      "bio": "",
      "profileImage": "",
      "profileImageOptimized": "",
      "transactionHash": "0x7ee89a4818a8b181eb27a9dc7068299753fbc1f2e625a825167606c77f336cc3"
    },
    {
      "proxyWallet": "0xeebde7a0e019a63e6b476eb425505b7b3e6eba30",
      "side": "BUY",
      "asset": "22402062614305933036970434336604130724215262422977968225939720838958858062292",
      "conditionId": "0xd9e5117ade02299d3e211c0c0b8ba9019a652abce525d7f8d44f19e810a91c5b",
      "size": 42,
      "price": 0.37761904761904763,
      "timestamp": 1778591223,
      "title": "Bitcoin Up or Down - May 12, 9:05AM-9:10AM ET",
      "slug": "btc-updown-5m-1778591100",
      "icon": "https://polymarket-upload.s3.us-east-2.amazonaws.com/BTC+fullsize.png",
      "eventSlug": "btc-updown-5m-1778591100",
      "outcome": "Down",
      "outcomeIndex": 1,
      "name": "Bonereaper",
      "pseudonym": "Popular-Insurrection",
      "bio": "",
      "profileImage": "",
      "profileImageOptimized": "",
      "transactionHash": "0x0ac02341bcfba7852303d02d9ba71d36c8d14a839d358bc07e776cc718f890e8"
    },
    {
      "proxyWallet": "0xeebde7a0e019a63e6b476eb425505b7b3e6eba30",
      "side": "BUY",
      "asset": "22402062614305933036970434336604130724215262422977968225939720838958858062292",
      "conditionId": "0xd9e5117ade02299d3e211c0c0b8ba9019a652abce525d7f8d44f19e810a91c5b",
      "size": 42,
      "price": 0.39,
      "timestamp": 1778591223,
      "title": "Bitcoin Up or Down - May 12, 9:05AM-9:10AM ET",
      "slug": "btc-updown-5m-1778591100",
      "icon": "https://polymarket-upload.s3.us-east-2.amazonaws.com/BTC+fullsize.png",
      "eventSlug": "btc-updown-5m-1778591100",
      "outcome": "Down",
      "outcomeIndex": 1,
      "name": "Bonereaper",
      "pseudonym": "Popular-Insurrection",
      "bio": "",
      "profileImage": "",
      "profileImageOptimized": "",
      "transactionHash": "0x859f04628410ab8af69c1461f3346a55a65bf2f044f9269f1f2531a78ad5d540"
    },
    {
      "proxyWallet": "0xeebde7a0e019a63e6b476eb425505b7b3e6eba30",
      "side": "BUY",
      "asset": "22402062614305933036970434336604130724215262422977968225939720838958858062292",
      "conditionId": "0xd9e5117ade02299d3e211c0c0b8ba9019a652abce525d7f8d44f19e810a91c5b",
      "size": 25.322578,
      "price": 0.380000014216562,
      "timestamp": 1778591223,
      "title": "Bitcoin Up or Down - May 12, 9:05AM-9:10AM ET",
      "slug": "btc-updown-5m-1778591100",
      "icon": "https://polymarket-upload.s3.us-east-2.amazonaws.com/BTC+fullsize.png",
      "eventSlug": "btc-updown-5m-1778591100",
      "outcome": "Down",
      "outcomeIndex": 1,
      "name": "Bonereaper",
      "pseudonym": "Popular-Insurrection",
      "bio": "",
      "profileImage": "",
      "profileImageOptimized": "",
      "transactionHash": "0x83faaa4091bec2fab4c0c2819bdd00e8947a3ea1862e7bfd4db9d0dfc2a95f19"
    },
    {
      "proxyWallet": "0xeebde7a0e019a63e6b476eb425505b7b3e6eba30",
      "side": "BUY",
      "asset": "48441408695903840259681069649624289837108259585244368912826864176550688944561",
      "conditionId": "0xd9e5117ade02299d3e211c0c0b8ba9019a652abce525d7f8d44f19e810a91c5b",
      "size": 20.07,
      "price": 0.61,
      "timestamp": 1778591197,
      "title": "Bitcoin Up or Down - May 12, 9:05AM-9:10AM ET",
      "slug": "btc-updown-5m-1778591100",
      "icon": "https://polymarket-upload.s3.us-east-2.amazonaws.com/BTC+fullsize.png",
      "eventSlug": "btc-updown-5m-1778591100",
      "outcome": "Up",
      "outcomeIndex": 0,
      "name": "Bonereaper",
      "pseudonym": "Popular-Insurrection",
      "bio": "",
      "profileImage": "",
      "profileImageOptimized": "",
      "transactionHash": "0x53446f94b915f1abdfea186c9b165d765f04a1c237e68f22dc70931df9461fa5"
    },
    {
      "proxyWallet": "0xeebde7a0e019a63e6b476eb425505b7b3e6eba30",
      "side": "BUY",
      "asset": "48441408695903840259681069649624289837108259585244368912826864176550688944561",
      "conditionId": "0xd9e5117ade02299d3e211c0c0b8ba9019a652abce525d7f8d44f19e810a91c5b",
      "size": 1.923075,
      "price": 0.61000013000013,
      "timestamp": 1778591195,
      "title": "Bitcoin Up or Down - May 12, 9:05AM-9:10AM ET",
      "slug": "btc-updown-5m-1778591100",
      "icon": "https://polymarket-upload.s3.us-east-2.amazonaws.com/BTC+fullsize.png",
      "eventSlug": "btc-updown-5m-1778591100",
      "outcome": "Up",
      "outcomeIndex": 0,
      "name": "Bonereaper",
      "pseudonym": "Popular-Insurrection",
      "bio": "",
      "profileImage": "",
      "profileImageOptimized": "",
      "transactionHash": "0x15e9802296d69500e840b40457413d592b05e12ffd882a0b660ac9583051d5e2"
    },
    {
      "proxyWallet": "0xeebde7a0e019a63e6b476eb425505b7b3e6eba30",
      "side": "BUY",
      "asset": "22402062614305933036970434336604130724215262422977968225939720838958858062292",
      "conditionId": "0xd9e5117ade02299d3e211c0c0b8ba9019a652abce525d7f8d44f19e810a91c5b",
      "size": 2,
      "price": 0.38,
      "timestamp": 1778591195,
      "title": "Bitcoin Up or Down - May 12, 9:05AM-9:10AM ET",
      "slug": "btc-updown-5m-1778591100",
      "icon": "https://polymarket-upload.s3.us-east-2.amazonaws.com/BTC+fullsize.png",
      "eventSlug": "btc-updown-5m-1778591100",
      "outcome": "Down",
      "outcomeIndex": 1,
      "name": "Bonereaper",
      "pseudonym": "Popular-Insurrection",
      "bio": "",
      "profileImage": "",
      "profileImageOptimized": "",
      "transactionHash": "0x0284989cb21fa13777d6993dd8b3b00d91f0eae873b5d949d7c06435052e5a22"
    },
    {
      "proxyWallet": "0xeebde7a0e019a63e6b476eb425505b7b3e6eba30",
      "side": "BUY",
      "asset": "22402062614305933036970434336604130724215262422977968225939720838958858062292",
      "conditionId": "0xd9e5117ade02299d3e211c0c0b8ba9019a652abce525d7f8d44f19e810a91c5b",
      "size": 40,
      "price": 0.38,
      "timestamp": 1778591195,
      "title": "Bitcoin Up or Down - May 12, 9:05AM-9:10AM ET",
      "slug": "btc-updown-5m-1778591100",
      "icon": "https://polymarket-upload.s3.us-east-2.amazonaws.com/BTC+fullsize.png",
      "eventSlug": "btc-updown-5m-1778591100",
      "outcome": "Down",
      "outcomeIndex": 1,
      "name": "Bonereaper",
      "pseudonym": "Popular-Insurrection",
      "bio": "",
      "profileImage": "",
      "profileImageOptimized": "",
      "transactionHash": "0xbc19bde3ed0e2d6c57ed080cbc89298daef83e25339ff27a96878e6bef1babe2"
    },
    {
      "proxyWallet": "0xeebde7a0e019a63e6b476eb425505b7b3e6eba30",
      "side": "BUY",
      "asset": "48441408695903840259681069649624289837108259585244368912826864176550688944561",
      "conditionId": "0xd9e5117ade02299d3e211c0c0b8ba9019a652abce525d7f8d44f19e810a91c5b",
      "size": 20,
      "price": 0.6,
      "timestamp": 1778591195,
      "title": "Bitcoin Up or Down - May 12, 9:05AM-9:10AM ET",
      "slug": "btc-updown-5m-1778591100",
      "icon": "https://polymarket-upload.s3.us-east-2.amazonaws.com/BTC+fullsize.png",
      "eventSlug": "btc-updown-5m-1778591100",
      "outcome": "Up",
      "outcomeIndex": 0,
      "name": "Bonereaper",
      "pseudonym": "Popular-Insurrection",
      "bio": "",
      "profileImage": "",
      "profileImageOptimized": "",
      "transactionHash": "0x3e656fb37bfc0b313735f4df65ef79df02838ca8cf61236c9c2030dd99a40ef8"
    },
    {
      "proxyWallet": "0xeebde7a0e019a63e6b476eb425505b7b3e6eba30",
      "side": "BUY",
      "asset": "48441408695903840259681069649624289837108259585244368912826864176550688944561",
      "conditionId": "0xd9e5117ade02299d3e211c0c0b8ba9019a652abce525d7f8d44f19e810a91c5b",
      "size": 41,
      "price": 0.56,
      "timestamp": 1778591190,
      "title": "Bitcoin Up or Down - May 12, 9:05AM-9:10AM ET",
      "slug": "btc-updown-5m-1778591100",
      "icon": "https://polymarket-upload.s3.us-east-2.amazonaws.com/BTC+fullsize.png",
      "eventSlug": "btc-updown-5m-1778591100",
      "outcome": "Up",
      "outcomeIndex": 0,
      "name": "Bonereaper",
      "pseudonym": "Popular-Insurrection",
      "bio": "",
      "profileImage": "",
      "profileImageOptimized": "",
      "transactionHash": "0xc2abd70d9dcd64f8f8801a36b77378de066a20a81aa806f185a9462b7e672d06"
    },
    {
      "proxyWallet": "0xeebde7a0e019a63e6b476eb425505b7b3e6eba30",
      "side": "BUY",
      "asset": "48441408695903840259681069649624289837108259585244368912826864176550688944561",
      "conditionId": "0xd9e5117ade02299d3e211c0c0b8ba9019a652abce525d7f8d44f19e810a91c5b",
      "size": 41,
      "price": 0.56,
      "timestamp": 1778591190,
      "title": "Bitcoin Up or Down - May 12, 9:05AM-9:10AM ET",
      "slug": "btc-updown-5m-1778591100",
      "icon": "https://polymarket-upload.s3.us-east-2.amazonaws.com/BTC+fullsize.png",
      "eventSlug": "btc-updown-5m-1778591100",
      "outcome": "Up",
      "outcomeIndex": 0,
      "name": "Bonereaper",
      "pseudonym": "Popular-Insurrection",
      "bio": "",
      "profileImage": "",
      "profileImageOptimized": "",
      "transactionHash": "0xc2abd70d9dcd64f8f8801a36b77378de066a20a81aa806f185a9462b7e672d06"
    },
    {
      "proxyWallet": "0xeebde7a0e019a63e6b476eb425505b7b3e6eba30",
      "side": "BUY",
      "asset": "48441408695903840259681069649624289837108259585244368912826864176550688944561",
      "conditionId": "0xd9e5117ade02299d3e211c0c0b8ba9019a652abce525d7f8d44f19e810a91c5b",
      "size": 41,
      "price": 0.56,
      "timestamp": 1778591190,
      "title": "Bitcoin Up or Down - May 12, 9:05AM-9:10AM ET",
      "slug": "btc-updown-5m-1778591100",
      "icon": "https://polymarket-upload.s3.us-east-2.amazonaws.com/BTC+fullsize.png",
      "eventSlug": "btc-updown-5m-1778591100",
      "outcome": "Up",
      "outcomeIndex": 0,
      "name": "Bonereaper",
      "pseudonym": "Popular-Insurrection",
      "bio": "",
      "profileImage": "",
      "profileImageOptimized": "",
      "transactionHash": "0xc2abd70d9dcd64f8f8801a36b77378de066a20a81aa806f185a9462b7e672d06"
    },
    {
      "proxyWallet": "0xeebde7a0e019a63e6b476eb425505b7b3e6eba30",
      "side": "BUY",
      "asset": "22402062614305933036970434336604130724215262422977968225939720838958858062292",
      "conditionId": "0xd9e5117ade02299d3e211c0c0b8ba9019a652abce525d7f8d44f19e810a91c5b",
      "size": 10.21,
      "price": 0.44,
      "timestamp": 1778591181,
      "title": "Bitcoin Up or Down - May 12, 9:05AM-9:10AM ET",
      "slug": "btc-updown-5m-1778591100",
      "icon": "https://polymarket-upload.s3.us-east-2.amazonaws.com/BTC+fullsize.png",
      "eventSlug": "btc-updown-5m-1778591100",
      "outcome": "Down",
      "outcomeIndex": 1,
      "name": "Bonereaper",
      "pseudonym": "Popular-Insurrection",
      "bio": "",
      "profileImage": "",
      "profileImageOptimized": "",
      "transactionHash": "0xc67ef07d7e7d5eadf01ae2cacfb89086e2249cad1464ac503d0945a005d3d29b"
    },
    {
      "proxyWallet": "0xeebde7a0e019a63e6b476eb425505b7b3e6eba30",
      "side": "BUY",
      "asset": "22402062614305933036970434336604130724215262422977968225939720838958858062292",
      "conditionId": "0xd9e5117ade02299d3e211c0c0b8ba9019a652abce525d7f8d44f19e810a91c5b",
      "size": 41,
      "price": 0.43,
      "timestamp": 1778591179,
      "title": "Bitcoin Up or Down - May 12, 9:05AM-9:10AM ET",
      "slug": "btc-updown-5m-1778591100",
      "icon": "https://polymarket-upload.s3.us-east-2.amazonaws.com/BTC+fullsize.png",
      "eventSlug": "btc-updown-5m-1778591100",
      "outcome": "Down",
      "outcomeIndex": 1,
      "name": "Bonereaper",
      "pseudonym": "Popular-Insurrection",
      "bio": "",
      "profileImage": "",
      "profileImageOptimized": "",
      "transactionHash": "0x702209c36c6e236a7f94c039f47eaf881ee71ac300b0387b880bbfc707397464"
    },
    {
      "proxyWallet": "0xeebde7a0e019a63e6b476eb425505b7b3e6eba30",
      "side": "BUY",
      "asset": "22402062614305933036970434336604130724215262422977968225939720838958858062292",
      "conditionId": "0xd9e5117ade02299d3e211c0c0b8ba9019a652abce525d7f8d44f19e810a91c5b",
      "size": 1.785713,
      "price": 0.4400001568001129,
      "timestamp": 1778591179,
      "title": "Bitcoin Up or Down - May 12, 9:05AM-9:10AM ET",
      "slug": "btc-updown-5m-1778591100",
      "icon": "https://polymarket-upload.s3.us-east-2.amazonaws.com/BTC+fullsize.png",
      "eventSlug": "btc-updown-5m-1778591100",
      "outcome": "Down",
      "outcomeIndex": 1,
      "name": "Bonereaper",
      "pseudonym": "Popular-Insurrection",
      "bio": "",
      "profileImage": "",
      "profileImageOptimized": "",
      "transactionHash": "0xcd48458fe2c16e69a1aab5b81bcf1bb4103f6cf4886d6af596cfce77a75559c1"
    },
    {
      "proxyWallet": "0xeebde7a0e019a63e6b476eb425505b7b3e6eba30",
      "side": "BUY",
      "asset": "22402062614305933036970434336604130724215262422977968225939720838958858062292",
      "conditionId": "0xd9e5117ade02299d3e211c0c0b8ba9019a652abce525d7f8d44f19e810a91c5b",
      "size": 40,
      "price": 0.45,
      "timestamp": 1778591179,
      "title": "Bitcoin Up or Down - May 12, 9:05AM-9:10AM ET",
      "slug": "btc-updown-5m-1778591100",
      "icon": "https://polymarket-upload.s3.us-east-2.amazonaws.com/BTC+fullsize.png",
      "eventSlug": "btc-updown-5m-1778591100",
      "outcome": "Down",
      "outcomeIndex": 1,
      "name": "Bonereaper",
      "pseudonym": "Popular-Insurrection",
      "bio": "",
      "profileImage": "",
      "profileImageOptimized": "",
      "transactionHash": "0x344c6db1a7aa8dcf4c07ed8fdab45d07e027c4294c00d319d975379feaba186d"
    },
    {
      "proxyWallet": "0xeebde7a0e019a63e6b476eb425505b7b3e6eba30",
      "side": "BUY",
      "asset": "22402062614305933036970434336604130724215262422977968225939720838958858062292",
      "conditionId": "0xd9e5117ade02299d3e211c0c0b8ba9019a652abce525d7f8d44f19e810a91c5b",
      "size": 5,
      "price": 0.44,
      "timestamp": 1778591179,
      "title": "Bitcoin Up or Down - May 12, 9:05AM-9:10AM ET",
      "slug": "btc-updown-5m-1778591100",
      "icon": "https://polymarket-upload.s3.us-east-2.amazonaws.com/BTC+fullsize.png",
      "eventSlug": "btc-updown-5m-1778591100",
      "outcome": "Down",
      "outcomeIndex": 1,
      "name": "Bonereaper",
      "pseudonym": "Popular-Insurrection",
      "bio": "",
      "profileImage": "",
      "profileImageOptimized": "",
      "transactionHash": "0x1a2a42bd23920f6a85293270f33bfcfc4240371fd35fe8f4a615ad158c17e97b"
    },
    {
      "proxyWallet": "0xeebde7a0e019a63e6b476eb425505b7b3e6eba30",
      "side": "BUY",
      "asset": "22402062614305933036970434336604130724215262422977968225939720838958858062292",
      "conditionId": "0xd9e5117ade02299d3e211c0c0b8ba9019a652abce525d7f8d44f19e810a91c5b",
      "size": 24,
      "price": 0.44,
      "timestamp": 1778591179,
      "title": "Bitcoin Up or Down - May 12, 9:05AM-9:10AM ET",
      "slug": "btc-updown-5m-1778591100",
      "icon": "https://polymarket-upload.s3.us-east-2.amazonaws.com/BTC+fullsize.png",
      "eventSlug": "btc-updown-5m-1778591100",
      "outcome": "Down",
      "outcomeIndex": 1,
      "name": "Bonereaper",
      "pseudonym": "Popular-Insurrection",
      "bio": "",
      "profileImage": "",
      "profileImageOptimized": "",
      "transactionHash": "0x464ef1a7afdf67494203db06eac5268dcd0cc3b16bedae86bf6a2c52a86a1304"
    },
    {
      "proxyWallet": "0xeebde7a0e019a63e6b476eb425505b7b3e6eba30",
      "side": "BUY",
      "asset": "22402062614305933036970434336604130724215262422977968225939720838958858062292",
      "conditionId": "0xd9e5117ade02299d3e211c0c0b8ba9019a652abce525d7f8d44f19e810a91c5b",
      "size": 46,
      "price": 0.32,
      "timestamp": 1778591172,
      "title": "Bitcoin Up or Down - May 12, 9:05AM-9:10AM ET",
      "slug": "btc-updown-5m-1778591100",
      "icon": "https://polymarket-upload.s3.us-east-2.amazonaws.com/BTC+fullsize.png",
      "eventSlug": "btc-updown-5m-1778591100",
      "outcome": "Down",
      "outcomeIndex": 1,
      "name": "Bonereaper",
      "pseudonym": "Popular-Insurrection",
      "bio": "",
      "profileImage": "",
      "profileImageOptimized": "",
      "transactionHash": "0xb24a5d33e543cb776f57fb9fe4fc6c4c72f17469aaa79ff0570bd7cdfff27543"
    },
    {
      "proxyWallet": "0xeebde7a0e019a63e6b476eb425505b7b3e6eba30",
      "side": "BUY",
      "asset": "48441408695903840259681069649624289837108259585244368912826864176550688944561",
      "conditionId": "0xd9e5117ade02299d3e211c0c0b8ba9019a652abce525d7f8d44f19e810a91c5b",
      "size": 42.37,
      "price": 0.68,
      "timestamp": 1778591163,
      "title": "Bitcoin Up or Down - May 12, 9:05AM-9:10AM ET",
      "slug": "btc-updown-5m-1778591100",
      "icon": "https://polymarket-upload.s3.us-east-2.amazonaws.com/BTC+fullsize.png",
      "eventSlug": "btc-updown-5m-1778591100",
      "outcome": "Up",
      "outcomeIndex": 0,
      "name": "Bonereaper",
      "pseudonym": "Popular-Insurrection",
      "bio": "",
      "profileImage": "",
      "profileImageOptimized": "",
      "transactionHash": "0x1e49645e5dffd8255e1c3586a4ef891d6244e29df9265cc8ecc19e83a6a50e49"
    },
    {
      "proxyWallet": "0xeebde7a0e019a63e6b476eb425505b7b3e6eba30",
      "side": "BUY",
      "asset": "48441408695903840259681069649624289837108259585244368912826864176550688944561",
      "conditionId": "0xd9e5117ade02299d3e211c0c0b8ba9019a652abce525d7f8d44f19e810a91c5b",
      "size": 3.63,
      "price": 0.68,
      "timestamp": 1778591162,
      "title": "Bitcoin Up or Down - May 12, 9:05AM-9:10AM ET",
      "slug": "btc-updown-5m-1778591100",
      "icon": "https://polymarket-upload.s3.us-east-2.amazonaws.com/BTC+fullsize.png",
      "eventSlug": "btc-updown-5m-1778591100",
      "outcome": "Up",
      "outcomeIndex": 0,
      "name": "Bonereaper",
      "pseudonym": "Popular-Insurrection",
      "bio": "",
      "profileImage": "",
      "profileImageOptimized": "",
      "transactionHash": "0x3caf6f14552dd8f818f4c8e9432dd350f15da8d06002de3c689ec897349aa1be"
    },
    {
      "proxyWallet": "0xeebde7a0e019a63e6b476eb425505b7b3e6eba30",
      "side": "BUY",
      "asset": "22402062614305933036970434336604130724215262422977968225939720838958858062292",
      "conditionId": "0xd9e5117ade02299d3e211c0c0b8ba9019a652abce525d7f8d44f19e810a91c5b",
      "size": 44,
      "price": 0.35,
      "timestamp": 1778591156,
      "title": "Bitcoin Up or Down - May 12, 9:05AM-9:10AM ET",
      "slug": "btc-updown-5m-1778591100",
      "icon": "https://polymarket-upload.s3.us-east-2.amazonaws.com/BTC+fullsize.png",
      "eventSlug": "btc-updown-5m-1778591100",
      "outcome": "Down",
      "outcomeIndex": 1,
      "name": "Bonereaper",
      "pseudonym": "Popular-Insurrection",
      "bio": "",
      "profileImage": "",
      "profileImageOptimized": "",
      "transactionHash": "0xf8e1d958e117ccc983d11fa77fbc4f58748ecba8911ba14c9e550e538edfaf37"
    },
    {
      "proxyWallet": "0xeebde7a0e019a63e6b476eb425505b7b3e6eba30",
      "side": "BUY",
      "asset": "48441408695903840259681069649624289837108259585244368912826864176550688944561",
      "conditionId": "0xd9e5117ade02299d3e211c0c0b8ba9019a652abce525d7f8d44f19e810a91c5b",
      "size": 40,
      "price": 0.45,
      "timestamp": 1778591139,
      "title": "Bitcoin Up or Down - May 12, 9:05AM-9:10AM ET",
      "slug": "btc-updown-5m-1778591100",
      "icon": "https://polymarket-upload.s3.us-east-2.amazonaws.com/BTC+fullsize.png",
      "eventSlug": "btc-updown-5m-1778591100",
      "outcome": "Up",
      "outcomeIndex": 0,
      "name": "Bonereaper",
      "pseudonym": "Popular-Insurrection",
      "bio": "",
      "profileImage": "",
      "profileImageOptimized": "",
      "transactionHash": "0xd96ffac005021969310e7720ebce53c0a592b3f5cd5273e6895437bb4c35327a"
    },
    {
      "proxyWallet": "0xeebde7a0e019a63e6b476eb425505b7b3e6eba30",
      "side": "BUY",
      "asset": "22402062614305933036970434336604130724215262422977968225939720838958858062292",
      "conditionId": "0xd9e5117ade02299d3e211c0c0b8ba9019a652abce525d7f8d44f19e810a91c5b",
      "size": 17.451152,
      "price": 0.4800000022921123,
      "timestamp": 1778591139,
      "title": "Bitcoin Up or Down - May 12, 9:05AM-9:10AM ET",
      "slug": "btc-updown-5m-1778591100",
      "icon": "https://polymarket-upload.s3.us-east-2.amazonaws.com/BTC+fullsize.png",
      "eventSlug": "btc-updown-5m-1778591100",
      "outcome": "Down",
      "outcomeIndex": 1,
      "name": "Bonereaper",
      "pseudonym": "Popular-Insurrection",
      "bio": "",
      "profileImage": "",
      "profileImageOptimized": "",
      "transactionHash": "0xf276e1f28d6933aae17c18809bf094580ba9a42085306413fdb0c11adf4d2c09"
    },
    {
      "proxyWallet": "0xeebde7a0e019a63e6b476eb425505b7b3e6eba30",
      "side": "BUY",
      "asset": "22402062614305933036970434336604130724215262422977968225939720838958858062292",
      "conditionId": "0xd9e5117ade02299d3e211c0c0b8ba9019a652abce525d7f8d44f19e810a91c5b",
      "size": 17.8,
      "price": 0.48,
      "timestamp": 1778591139,
      "title": "Bitcoin Up or Down - May 12, 9:05AM-9:10AM ET",
      "slug": "btc-updown-5m-1778591100",
      "icon": "https://polymarket-upload.s3.us-east-2.amazonaws.com/BTC+fullsize.png",
      "eventSlug": "btc-updown-5m-1778591100",
      "outcome": "Down",
      "outcomeIndex": 1,
      "name": "Bonereaper",
      "pseudonym": "Popular-Insurrection",
      "bio": "",
      "profileImage": "",
      "profileImageOptimized": "",
      "transactionHash": "0x131905a0a272632c5ce32948d0e1aa1f4da419c7c07a2132cc3a642b43c94cdf"
    },
    {
      "proxyWallet": "0xeebde7a0e019a63e6b476eb425505b7b3e6eba30",
      "side": "BUY",
      "asset": "22402062614305933036970434336604130724215262422977968225939720838958858062292",
      "conditionId": "0xd9e5117ade02299d3e211c0c0b8ba9019a652abce525d7f8d44f19e810a91c5b",
      "size": 16.74,
      "price": 0.48,
      "timestamp": 1778591139,
      "title": "Bitcoin Up or Down - May 12, 9:05AM-9:10AM ET",
      "slug": "btc-updown-5m-1778591100",
      "icon": "https://polymarket-upload.s3.us-east-2.amazonaws.com/BTC+fullsize.png",
      "eventSlug": "btc-updown-5m-1778591100",
      "outcome": "Down",
      "outcomeIndex": 1,
      "name": "Bonereaper",
      "pseudonym": "Popular-Insurrection",
      "bio": "",
      "profileImage": "",
      "profileImageOptimized": "",
      "transactionHash": "0xbcc4e7f03878e7b21c008cef27fb7c1026cb04c705ac725b820cf2ed3477707a"
    },
    {
      "proxyWallet": "0xeebde7a0e019a63e6b476eb425505b7b3e6eba30",
      "side": "BUY",
      "asset": "22402062614305933036970434336604130724215262422977968225939720838958858062292",
      "conditionId": "0xd9e5117ade02299d3e211c0c0b8ba9019a652abce525d7f8d44f19e810a91c5b",
      "size": 15.54,
      "price": 0.5,
      "timestamp": 1778591139,
      "title": "Bitcoin Up or Down - May 12, 9:05AM-9:10AM ET",
      "slug": "btc-updown-5m-1778591100",
      "icon": "https://polymarket-upload.s3.us-east-2.amazonaws.com/BTC+fullsize.png",
      "eventSlug": "btc-updown-5m-1778591100",
      "outcome": "Down",
      "outcomeIndex": 1,
      "name": "Bonereaper",
      "pseudonym": "Popular-Insurrection",
      "bio": "",
      "profileImage": "",
      "profileImageOptimized": "",
      "transactionHash": "0xae79a803b3efe09f29b0b19042b3738594bcfe4ac5f014151fae3109c2d6ea42"
    },
    {
      "proxyWallet": "0xeebde7a0e019a63e6b476eb425505b7b3e6eba30",
      "side": "BUY",
      "asset": "22402062614305933036970434336604130724215262422977968225939720838958858062292",
      "conditionId": "0xd9e5117ade02299d3e211c0c0b8ba9019a652abce525d7f8d44f19e810a91c5b",
      "size": 5.46,
      "price": 0.48,
      "timestamp": 1778591139,
      "title": "Bitcoin Up or Down - May 12, 9:05AM-9:10AM ET",
      "slug": "btc-updown-5m-1778591100",
      "icon": "https://polymarket-upload.s3.us-east-2.amazonaws.com/BTC+fullsize.png",
      "eventSlug": "btc-updown-5m-1778591100",
      "outcome": "Down",
      "outcomeIndex": 1,
      "name": "Bonereaper",
      "pseudonym": "Popular-Insurrection",
      "bio": "",
      "profileImage": "",
      "profileImageOptimized": "",
      "transactionHash": "0x48af0bbb72f83ced9d03691cedfb7690fe5593d82d812480efbda6261f3438cf"
    },
    {
      "proxyWallet": "0xeebde7a0e019a63e6b476eb425505b7b3e6eba30",
      "side": "BUY",
      "asset": "22402062614305933036970434336604130724215262422977968225939720838958858062292",
      "conditionId": "0xd9e5117ade02299d3e211c0c0b8ba9019a652abce525d7f8d44f19e810a91c5b",
      "size": 22.54,
      "price": 0.48,
      "timestamp": 1778591139,
      "title": "Bitcoin Up or Down - May 12, 9:05AM-9:10AM ET",
      "slug": "btc-updown-5m-1778591100",
      "icon": "https://polymarket-upload.s3.us-east-2.amazonaws.com/BTC+fullsize.png",
      "eventSlug": "btc-updown-5m-1778591100",
      "outcome": "Down",
      "outcomeIndex": 1,
      "name": "Bonereaper",
      "pseudonym": "Popular-Insurrection",
      "bio": "",
      "profileImage": "",
      "profileImageOptimized": "",
      "transactionHash": "0x48af0bbb72f83ced9d03691cedfb7690fe5593d82d812480efbda6261f3438cf"
    },
    {
      "proxyWallet": "0xeebde7a0e019a63e6b476eb425505b7b3e6eba30",
      "side": "BUY",
      "asset": "22402062614305933036970434336604130724215262422977968225939720838958858062292",
      "conditionId": "0xd9e5117ade02299d3e211c0c0b8ba9019a652abce525d7f8d44f19e810a91c5b",
      "size": 24.46,
      "price": 0.5,
      "timestamp": 1778591139,
      "title": "Bitcoin Up or Down - May 12, 9:05AM-9:10AM ET",
      "slug": "btc-updown-5m-1778591100",
      "icon": "https://polymarket-upload.s3.us-east-2.amazonaws.com/BTC+fullsize.png",
      "eventSlug": "btc-updown-5m-1778591100",
      "outcome": "Down",
      "outcomeIndex": 1,
      "name": "Bonereaper",
      "pseudonym": "Popular-Insurrection",
      "bio": "",
      "profileImage": "",
      "profileImageOptimized": "",
      "transactionHash": "0xcc5e77f1c269e0dee2e5cc30a91b03fc5945f1998fbd98196722b143290c0dd0"
    },
    {
      "proxyWallet": "0xeebde7a0e019a63e6b476eb425505b7b3e6eba30",
      "side": "BUY",
      "asset": "48441408695903840259681069649624289837108259585244368912826864176550688944561",
      "conditionId": "0xd9e5117ade02299d3e211c0c0b8ba9019a652abce525d7f8d44f19e810a91c5b",
      "size": 40,
      "price": 0.46,
      "timestamp": 1778591137,
      "title": "Bitcoin Up or Down - May 12, 9:05AM-9:10AM ET",
      "slug": "btc-updown-5m-1778591100",
      "icon": "https://polymarket-upload.s3.us-east-2.amazonaws.com/BTC+fullsize.png",
      "eventSlug": "btc-updown-5m-1778591100",
      "outcome": "Up",
      "outcomeIndex": 0,
      "name": "Bonereaper",
      "pseudonym": "Popular-Insurrection",
      "bio": "",
      "profileImage": "",
      "profileImageOptimized": "",
      "transactionHash": "0xd69cf510462da5b9bb95eb91fda17fe03e914ec838e369f2418b1002b8d7f7ad"
    },
    {
      "proxyWallet": "0xeebde7a0e019a63e6b476eb425505b7b3e6eba30",
      "side": "BUY",
      "asset": "22402062614305933036970434336604130724215262422977968225939720838958858062292",
      "conditionId": "0xd9e5117ade02299d3e211c0c0b8ba9019a652abce525d7f8d44f19e810a91c5b",
      "size": 40,
      "price": 0.45,
      "timestamp": 1778591114,
      "title": "Bitcoin Up or Down - May 12, 9:05AM-9:10AM ET",
      "slug": "btc-updown-5m-1778591100",
      "icon": "https://polymarket-upload.s3.us-east-2.amazonaws.com/BTC+fullsize.png",
      "eventSlug": "btc-updown-5m-1778591100",
      "outcome": "Down",
      "outcomeIndex": 1,
      "name": "Bonereaper",
      "pseudonym": "Popular-Insurrection",
      "bio": "",
      "profileImage": "",
      "profileImageOptimized": "",
      "transactionHash": "0x57fe1b5a567acee9c78ea92864d200da8fc977c2a37a19e71415c17a0b444689"
    }
  ],
  "counts": {
    "activity": 40,
    "trades": 39
  }
}